2022-01-02 10:19:24,100 - main.py[line:45] - INFO: dataset: beibei
2022-01-02 10:19:24,100 - main.py[line:46] - INFO: n_users: 21716
2022-01-02 10:19:24,100 - main.py[line:47] - INFO: n_items: 7977
2022-01-02 10:19:24,100 - main.py[line:48] - INFO: n_behaviors: 4
2022-01-02 10:19:24,100 - main.py[line:49] - INFO: n_interactions: 3338068
2022-01-02 10:19:24,100 - main.py[line:50] - INFO: Namespace(Ks='[1, 3, 5, 7, 10]', batch=258, batch_test_flag=True, behNum=4, cuda=True, data='beibei', dim=64, epoch=200, gpu_id=0, interactions=3338068, item=7977, lr=0.01, ls=0.01, n_hops=2, out_dir='./save/', save=True, save_path='tem', shuffle=True, test_flag='part', user=21716, weighted=True)
2022-01-02 10:19:27,318 - main.py[line:62] - INFO: MBRec(
  (FC1): Sequential(
    (0): Linear(in_features=192, out_features=64, bias=True)
  )
  (FC2): Linear(in_features=64, out_features=64, bias=True)
  (conbine): Sequential(
    (0): Linear(in_features=64, out_features=64, bias=True)
    (1): LeakyReLU(negative_slope=0.01)
    (2): Linear(in_features=64, out_features=1, bias=True)
  )
  (drop_out): Dropout(p=0.2, inplace=False)
  (activate): LeakyReLU(negative_slope=0.01)
  (layernorm): LayerNorm((64,), eps=1e-05, elementwise_affine=True)
  (projects): ModuleList(
    (0): Linear(in_features=64, out_features=64, bias=False)
    (1): Linear(in_features=64, out_features=64, bias=False)
    (2): Linear(in_features=64, out_features=64, bias=False)
  )
)
2022-01-02 10:19:27,318 - main.py[line:68] - INFO: start training ...
2022-01-02 10:19:40,083 - main.py[line:132] - INFO: using time 12.7618, training loss at epoch 0: 46.7927
2022-01-02 10:20:11,639 - main.py[line:114] - INFO: +-------+--------------------+--------------------+--------------------+--------------------------------------+----------------------------------------------------------+----------------------------------------------------------+--------------------------------------+-----+
| Epoch |   training time    |    tesing time     |        Loss        |                recall                |                           ndcg                           |                        precision                         |              hit_ratio               | auc |
+-------+--------------------+--------------------+--------------------+--------------------------------------+----------------------------------------------------------+----------------------------------------------------------+--------------------------------------+-----+
|   1   | 11.945383548736572 | 19.601325750350952 | 23.352819442749023 | [0.1257 0.3034 0.417  0.4908 0.5621] | [0.1257     0.22790483 0.27449827 0.30005668 0.32170682] | [0.1257     0.10113333 0.0834     0.07011429 0.05621   ] | [0.1257 0.3034 0.417  0.4908 0.5621] | 0.0 |
+-------+--------------------+--------------------+--------------------+--------------------------------------+----------------------------------------------------------+----------------------------------------------------------+--------------------------------------+-----+
2022-01-02 10:20:23,819 - main.py[line:132] - INFO: using time 11.9146, training loss at epoch 2: 21.1214
2022-01-02 10:20:35,609 - main.py[line:132] - INFO: using time 11.7811, training loss at epoch 3: 20.0518
2022-01-02 10:20:47,444 - main.py[line:132] - INFO: using time 11.8231, training loss at epoch 4: 19.3145
2022-01-02 10:20:59,375 - main.py[line:132] - INFO: using time 11.9202, training loss at epoch 5: 18.6885
2022-01-02 10:21:11,357 - main.py[line:132] - INFO: using time 11.9721, training loss at epoch 6: 18.2139
2022-01-02 10:21:23,287 - main.py[line:132] - INFO: using time 11.9205, training loss at epoch 7: 17.6537
2022-01-02 10:21:35,192 - main.py[line:132] - INFO: using time 11.8949, training loss at epoch 8: 17.1955
2022-01-02 10:22:09,181 - main.py[line:114] - INFO: +-------+--------------------+-------------------+--------------------+--------------------------------------+----------------------------------------------------------+-------------------------------------------+--------------------------------------+-----+
| Epoch |   training time    |    tesing time    |        Loss        |                recall                |                           ndcg                           |                 precision                 |              hit_ratio               | auc |
+-------+--------------------+-------------------+--------------------+--------------------------------------+----------------------------------------------------------+-------------------------------------------+--------------------------------------+-----+
|   9   | 14.296340703964233 | 19.68397068977356 | 16.800762176513672 | [0.1338 0.3291 0.4601 0.546  0.6211] | [0.1338     0.24547258 0.29926178 0.32894731 0.35172279] | [0.1338  0.1097  0.09202 0.078   0.06211] | [0.1338 0.3291 0.4601 0.546  0.6211] | 0.0 |
+-------+--------------------+-------------------+--------------------+--------------------------------------+----------------------------------------------------------+-------------------------------------------+--------------------------------------+-----+
2022-01-02 10:22:21,219 - main.py[line:132] - INFO: using time 11.8001, training loss at epoch 10: 16.4612
2022-01-02 10:22:33,022 - main.py[line:132] - INFO: using time 11.7920, training loss at epoch 11: 16.3987
2022-01-02 10:22:44,807 - main.py[line:132] - INFO: using time 11.7738, training loss at epoch 12: 16.0323
2022-01-02 10:22:56,608 - main.py[line:132] - INFO: using time 11.7911, training loss at epoch 13: 15.9169
2022-01-02 10:23:08,392 - main.py[line:132] - INFO: using time 11.7709, training loss at epoch 14: 15.6831
2022-01-02 10:23:20,196 - main.py[line:132] - INFO: using time 11.7940, training loss at epoch 15: 15.6447
2022-01-02 10:23:31,991 - main.py[line:132] - INFO: using time 11.7824, training loss at epoch 16: 15.4401
2022-01-02 10:23:43,931 - main.py[line:132] - INFO: using time 11.9298, training loss at epoch 17: 15.3177
2022-01-02 10:23:57,631 - main.py[line:132] - INFO: using time 13.6870, training loss at epoch 18: 15.2132
2022-01-02 10:24:28,531 - main.py[line:114] - INFO: +-------+--------------------+-------------------+--------------------+--------------------------------------+----------------------------------------------------------+----------------------------------------------------------+--------------------------------------+-----+
| Epoch |   training time    |    tesing time    |        Loss        |                recall                |                           ndcg                           |                        precision                         |              hit_ratio               | auc |
+-------+--------------------+-------------------+--------------------+--------------------------------------+----------------------------------------------------------+----------------------------------------------------------+--------------------------------------+-----+
|   19  | 12.020561218261719 | 18.87283992767334 | 15.156903266906738 | [0.1499 0.3531 0.4843 0.5655 0.6435] | [0.1499     0.26620341 0.32007437 0.34811317 0.37180462] | [0.1499     0.1177     0.09686    0.08078571 0.06435   ] | [0.1499 0.3531 0.4843 0.5655 0.6435] | 0.0 |
+-------+--------------------+-------------------+--------------------+--------------------------------------+----------------------------------------------------------+----------------------------------------------------------+--------------------------------------+-----+
2022-01-02 10:24:40,620 - main.py[line:132] - INFO: using time 11.8501, training loss at epoch 20: 14.9271
2022-01-02 10:24:52,448 - main.py[line:132] - INFO: using time 11.8181, training loss at epoch 21: 14.9170
2022-01-02 10:25:04,757 - main.py[line:132] - INFO: using time 12.2969, training loss at epoch 22: 14.6858
2022-01-02 10:25:17,938 - main.py[line:132] - INFO: using time 13.1717, training loss at epoch 23: 14.5777
2022-01-02 10:25:29,996 - main.py[line:132] - INFO: using time 12.0469, training loss at epoch 24: 14.4486
2022-01-02 10:25:41,863 - main.py[line:132] - INFO: using time 11.8562, training loss at epoch 25: 14.3843
2022-01-02 10:25:54,027 - main.py[line:132] - INFO: using time 12.1532, training loss at epoch 26: 14.3548
2022-01-02 10:26:06,214 - main.py[line:132] - INFO: using time 12.1764, training loss at epoch 27: 14.1908
2022-01-02 10:26:17,958 - main.py[line:132] - INFO: using time 11.7335, training loss at epoch 28: 14.1588
2022-01-02 10:26:48,691 - main.py[line:114] - INFO: +-------+--------------------+-------------------+--------------------+--------------------------------------+----------------------------------------------------------+----------------------------------------------------------+--------------------------------------+-----+
| Epoch |   training time    |    tesing time    |        Loss        |                recall                |                           ndcg                           |                        precision                         |              hit_ratio               | auc |
+-------+--------------------+-------------------+--------------------+--------------------------------------+----------------------------------------------------------+----------------------------------------------------------+--------------------------------------+-----+
|   29  | 11.822668552398682 | 18.90248131752014 | 13.980964660644531 | [0.162  0.3679 0.5022 0.5839 0.6626] | [0.162      0.28012476 0.33537025 0.36365121 0.38754289] | [0.162      0.12263333 0.10044    0.08341429 0.06626   ] | [0.162  0.3679 0.5022 0.5839 0.6626] | 0.0 |
+-------+--------------------+-------------------+--------------------+--------------------------------------+----------------------------------------------------------+----------------------------------------------------------+--------------------------------------+-----+
2022-01-02 10:27:00,805 - main.py[line:132] - INFO: using time 11.8810, training loss at epoch 30: 13.9197
2022-01-02 10:27:12,801 - main.py[line:132] - INFO: using time 11.9855, training loss at epoch 31: 13.7963
2022-01-02 10:27:24,990 - main.py[line:132] - INFO: using time 12.1769, training loss at epoch 32: 13.7225
2022-01-02 10:27:36,991 - main.py[line:132] - INFO: using time 11.9903, training loss at epoch 33: 13.6227
2022-01-02 10:27:49,006 - main.py[line:132] - INFO: using time 12.0030, training loss at epoch 34: 13.6197
2022-01-02 10:28:02,378 - main.py[line:132] - INFO: using time 13.3633, training loss at epoch 35: 13.5468
2022-01-02 10:28:16,235 - main.py[line:132] - INFO: using time 13.8453, training loss at epoch 36: 13.5163
2022-01-02 10:28:28,039 - main.py[line:132] - INFO: using time 11.7928, training loss at epoch 37: 13.3690
2022-01-02 10:28:39,881 - main.py[line:132] - INFO: using time 11.8297, training loss at epoch 38: 13.2861
2022-01-02 10:29:10,821 - main.py[line:114] - INFO: +-------+--------------------+--------------------+--------------------+--------------------------------------+----------------------------------------------------------+----------------------------------------------------------+--------------------------------------+-----+
| Epoch |   training time    |    tesing time     |        Loss        |                recall                |                           ndcg                           |                        precision                         |              hit_ratio               | auc |
+-------+--------------------+--------------------+--------------------+--------------------------------------+----------------------------------------------------------+----------------------------------------------------------+--------------------------------------+-----+
|   39  | 11.792999505996704 | 19.139262676239014 | 13.257001876831055 | [0.1604 0.3694 0.5124 0.5981 0.6806] | [0.1604     0.28042827 0.33936806 0.36890458 0.39387121] | [0.1604     0.12313333 0.10248    0.08544286 0.06806   ] | [0.1604 0.3694 0.5124 0.5981 0.6806] | 0.0 |
+-------+--------------------+--------------------+--------------------+--------------------------------------+----------------------------------------------------------+----------------------------------------------------------+--------------------------------------+-----+
2022-01-02 10:29:22,937 - main.py[line:132] - INFO: using time 11.8760, training loss at epoch 40: 13.2977
2022-01-02 10:29:34,811 - main.py[line:132] - INFO: using time 11.8637, training loss at epoch 41: 13.0885
2022-01-02 10:29:46,603 - main.py[line:132] - INFO: using time 11.7801, training loss at epoch 42: 13.0700
2022-01-02 10:29:58,397 - main.py[line:132] - INFO: using time 11.7826, training loss at epoch 43: 13.1212
2022-01-02 10:30:12,061 - main.py[line:132] - INFO: using time 13.6544, training loss at epoch 44: 13.0289
2022-01-02 10:30:25,090 - main.py[line:132] - INFO: using time 13.0159, training loss at epoch 45: 13.0278
2022-01-02 10:30:37,029 - main.py[line:132] - INFO: using time 11.9278, training loss at epoch 46: 12.9305
2022-01-02 10:30:48,811 - main.py[line:132] - INFO: using time 11.7703, training loss at epoch 47: 12.8684
2022-01-02 10:31:00,590 - main.py[line:132] - INFO: using time 11.7694, training loss at epoch 48: 12.8584
2022-01-02 10:31:31,261 - main.py[line:114] - INFO: +-------+--------------------+--------------------+--------------------+--------------------------------------+----------------------------------------------------------+----------------------------------------------------------+--------------------------------------+-----+
| Epoch |   training time    |    tesing time     |        Loss        |                recall                |                           ndcg                           |                        precision                         |              hit_ratio               | auc |
+-------+--------------------+--------------------+--------------------+--------------------------------------+----------------------------------------------------------+----------------------------------------------------------+--------------------------------------+-----+
|   49  | 11.782536506652832 | 18.880226373672485 | 12.811708450317383 | [0.1681 0.3904 0.5225 0.608  0.6953] | [0.1681     0.2960221  0.35030258 0.3799417  0.40641538] | [0.1681     0.13013333 0.1045     0.08685714 0.06953   ] | [0.1681 0.3904 0.5225 0.608  0.6953] | 0.0 |
+-------+--------------------+--------------------+--------------------+--------------------------------------+----------------------------------------------------------+----------------------------------------------------------+--------------------------------------+-----+
2022-01-02 10:31:43,322 - main.py[line:132] - INFO: using time 11.8194, training loss at epoch 50: 12.7819
2022-01-02 10:31:55,106 - main.py[line:132] - INFO: using time 11.7729, training loss at epoch 51: 12.6588
2022-01-02 10:32:06,915 - main.py[line:132] - INFO: using time 11.7974, training loss at epoch 52: 12.6737
2022-01-02 10:32:19,057 - main.py[line:132] - INFO: using time 12.1312, training loss at epoch 53: 12.6592
2022-01-02 10:32:31,091 - main.py[line:132] - INFO: using time 12.0241, training loss at epoch 54: 12.6410
2022-01-02 10:32:44,686 - main.py[line:132] - INFO: using time 13.5857, training loss at epoch 55: 12.5828
2022-01-02 10:32:57,397 - main.py[line:132] - INFO: using time 12.6977, training loss at epoch 56: 12.5536
2022-01-02 10:33:09,069 - main.py[line:132] - INFO: using time 11.6615, training loss at epoch 57: 12.4972
2022-01-02 10:33:20,777 - main.py[line:132] - INFO: using time 11.6978, training loss at epoch 58: 12.4555
2022-01-02 10:33:51,274 - main.py[line:114] - INFO: +-------+--------------------+--------------------+--------------------+--------------------------------------+----------------------------------------------------------+----------------------------------------------------------+--------------------------------------+-----+
| Epoch |   training time    |    tesing time     |        Loss        |                recall                |                           ndcg                           |                        precision                         |              hit_ratio               | auc |
+-------+--------------------+--------------------+--------------------+--------------------------------------+----------------------------------------------------------+----------------------------------------------------------+--------------------------------------+-----+
|   59  | 11.700268983840942 | 18.789636611938477 | 12.410018920898438 | [0.1725 0.3888 0.5287 0.6173 0.7013] | [0.1725     0.29695075 0.35447219 0.38514464 0.41066406] | [0.1725     0.1296     0.10574    0.08818571 0.07013   ] | [0.1725 0.3888 0.5287 0.6173 0.7013] | 0.0 |
+-------+--------------------+--------------------+--------------------+--------------------------------------+----------------------------------------------------------+----------------------------------------------------------+--------------------------------------+-----+
2022-01-02 10:34:03,346 - main.py[line:132] - INFO: using time 11.8332, training loss at epoch 60: 12.4215
2022-01-02 10:34:15,231 - main.py[line:132] - INFO: using time 11.8757, training loss at epoch 61: 12.4084
2022-01-02 10:34:27,480 - main.py[line:132] - INFO: using time 12.2386, training loss at epoch 62: 12.2838
2022-01-02 10:34:39,535 - main.py[line:132] - INFO: using time 12.0441, training loss at epoch 63: 12.3911
2022-01-02 10:34:51,534 - main.py[line:132] - INFO: using time 11.9874, training loss at epoch 64: 12.2818
2022-01-02 10:35:03,547 - main.py[line:132] - INFO: using time 12.0030, training loss at epoch 65: 12.3382
2022-01-02 10:35:17,420 - main.py[line:132] - INFO: using time 13.8657, training loss at epoch 66: 12.2646
2022-01-02 10:35:30,339 - main.py[line:132] - INFO: using time 12.9060, training loss at epoch 67: 12.2546
2022-01-02 10:35:42,380 - main.py[line:132] - INFO: using time 12.0276, training loss at epoch 68: 12.2400
2022-01-02 10:36:13,591 - main.py[line:114] - INFO: +-------+--------------------+-------------------+--------------------+--------------------------------------+----------------------------------------------------------+----------------------------------------------------------+--------------------------------------+-----+
| Epoch |   training time    |    tesing time    |        Loss        |                recall                |                           ndcg                           |                        precision                         |              hit_ratio               | auc |
+-------+--------------------+-------------------+--------------------+--------------------------------------+----------------------------------------------------------+----------------------------------------------------------+--------------------------------------+-----+
|   69  | 11.948707103729248 | 19.25331139564514 | 12.263360977172852 | [0.1789 0.4005 0.532  0.6198 0.7057] | [0.1789     0.30549013 0.35942893 0.38980727 0.41578295] | [0.1789     0.1335     0.1064     0.08854286 0.07057   ] | [0.1789 0.4005 0.532  0.6198 0.7057] | 0.0 |
+-------+--------------------+-------------------+--------------------+--------------------------------------+----------------------------------------------------------+----------------------------------------------------------+--------------------------------------+-----+
2022-01-02 10:36:25,907 - main.py[line:132] - INFO: using time 12.0781, training loss at epoch 70: 12.1894
2022-01-02 10:36:38,031 - main.py[line:132] - INFO: using time 12.1137, training loss at epoch 71: 12.1166
2022-01-02 10:36:50,037 - main.py[line:132] - INFO: using time 11.9941, training loss at epoch 72: 12.0563
2022-01-02 10:37:02,000 - main.py[line:132] - INFO: using time 11.9521, training loss at epoch 73: 12.0238
2022-01-02 10:37:13,929 - main.py[line:132] - INFO: using time 11.9178, training loss at epoch 74: 12.0201
2022-01-02 10:37:25,889 - main.py[line:132] - INFO: using time 11.9497, training loss at epoch 75: 12.0182
2022-01-02 10:37:38,032 - main.py[line:132] - INFO: using time 12.1325, training loss at epoch 76: 12.0097
2022-01-02 10:37:51,708 - main.py[line:132] - INFO: using time 13.6668, training loss at epoch 77: 11.9986
2022-01-02 10:38:05,195 - main.py[line:132] - INFO: using time 13.4713, training loss at epoch 78: 11.9008
2022-01-02 10:38:37,715 - main.py[line:114] - INFO: +-------+--------------------+--------------------+--------------------+--------------------------------------+----------------------------------------------------------+----------------------------------------------------------+--------------------------------------+-----+
| Epoch |   training time    |    tesing time     |        Loss        |                recall                |                           ndcg                           |                        precision                         |              hit_ratio               | auc |
+-------+--------------------+--------------------+--------------------+--------------------------------------+----------------------------------------------------------+----------------------------------------------------------+--------------------------------------+-----+
|   79  | 13.265730857849121 | 19.245999574661255 | 12.013603210449219 | [0.1772 0.4096 0.5425 0.6257 0.7081] | [0.1772     0.31057798 0.36530818 0.39408685 0.41907164] | [0.1772     0.13653333 0.1085     0.08938571 0.07081   ] | [0.1772 0.4096 0.5425 0.6257 0.7081] | 0.0 |
+-------+--------------------+--------------------+--------------------+--------------------------------------+----------------------------------------------------------+----------------------------------------------------------+--------------------------------------+-----+
2022-01-02 10:38:50,106 - main.py[line:132] - INFO: using time 12.1547, training loss at epoch 80: 11.8617
2022-01-02 10:39:02,009 - main.py[line:132] - INFO: using time 11.8927, training loss at epoch 81: 11.9862
2022-01-02 10:39:13,987 - main.py[line:132] - INFO: using time 11.9659, training loss at epoch 82: 11.9690
2022-01-02 10:39:25,942 - main.py[line:132] - INFO: using time 11.9444, training loss at epoch 83: 11.8945
2022-01-02 10:39:37,937 - main.py[line:132] - INFO: using time 11.9844, training loss at epoch 84: 11.8312
2022-01-02 10:39:49,885 - main.py[line:132] - INFO: using time 11.9373, training loss at epoch 85: 11.8138
2022-01-02 10:40:01,726 - main.py[line:132] - INFO: using time 11.8309, training loss at epoch 86: 11.7572
2022-01-02 10:40:13,967 - main.py[line:132] - INFO: using time 12.2297, training loss at epoch 87: 11.8350
2022-01-02 10:40:28,121 - main.py[line:132] - INFO: using time 14.1439, training loss at epoch 88: 11.7109
2022-01-02 10:40:59,515 - main.py[line:114] - INFO: +-------+--------------------+-------------------+--------------------+--------------------------------------+----------------------------------------------------------+----------------------------------------------------------+--------------------------------------+-----+
| Epoch |   training time    |    tesing time    |        Loss        |                recall                |                           ndcg                           |                        precision                         |              hit_ratio               | auc |
+-------+--------------------+-------------------+--------------------+--------------------------------------+----------------------------------------------------------+----------------------------------------------------------+--------------------------------------+-----+
|   89  | 11.971795082092285 | 19.41384482383728 | 11.800309181213379 | [0.1796 0.4084 0.5441 0.6281 0.7105] | [0.1796     0.31130891 0.36725815 0.39626231 0.4212721 ] | [0.1796     0.13613333 0.10882    0.08972857 0.07105   ] | [0.1796 0.4084 0.5441 0.6281 0.7105] | 0.0 |
+-------+--------------------+-------------------+--------------------+--------------------------------------+----------------------------------------------------------+----------------------------------------------------------+--------------------------------------+-----+
2022-01-02 10:41:11,722 - main.py[line:132] - INFO: using time 11.9308, training loss at epoch 90: 11.7987
2022-01-02 10:41:23,685 - main.py[line:132] - INFO: using time 11.9508, training loss at epoch 91: 11.6717
2022-01-02 10:41:35,552 - main.py[line:132] - INFO: using time 11.8554, training loss at epoch 92: 11.6937
2022-01-02 10:41:47,378 - main.py[line:132] - INFO: using time 11.8156, training loss at epoch 93: 11.6559
2022-01-02 10:41:59,169 - main.py[line:132] - INFO: using time 11.7796, training loss at epoch 94: 11.6609
2022-01-02 10:42:10,675 - main.py[line:132] - INFO: using time 11.4961, training loss at epoch 95: 11.6936
2022-01-02 10:42:22,102 - main.py[line:132] - INFO: using time 11.4175, training loss at epoch 96: 11.6203
2022-01-02 10:42:33,798 - main.py[line:132] - INFO: using time 11.6875, training loss at epoch 97: 11.6746
2022-01-02 10:42:47,687 - main.py[line:132] - INFO: using time 13.8793, training loss at epoch 98: 11.6550
2022-01-02 10:43:19,098 - main.py[line:114] - INFO: +-------+--------------------+-------------------+--------------------+--------------------------------------+----------------------------------------------------------+----------------------------------------------------------+--------------------------------------+-----+
| Epoch |   training time    |    tesing time    |        Loss        |                recall                |                           ndcg                           |                        precision                         |              hit_ratio               | auc |
+-------+--------------------+-------------------+--------------------+--------------------------------------+----------------------------------------------------------+----------------------------------------------------------+--------------------------------------+-----+
|   99  | 12.508416175842285 | 18.89502215385437 | 11.605362892150879 | [0.1835 0.4139 0.5446 0.6339 0.7182] | [0.1835     0.31594345 0.36970863 0.40064186 0.42621783] | [0.1835     0.13796667 0.10892    0.09055714 0.07182   ] | [0.1835 0.4139 0.5446 0.6339 0.7182] | 0.0 |
+-------+--------------------+-------------------+--------------------+--------------------------------------+----------------------------------------------------------+----------------------------------------------------------+--------------------------------------+-----+
2022-01-02 10:43:31,194 - main.py[line:132] - INFO: using time 11.8617, training loss at epoch 100: 11.6204
2022-01-02 10:43:43,110 - main.py[line:132] - INFO: using time 11.9037, training loss at epoch 101: 11.6210
2022-01-02 10:43:55,043 - main.py[line:132] - INFO: using time 11.9217, training loss at epoch 102: 11.6112
2022-01-02 10:44:06,951 - main.py[line:132] - INFO: using time 11.8971, training loss at epoch 103: 11.6043
2022-01-02 10:44:18,928 - main.py[line:132] - INFO: using time 11.9654, training loss at epoch 104: 11.6040
2022-01-02 10:44:30,916 - main.py[line:132] - INFO: using time 11.9788, training loss at epoch 105: 11.5811
2022-01-02 10:44:43,605 - main.py[line:132] - INFO: using time 12.6790, training loss at epoch 106: 11.4553
2022-01-02 10:44:57,503 - main.py[line:132] - INFO: using time 13.8902, training loss at epoch 107: 11.4946
2022-01-02 10:45:09,361 - main.py[line:132] - INFO: using time 11.8448, training loss at epoch 108: 11.5388
2022-01-02 10:45:40,448 - main.py[line:114] - INFO: +-------+--------------------+--------------------+--------------------+--------------------------------------+----------------------------------------------------------+----------------------------------------------------------+--------------------------------------+-----+
| Epoch |   training time    |    tesing time     |        Loss        |                recall                |                           ndcg                           |                        precision                         |              hit_ratio               | auc |
+-------+--------------------+--------------------+--------------------+--------------------------------------+----------------------------------------------------------+----------------------------------------------------------+--------------------------------------+-----+
|  109  | 11.767950534820557 | 19.310787677764893 | 11.487403869628906 | [0.1836 0.4151 0.5533 0.6395 0.7267] | [0.1836     0.31655417 0.3732821  0.40311109 0.42950223] | [0.1836     0.13836667 0.11066    0.09135714 0.07267   ] | [0.1836 0.4151 0.5533 0.6395 0.7267] | 0.0 |
+-------+--------------------+--------------------+--------------------+--------------------------------------+----------------------------------------------------------+----------------------------------------------------------+--------------------------------------+-----+
2022-01-02 10:45:52,476 - main.py[line:132] - INFO: using time 11.7828, training loss at epoch 110: 11.4704
2022-01-02 10:46:04,328 - main.py[line:132] - INFO: using time 11.8416, training loss at epoch 111: 11.4760
2022-01-02 10:46:16,189 - main.py[line:132] - INFO: using time 11.8506, training loss at epoch 112: 11.4501
2022-01-02 10:46:28,055 - main.py[line:132] - INFO: using time 11.8554, training loss at epoch 113: 11.4238
2022-01-02 10:46:39,900 - main.py[line:132] - INFO: using time 11.8343, training loss at epoch 114: 11.4003
2022-01-02 10:46:51,779 - main.py[line:132] - INFO: using time 11.8695, training loss at epoch 115: 11.4156
2022-01-02 10:47:03,715 - main.py[line:132] - INFO: using time 11.9252, training loss at epoch 116: 11.3629
2022-01-02 10:47:16,381 - main.py[line:132] - INFO: using time 12.6559, training loss at epoch 117: 11.4033
2022-01-02 10:47:30,401 - main.py[line:132] - INFO: using time 14.0078, training loss at epoch 118: 11.3316
2022-01-02 10:48:01,315 - main.py[line:114] - INFO: +-------+-------------------+--------------------+--------------------+--------------------------------------+----------------------------------------------------------+----------------------------------------------------------+--------------------------------------+-----+
| Epoch |   training time   |    tesing time     |        Loss        |                recall                |                           ndcg                           |                        precision                         |              hit_ratio               | auc |
+-------+-------------------+--------------------+--------------------+--------------------------------------+----------------------------------------------------------+----------------------------------------------------------+--------------------------------------+-----+
|  119  | 11.80525541305542 | 19.100486278533936 | 11.409261703491211 | [0.1835 0.4202 0.557  0.6484 0.728 ] | [0.1835     0.31935531 0.37560299 0.40733687 0.43145906] | [0.1835     0.14006667 0.1114     0.09262857 0.0728    ] | [0.1835 0.4202 0.557  0.6484 0.728 ] | 0.0 |
+-------+-------------------+--------------------+--------------------+--------------------------------------+----------------------------------------------------------+----------------------------------------------------------+--------------------------------------+-----+
2022-01-02 10:48:13,487 - main.py[line:132] - INFO: using time 11.9390, training loss at epoch 120: 11.3823
2022-01-02 10:48:25,378 - main.py[line:132] - INFO: using time 11.8803, training loss at epoch 121: 11.3515
2022-01-02 10:48:37,300 - main.py[line:132] - INFO: using time 11.9106, training loss at epoch 122: 11.2919
2022-01-02 10:48:49,213 - main.py[line:132] - INFO: using time 11.9020, training loss at epoch 123: 11.2540
2022-01-02 10:49:01,147 - main.py[line:132] - INFO: using time 11.9217, training loss at epoch 124: 11.2521
2022-01-02 10:49:13,308 - main.py[line:132] - INFO: using time 12.1512, training loss at epoch 125: 11.2707
2022-01-02 10:49:26,614 - main.py[line:132] - INFO: using time 13.2957, training loss at epoch 126: 11.2003
2022-01-02 10:49:39,865 - main.py[line:132] - INFO: using time 13.2412, training loss at epoch 127: 11.2691
2022-01-02 10:49:53,624 - main.py[line:132] - INFO: using time 13.7491, training loss at epoch 128: 11.2257
2022-01-02 10:50:26,673 - main.py[line:114] - INFO: +-------+--------------------+-------------------+--------------------+--------------------------------------+----------------------------------------------------------+----------------------------------------------------------+--------------------------------------+-----+
| Epoch |   training time    |    tesing time    |        Loss        |                recall                |                           ndcg                           |                        precision                         |              hit_ratio               | auc |
+-------+--------------------+-------------------+--------------------+--------------------------------------+----------------------------------------------------------+----------------------------------------------------------+--------------------------------------+-----+
|  129  | 13.842273950576782 | 19.19913363456726 | 11.243617057800293 | [0.1887 0.42   0.5521 0.6445 0.7291] | [0.1887     0.32152798 0.37593117 0.40791603 0.43355582] | [0.1887     0.14       0.11042    0.09207143 0.07291   ] | [0.1887 0.42   0.5521 0.6445 0.7291] | 0.0 |
+-------+--------------------+-------------------+--------------------+--------------------------------------+----------------------------------------------------------+----------------------------------------------------------+--------------------------------------+-----+
2022-01-02 10:50:39,939 - main.py[line:132] - INFO: using time 13.0575, training loss at epoch 130: 11.2745
2022-01-02 10:50:53,214 - main.py[line:132] - INFO: using time 13.2605, training loss at epoch 131: 11.2265
2022-01-02 10:51:05,564 - main.py[line:132] - INFO: using time 12.3372, training loss at epoch 132: 11.2148
2022-01-02 10:51:18,076 - main.py[line:132] - INFO: using time 12.5010, training loss at epoch 133: 11.2060
2022-01-02 10:51:30,094 - main.py[line:132] - INFO: using time 12.0061, training loss at epoch 134: 11.1280
2022-01-02 10:51:41,871 - main.py[line:132] - INFO: using time 11.7652, training loss at epoch 135: 11.2371
2022-01-02 10:51:53,648 - main.py[line:132] - INFO: using time 11.7653, training loss at epoch 136: 11.2536
2022-01-02 10:52:05,433 - main.py[line:132] - INFO: using time 11.7749, training loss at epoch 137: 11.1483
2022-01-02 10:52:17,235 - main.py[line:132] - INFO: using time 11.7912, training loss at epoch 138: 11.1330
2022-01-02 10:52:50,735 - main.py[line:114] - INFO: +-------+--------------------+--------------------+--------------------+--------------------------------------+----------------------------------------------------------+----------------------------------------------------------+--------------------------------------+-----+
| Epoch |   training time    |    tesing time     |        Loss        |                recall                |                           ndcg                           |                        precision                         |              hit_ratio               | auc |
+-------+--------------------+--------------------+--------------------+--------------------------------------+----------------------------------------------------------+----------------------------------------------------------+--------------------------------------+-----+
|  139  | 13.446155071258545 | 20.044432163238525 | 11.245260238647461 | [0.1841 0.4238 0.5649 0.6501 0.7331] | [0.1841     0.32153387 0.37957211 0.40905404 0.43419457] | [0.1841     0.14126667 0.11298    0.09287143 0.07331   ] | [0.1841 0.4238 0.5649 0.6501 0.7331] | 0.0 |
+-------+--------------------+--------------------+--------------------+--------------------------------------+----------------------------------------------------------+----------------------------------------------------------+--------------------------------------+-----+
2022-01-02 10:53:02,822 - main.py[line:132] - INFO: using time 11.8486, training loss at epoch 140: 11.1566
2022-01-02 10:53:14,569 - main.py[line:132] - INFO: using time 11.7346, training loss at epoch 141: 11.0935
2022-01-02 10:53:26,563 - main.py[line:132] - INFO: using time 11.9814, training loss at epoch 142: 11.0905
2022-01-02 10:53:38,595 - main.py[line:132] - INFO: using time 12.0211, training loss at epoch 143: 11.1569
2022-01-02 10:53:50,480 - main.py[line:132] - INFO: using time 11.8733, training loss at epoch 144: 11.1186
2022-01-02 10:54:02,357 - main.py[line:132] - INFO: using time 11.8653, training loss at epoch 145: 11.0374
2022-01-02 10:54:14,277 - main.py[line:132] - INFO: using time 11.9083, training loss at epoch 146: 11.0938
2022-01-02 10:54:26,292 - main.py[line:132] - INFO: using time 12.0049, training loss at epoch 147: 11.0313
2022-01-02 10:54:38,294 - main.py[line:132] - INFO: using time 11.9911, training loss at epoch 148: 11.0558
2022-01-02 10:55:09,650 - main.py[line:114] - INFO: +-------+--------------------+--------------------+--------------------+--------------------------------------+----------------------------------------------------------+----------------------------------------------------------+--------------------------------------+-----+
| Epoch |   training time    |    tesing time     |        Loss        |                recall                |                           ndcg                           |                        precision                         |              hit_ratio               | auc |
+-------+--------------------+--------------------+--------------------+--------------------------------------+----------------------------------------------------------+----------------------------------------------------------+--------------------------------------+-----+
|  149  | 12.042616844177246 | 19.304224729537964 | 11.049790382385254 | [0.1921 0.4205 0.5614 0.6475 0.7327] | [0.1921     0.32334705 0.38132984 0.41107289 0.43693144] | [0.1921     0.14016667 0.11228    0.0925     0.07327   ] | [0.1921 0.4205 0.5614 0.6475 0.7327] | 0.0 |
+-------+--------------------+--------------------+--------------------+--------------------------------------+----------------------------------------------------------+----------------------------------------------------------+--------------------------------------+-----+
2022-01-02 10:55:22,105 - main.py[line:132] - INFO: using time 12.4385, training loss at epoch 150: 11.0611
2022-01-02 10:55:34,190 - main.py[line:132] - INFO: using time 12.0719, training loss at epoch 151: 11.0570
2022-01-02 10:55:46,277 - main.py[line:132] - INFO: using time 12.0741, training loss at epoch 152: 11.0557
2022-01-02 10:55:58,239 - main.py[line:132] - INFO: using time 11.9515, training loss at epoch 153: 11.0173
2022-01-02 10:56:10,195 - main.py[line:132] - INFO: using time 11.9449, training loss at epoch 154: 10.9857
2022-01-02 10:56:22,330 - main.py[line:132] - INFO: using time 12.1253, training loss at epoch 155: 10.9944
2022-01-02 10:56:34,416 - main.py[line:132] - INFO: using time 12.0730, training loss at epoch 156: 11.0031
2022-01-02 10:56:46,383 - main.py[line:132] - INFO: using time 11.9559, training loss at epoch 157: 10.9441
2022-01-02 10:56:58,325 - main.py[line:132] - INFO: using time 11.9305, training loss at epoch 158: 10.9153
2022-01-02 10:57:29,349 - main.py[line:114] - INFO: +-------+--------------------+--------------------+--------------------+--------------------------------------+----------------------------------------------------------+----------------------------------------------------------+--------------------------------------+-----+
| Epoch |   training time    |    tesing time     |        Loss        |                recall                |                           ndcg                           |                        precision                         |              hit_ratio               | auc |
+-------+--------------------+--------------------+--------------------+--------------------------------------+----------------------------------------------------------+----------------------------------------------------------+--------------------------------------+-----+
|  159  | 11.947505474090576 | 19.068861961364746 | 10.984577178955078 | [0.1879 0.4234 0.5693 0.6574 0.7383] | [0.1879     0.32329933 0.38335223 0.41381684 0.43831539] | [0.1879     0.14113333 0.11386    0.09391429 0.07383   ] | [0.1879 0.4234 0.5693 0.6574 0.7383] | 0.0 |
+-------+--------------------+--------------------+--------------------+--------------------------------------+----------------------------------------------------------+----------------------------------------------------------+--------------------------------------+-----+
2022-01-02 10:57:43,186 - main.py[line:132] - INFO: using time 13.5949, training loss at epoch 160: 10.9337
2022-01-02 10:57:56,104 - main.py[line:132] - INFO: using time 12.9070, training loss at epoch 161: 10.9318
2022-01-02 10:58:08,154 - main.py[line:132] - INFO: using time 12.0390, training loss at epoch 162: 10.9509
2022-01-02 10:58:19,967 - main.py[line:132] - INFO: using time 11.8014, training loss at epoch 163: 11.0041
2022-01-02 10:58:31,880 - main.py[line:132] - INFO: using time 11.9023, training loss at epoch 164: 11.0040
2022-01-02 10:58:43,603 - main.py[line:132] - INFO: using time 11.7130, training loss at epoch 165: 10.8951
2022-01-02 10:58:55,341 - main.py[line:132] - INFO: using time 11.7275, training loss at epoch 166: 10.8545
2022-01-02 10:59:07,123 - main.py[line:132] - INFO: using time 11.7705, training loss at epoch 167: 10.8624
2022-01-02 10:59:18,836 - main.py[line:132] - INFO: using time 11.7019, training loss at epoch 168: 10.9278
2022-01-02 10:59:49,540 - main.py[line:114] - INFO: +-------+--------------------+--------------------+--------------------+--------------------------------------+----------------------------------------------------------+----------------------------------------------------------+--------------------------------------+-----+
| Epoch |   training time    |    tesing time     |        Loss        |                recall                |                           ndcg                           |                        precision                         |              hit_ratio               | auc |
+-------+--------------------+--------------------+--------------------+--------------------------------------+----------------------------------------------------------+----------------------------------------------------------+--------------------------------------+-----+
|  169  | 11.695412158966064 | 19.000706911087036 | 10.852090835571289 | [0.1922 0.427  0.5687 0.657  0.7432] | [0.1922     0.32634592 0.38475651 0.41532438 0.44144614] | [0.1922     0.14233333 0.11374    0.09385714 0.07432   ] | [0.1922 0.427  0.5687 0.657  0.7432] | 0.0 |
+-------+--------------------+--------------------+--------------------+--------------------------------------+----------------------------------------------------------+----------------------------------------------------------+--------------------------------------+-----+
2022-01-02 11:00:02,066 - main.py[line:132] - INFO: using time 12.2658, training loss at epoch 170: 10.9137
2022-01-02 11:00:16,220 - main.py[line:132] - INFO: using time 14.1449, training loss at epoch 171: 10.8887
2022-01-02 11:00:29,031 - main.py[line:132] - INFO: using time 12.7992, training loss at epoch 172: 10.9195
2022-01-02 11:00:40,968 - main.py[line:132] - INFO: using time 11.9266, training loss at epoch 173: 10.9214
2022-01-02 11:00:52,913 - main.py[line:132] - INFO: using time 11.9338, training loss at epoch 174: 10.8626
2022-01-02 11:01:04,843 - main.py[line:132] - INFO: using time 11.9180, training loss at epoch 175: 10.8361
2022-01-02 11:01:16,743 - main.py[line:132] - INFO: using time 11.8889, training loss at epoch 176: 10.8885
2022-01-02 11:01:28,817 - main.py[line:132] - INFO: using time 12.0641, training loss at epoch 177: 10.8220
2022-01-02 11:01:40,821 - main.py[line:132] - INFO: using time 11.9946, training loss at epoch 178: 10.7877
2022-01-02 11:02:11,969 - main.py[line:114] - INFO: +-------+--------------------+--------------------+--------------------+--------------------------------------+----------------------------------------------------------+----------------------------------------------------------+--------------------------------------+-----+
| Epoch |   training time    |    tesing time     |        Loss        |                recall                |                           ndcg                           |                        precision                         |              hit_ratio               | auc |
+-------+--------------------+--------------------+--------------------+--------------------------------------+----------------------------------------------------------+----------------------------------------------------------+--------------------------------------+-----+
|  179  | 11.819089651107788 | 19.319748878479004 | 10.841790199279785 | [0.195  0.4333 0.5733 0.662  0.7462] | [0.195      0.33168149 0.38935555 0.42007049 0.44560628] | [0.195      0.14443333 0.11466    0.09457143 0.07462   ] | [0.195  0.4333 0.5733 0.662  0.7462] | 0.0 |
+-------+--------------------+--------------------+--------------------+--------------------------------------+----------------------------------------------------------+----------------------------------------------------------+--------------------------------------+-----+
2022-01-02 11:02:24,035 - main.py[line:132] - INFO: using time 11.8122, training loss at epoch 180: 10.8357
2022-01-02 11:02:35,823 - main.py[line:132] - INFO: using time 11.7768, training loss at epoch 181: 10.8416
2022-01-02 11:02:49,334 - main.py[line:132] - INFO: using time 13.4998, training loss at epoch 182: 10.8248
2022-01-02 11:03:02,197 - main.py[line:132] - INFO: using time 12.8528, training loss at epoch 183: 10.8731
2022-01-02 11:03:14,176 - main.py[line:132] - INFO: using time 11.9660, training loss at epoch 184: 10.8310
2022-01-02 11:03:25,952 - main.py[line:132] - INFO: using time 11.7648, training loss at epoch 185: 10.8164
2022-01-02 11:03:37,585 - main.py[line:132] - INFO: using time 11.6216, training loss at epoch 186: 10.8227
2022-01-02 11:03:49,299 - main.py[line:132] - INFO: using time 11.7024, training loss at epoch 187: 10.7973
2022-01-02 11:04:00,964 - main.py[line:132] - INFO: using time 11.6539, training loss at epoch 188: 10.7618
2022-01-02 11:04:30,945 - main.py[line:114] - INFO: +-------+--------------------+------------------+--------------------+--------------------------------------+----------------------------------------------------------+----------------------------------------------------------+--------------------------------------+-----+
| Epoch |   training time    |   tesing time    |        Loss        |                recall                |                           ndcg                           |                        precision                         |              hit_ratio               | auc |
+-------+--------------------+------------------+--------------------+--------------------------------------+----------------------------------------------------------+----------------------------------------------------------+--------------------------------------+-----+
|  189  | 11.648050546646118 | 18.3257155418396 | 10.752290725708008 | [0.1941 0.4333 0.5702 0.6599 0.7413] | [0.1941     0.33153263 0.38794609 0.41896005 0.44362586] | [0.1941     0.14443333 0.11404    0.09427143 0.07413   ] | [0.1941 0.4333 0.5702 0.6599 0.7413] | 0.0 |
+-------+--------------------+------------------+--------------------+--------------------------------------+----------------------------------------------------------+----------------------------------------------------------+--------------------------------------+-----+
2022-01-02 11:04:43,055 - main.py[line:132] - INFO: using time 12.0930, training loss at epoch 190: 10.7668
2022-01-02 11:04:54,980 - main.py[line:132] - INFO: using time 11.9132, training loss at epoch 191: 10.7227
2022-01-02 11:05:06,879 - main.py[line:132] - INFO: using time 11.8868, training loss at epoch 192: 10.7304
2022-01-02 11:05:20,533 - main.py[line:132] - INFO: using time 13.6430, training loss at epoch 193: 10.7243
2022-01-02 11:05:33,279 - main.py[line:132] - INFO: using time 12.7342, training loss at epoch 194: 10.8240
2022-01-02 11:05:45,194 - main.py[line:132] - INFO: using time 11.9042, training loss at epoch 195: 10.7370
2022-01-02 11:05:57,012 - main.py[line:132] - INFO: using time 11.8064, training loss at epoch 196: 10.6709
2022-01-02 11:06:08,823 - main.py[line:132] - INFO: using time 11.7998, training loss at epoch 197: 10.7112
2022-01-02 11:06:20,619 - main.py[line:132] - INFO: using time 11.7855, training loss at epoch 198: 10.6452
2022-01-02 11:06:51,544 - main.py[line:114] - INFO: +-------+--------------------+-------------------+--------------------+--------------------------------------+----------------------------------------------------------+----------------------------------------------------------+--------------------------------------+-----+
| Epoch |   training time    |    tesing time    |        Loss        |                recall                |                           ndcg                           |                        precision                         |              hit_ratio               | auc |
+-------+--------------------+-------------------+--------------------+--------------------------------------+----------------------------------------------------------+----------------------------------------------------------+--------------------------------------+-----+
|  199  | 11.841317176818848 | 19.07598876953125 | 10.703897476196289 | [0.1949 0.4309 0.5655 0.6549 0.7384] | [0.1949     0.32993396 0.3854489  0.41643147 0.44174343] | [0.1949     0.14363333 0.1131     0.09355714 0.07384   ] | [0.1949 0.4309 0.5655 0.6549 0.7384] | 0.0 |
+-------+--------------------+-------------------+--------------------+--------------------------------------+----------------------------------------------------------+----------------------------------------------------------+--------------------------------------+-----+
2022-01-02 11:06:51,548 - main.py[line:134] - INFO: early stopping at 199, hit_ratio@10:0.7462
