2021-12-31 04:59:37,936 - main.py[line:45] - INFO: dataset: Tmall
2021-12-31 04:59:37,937 - main.py[line:46] - INFO: n_users: 147894
2021-12-31 04:59:37,937 - main.py[line:47] - INFO: n_items: 99037
2021-12-31 04:59:37,937 - main.py[line:48] - INFO: n_behaviors: 5
2021-12-31 04:59:37,937 - main.py[line:49] - INFO: n_interactions: 14373459
2021-12-31 04:59:37,937 - main.py[line:50] - INFO: Namespace(Ks='[1, 3, 5, 7, 10]', batch=258, batch_test_flag=True, behNum=5, cuda=True, data='Tmall', dim=64, epoch=200, gpu_id=2, interactions=14373459, item=99037, lr=0.01, ls=0.01, n_hops=2, out_dir='./save/', save=True, save_path='tem', shuffle=True, test_flag='part', user=147894, weighted=True)
2021-12-31 04:59:43,329 - main.py[line:62] - INFO: MBRec(
  (FC1): Sequential(
    (0): Linear(in_features=256, out_features=64, bias=True)
  )
  (FC2): Linear(in_features=64, out_features=64, bias=True)
  (conbine): Sequential(
    (0): Linear(in_features=64, out_features=64, bias=True)
    (1): LeakyReLU(negative_slope=0.01)
    (2): Linear(in_features=64, out_features=1, bias=True)
  )
  (drop_out): Dropout(p=0.2, inplace=False)
  (activate): LeakyReLU(negative_slope=0.01)
  (layernorm): LayerNorm((64,), eps=1e-05, elementwise_affine=True)
  (projects): ModuleList(
    (0): Linear(in_features=64, out_features=64, bias=False)
    (1): Linear(in_features=64, out_features=64, bias=False)
    (2): Linear(in_features=64, out_features=64, bias=False)
    (3): Linear(in_features=64, out_features=64, bias=False)
  )
)
2021-12-31 04:59:43,330 - main.py[line:68] - INFO: start training ...
2021-12-31 05:00:16,945 - main.py[line:129] - INFO: using time 33.5931, training loss at epoch 0: 55.1506
2021-12-31 05:01:15,591 - main.py[line:113] - INFO: +-------+--------------------+--------------------+-------------------+--------------------------------------+----------------------------------------------------------+----------------------------------------------------------+--------------------------------------+-----+
| Epoch |   training time    |    tesing time     |        Loss       |                recall                |                           ndcg                           |                        precision                         |              hit_ratio               | auc |
+-------+--------------------+--------------------+-------------------+--------------------------------------+----------------------------------------------------------+----------------------------------------------------------+--------------------------------------+-----+
|   1   | 31.130518198013306 | 27.502737045288086 | 30.54503059387207 | [0.0137 0.0337 0.0544 0.0778 0.1109] | [0.0137     0.02507476 0.03351647 0.04160926 0.05159717] | [0.0137     0.01123333 0.01088    0.01111429 0.01109   ] | [0.0137 0.0337 0.0544 0.0778 0.1109] | 0.0 |
+-------+--------------------+--------------------+-------------------+--------------------------------------+----------------------------------------------------------+----------------------------------------------------------+--------------------------------------+-----+
2021-12-31 05:01:48,464 - main.py[line:129] - INFO: using time 32.2491, training loss at epoch 2: 27.2451
2021-12-31 05:02:21,152 - main.py[line:129] - INFO: using time 32.6565, training loss at epoch 3: 24.4975
2021-12-31 05:02:54,025 - main.py[line:129] - INFO: using time 32.8471, training loss at epoch 4: 22.7606
2021-12-31 05:03:26,627 - main.py[line:129] - INFO: using time 32.5767, training loss at epoch 5: 21.8252
2021-12-31 05:03:58,342 - main.py[line:129] - INFO: using time 31.6813, training loss at epoch 6: 21.1357
2021-12-31 05:04:30,190 - main.py[line:129] - INFO: using time 31.8212, training loss at epoch 7: 20.7060
2021-12-31 05:05:02,870 - main.py[line:129] - INFO: using time 32.6547, training loss at epoch 8: 20.2799
2021-12-31 05:06:02,665 - main.py[line:113] - INFO: +-------+--------------------+--------------------+-------------------+--------------------------------------+----------------------------------------------------------+----------------------------------------------------------+--------------------------------------+-----+
| Epoch |   training time    |    tesing time     |        Loss       |                recall                |                           ndcg                           |                        precision                         |              hit_ratio               | auc |
+-------+--------------------+--------------------+-------------------+--------------------------------------+----------------------------------------------------------+----------------------------------------------------------+--------------------------------------+-----+
|   9   | 32.762897968292236 | 27.015923500061035 | 20.02777671813965 | [0.0509 0.1124 0.1622 0.2056 0.2614] | [0.0509     0.08598377 0.10633149 0.12134256 0.13823461] | [0.0509     0.03746667 0.03244    0.02937143 0.02614   ] | [0.0509 0.1124 0.1622 0.2056 0.2614] | 0.0 |
+-------+--------------------+--------------------+-------------------+--------------------------------------+----------------------------------------------------------+----------------------------------------------------------+--------------------------------------+-----+
2021-12-31 05:06:35,739 - main.py[line:129] - INFO: using time 32.5421, training loss at epoch 10: 19.7689
2021-12-31 05:07:06,919 - main.py[line:129] - INFO: using time 31.1509, training loss at epoch 11: 19.5298
2021-12-31 05:07:39,694 - main.py[line:129] - INFO: using time 32.7394, training loss at epoch 12: 19.3891
2021-12-31 05:08:12,428 - main.py[line:129] - INFO: using time 32.7077, training loss at epoch 13: 19.1242
2021-12-31 05:08:45,186 - main.py[line:129] - INFO: using time 32.7329, training loss at epoch 14: 18.9075
2021-12-31 05:09:17,936 - main.py[line:129] - INFO: using time 32.7243, training loss at epoch 15: 18.7288
2021-12-31 05:09:50,642 - main.py[line:129] - INFO: using time 32.6789, training loss at epoch 16: 18.6940
2021-12-31 05:10:21,506 - main.py[line:129] - INFO: using time 30.8318, training loss at epoch 17: 18.5238
2021-12-31 05:10:54,444 - main.py[line:129] - INFO: using time 32.9087, training loss at epoch 18: 18.3470
2021-12-31 05:11:54,551 - main.py[line:113] - INFO: +-------+--------------------+--------------------+--------------------+--------------------------------------+----------------------------------------------------------+----------------------------------------------------------+--------------------------------------+-----+
| Epoch |   training time    |    tesing time     |        Loss        |                recall                |                           ndcg                           |                        precision                         |              hit_ratio               | auc |
+-------+--------------------+--------------------+--------------------+--------------------------------------+----------------------------------------------------------+----------------------------------------------------------+--------------------------------------+-----+
|   19  | 32.980987548828125 | 27.110901355743408 | 18.160991668701172 | [0.0655 0.1437 0.199  0.2372 0.2889] | [0.0655     0.11030854 0.13301183 0.14619349 0.16182108] | [0.0655     0.0479     0.0398     0.03388571 0.02889   ] | [0.0655 0.1437 0.199  0.2372 0.2889] | 0.0 |
+-------+--------------------+--------------------+--------------------+--------------------------------------+----------------------------------------------------------+----------------------------------------------------------+--------------------------------------+-----+
2021-12-31 05:12:27,958 - main.py[line:129] - INFO: using time 32.8315, training loss at epoch 20: 18.1568
2021-12-31 05:13:00,708 - main.py[line:129] - INFO: using time 32.7211, training loss at epoch 21: 17.9968
2021-12-31 05:13:33,336 - main.py[line:129] - INFO: using time 32.6019, training loss at epoch 22: 17.8993
2021-12-31 05:14:06,269 - main.py[line:129] - INFO: using time 32.9030, training loss at epoch 23: 17.7779
2021-12-31 05:14:39,313 - main.py[line:129] - INFO: using time 33.0048, training loss at epoch 24: 17.5769
2021-12-31 05:15:12,714 - main.py[line:129] - INFO: using time 33.3685, training loss at epoch 25: 17.4600
2021-12-31 05:15:45,878 - main.py[line:129] - INFO: using time 33.1283, training loss at epoch 26: 17.3328
2021-12-31 05:16:18,977 - main.py[line:129] - INFO: using time 33.0740, training loss at epoch 27: 17.0788
2021-12-31 05:16:52,703 - main.py[line:129] - INFO: using time 33.6895, training loss at epoch 28: 17.0071
2021-12-31 05:17:53,824 - main.py[line:113] - INFO: +-------+-------------------+--------------------+--------------------+--------------------------------------+----------------------------------------------------------+----------------------------------------------------------+--------------------------------------+-----+
| Epoch |   training time   |    tesing time     |        Loss        |                recall                |                           ndcg                           |                        precision                         |              hit_ratio               | auc |
+-------+-------------------+--------------------+--------------------+--------------------------------------+----------------------------------------------------------+----------------------------------------------------------+--------------------------------------+-----+
|   29  | 33.29937767982483 | 27.807521104812622 | 16.744985580444336 | [0.084  0.1717 0.232  0.276  0.3306] | [0.084      0.13463216 0.15941433 0.1746071  0.19110029] | [0.084      0.05723333 0.0464     0.03942857 0.03306   ] | [0.084  0.1717 0.232  0.276  0.3306] | 0.0 |
+-------+-------------------+--------------------+--------------------+--------------------------------------+----------------------------------------------------------+----------------------------------------------------------+--------------------------------------+-----+
2021-12-31 05:18:27,204 - main.py[line:129] - INFO: using time 32.8454, training loss at epoch 30: 16.3881
2021-12-31 05:19:00,253 - main.py[line:129] - INFO: using time 33.0175, training loss at epoch 31: 16.1603
2021-12-31 05:19:33,154 - main.py[line:129] - INFO: using time 32.8680, training loss at epoch 32: 15.9447
2021-12-31 05:20:07,330 - main.py[line:129] - INFO: using time 34.1419, training loss at epoch 33: 15.6032
2021-12-31 05:20:41,007 - main.py[line:129] - INFO: using time 33.6410, training loss at epoch 34: 15.4694
2021-12-31 05:21:14,587 - main.py[line:129] - INFO: using time 33.5426, training loss at epoch 35: 15.1687
2021-12-31 05:21:48,149 - main.py[line:129] - INFO: using time 33.5268, training loss at epoch 36: 14.9978
2021-12-31 05:22:21,725 - main.py[line:129] - INFO: using time 33.5462, training loss at epoch 37: 14.7573
2021-12-31 05:22:55,026 - main.py[line:129] - INFO: using time 33.2687, training loss at epoch 38: 14.5509
2021-12-31 05:23:56,099 - main.py[line:113] - INFO: +-------+-------------------+--------------------+-------------------+--------------------------------------+----------------------------------------------------------+----------------------------------------------------------+--------------------------------------+-----+
| Epoch |   training time   |    tesing time     |        Loss       |                recall                |                           ndcg                           |                        precision                         |              hit_ratio               | auc |
+-------+-------------------+--------------------+-------------------+--------------------------------------+----------------------------------------------------------+----------------------------------------------------------+--------------------------------------+-----+
|   39  | 33.53288912773132 | 27.520331382751465 | 14.28225040435791 | [0.1155 0.2276 0.2932 0.3482 0.4087] | [0.1155     0.18009971 0.20708559 0.22605939 0.24434704] | [0.1155     0.07586667 0.05864    0.04974286 0.04087   ] | [0.1155 0.2276 0.2932 0.3482 0.4087] | 0.0 |
+-------+-------------------+--------------------+-------------------+--------------------------------------+----------------------------------------------------------+----------------------------------------------------------+--------------------------------------+-----+
2021-12-31 05:24:29,769 - main.py[line:129] - INFO: using time 33.1694, training loss at epoch 40: 14.1764
2021-12-31 05:25:02,730 - main.py[line:129] - INFO: using time 32.9258, training loss at epoch 41: 13.8311
2021-12-31 05:25:34,909 - main.py[line:129] - INFO: using time 32.1525, training loss at epoch 42: 13.6989
2021-12-31 05:26:08,028 - main.py[line:129] - INFO: using time 33.0833, training loss at epoch 43: 13.6776
2021-12-31 05:26:41,490 - main.py[line:129] - INFO: using time 33.4346, training loss at epoch 44: 13.3673
2021-12-31 05:27:14,885 - main.py[line:129] - INFO: using time 33.3606, training loss at epoch 45: 13.2156
2021-12-31 05:27:48,136 - main.py[line:129] - INFO: using time 33.2160, training loss at epoch 46: 13.1138
2021-12-31 05:28:21,735 - main.py[line:129] - INFO: using time 33.5633, training loss at epoch 47: 13.0467
2021-12-31 05:28:54,412 - main.py[line:129] - INFO: using time 32.6381, training loss at epoch 48: 12.9793
2021-12-31 05:29:55,421 - main.py[line:113] - INFO: +-------+--------------------+--------------------+--------------------+--------------------------------------+----------------------------------------------------------+----------------------------------------------------------+--------------------------------------+-----+
| Epoch |   training time    |    tesing time     |        Loss        |                recall                |                           ndcg                           |                        precision                         |              hit_ratio               | auc |
+-------+--------------------+--------------------+--------------------+--------------------------------------+----------------------------------------------------------+----------------------------------------------------------+--------------------------------------+-----+
|   49  | 33.424009799957275 | 27.570630073547363 | 12.853368759155273 | [0.1383 0.2635 0.3389 0.3952 0.4706] | [0.1383     0.21053643 0.24142302 0.26086218 0.28372318] | [0.1383     0.08783333 0.06778    0.05645714 0.04706   ] | [0.1383 0.2635 0.3389 0.3952 0.4706] | 0.0 |
+-------+--------------------+--------------------+--------------------+--------------------------------------+----------------------------------------------------------+----------------------------------------------------------+--------------------------------------+-----+
2021-12-31 05:30:29,112 - main.py[line:129] - INFO: using time 33.1725, training loss at epoch 50: 12.7104
2021-12-31 05:31:02,496 - main.py[line:129] - INFO: using time 33.3471, training loss at epoch 51: 12.6555
2021-12-31 05:31:35,969 - main.py[line:129] - INFO: using time 33.4349, training loss at epoch 52: 12.5760
2021-12-31 05:32:08,759 - main.py[line:129] - INFO: using time 32.7623, training loss at epoch 53: 12.4421
2021-12-31 05:32:41,427 - main.py[line:129] - INFO: using time 32.6392, training loss at epoch 54: 12.3970
2021-12-31 05:33:14,086 - main.py[line:129] - INFO: using time 32.6319, training loss at epoch 55: 12.3205
2021-12-31 05:33:46,719 - main.py[line:129] - INFO: using time 32.6048, training loss at epoch 56: 12.2490
2021-12-31 05:34:19,376 - main.py[line:129] - INFO: using time 32.6279, training loss at epoch 57: 12.1308
2021-12-31 05:34:51,161 - main.py[line:129] - INFO: using time 31.7599, training loss at epoch 58: 12.1062
2021-12-31 05:35:49,803 - main.py[line:113] - INFO: +-------+--------------------+--------------------+--------------------+--------------------------------------+----------------------------------------------------------+----------------------------------------------------------+--------------------------------------+-----+
| Epoch |   training time    |    tesing time     |        Loss        |                recall                |                           ndcg                           |                        precision                         |              hit_ratio               | auc |
+-------+--------------------+--------------------+--------------------+--------------------------------------+----------------------------------------------------------+----------------------------------------------------------+--------------------------------------+-----+
|   59  | 31.446880102157593 | 27.183392763137817 | 12.042304992675781 | [0.1512 0.2849 0.3664 0.4252 0.4919] | [0.1512     0.22794829 0.26146201 0.2817894  0.30199878] | [0.1512     0.09496667 0.07328    0.06074286 0.04919   ] | [0.1512 0.2849 0.3664 0.4252 0.4919] | 0.0 |
+-------+--------------------+--------------------+--------------------+--------------------------------------+----------------------------------------------------------+----------------------------------------------------------+--------------------------------------+-----+
2021-12-31 05:36:22,989 - main.py[line:129] - INFO: using time 32.6750, training loss at epoch 60: 11.9587
2021-12-31 05:36:55,745 - main.py[line:129] - INFO: using time 32.7224, training loss at epoch 61: 11.9298
2021-12-31 05:37:28,571 - main.py[line:129] - INFO: using time 32.7979, training loss at epoch 62: 11.8216
2021-12-31 05:38:00,214 - main.py[line:129] - INFO: using time 31.6135, training loss at epoch 63: 11.7843
2021-12-31 05:38:33,429 - main.py[line:129] - INFO: using time 33.1819, training loss at epoch 64: 11.7980
2021-12-31 05:39:06,890 - main.py[line:129] - INFO: using time 33.4264, training loss at epoch 65: 11.7182
2021-12-31 05:39:41,574 - main.py[line:129] - INFO: using time 34.6505, training loss at epoch 66: 11.6443
2021-12-31 05:40:16,421 - main.py[line:129] - INFO: using time 34.8141, training loss at epoch 67: 11.5735
2021-12-31 05:40:51,330 - main.py[line:129] - INFO: using time 34.8801, training loss at epoch 68: 11.5806
2021-12-31 05:41:50,991 - main.py[line:113] - INFO: +-------+--------------------+------------------+--------------------+--------------------------------------+----------------------------------------------------------+----------------------------------------------------------+--------------------------------------+-----+
| Epoch |   training time    |   tesing time    |        Loss        |                recall                |                           ndcg                           |                        precision                         |              hit_ratio               | auc |
+-------+--------------------+------------------+--------------------+--------------------------------------+----------------------------------------------------------+----------------------------------------------------------+--------------------------------------+-----+
|   69  | 32.122504234313965 | 27.5244460105896 | 11.476348876953125 | [0.1622 0.2924 0.3754 0.437  0.5091] | [0.1622     0.2375518  0.27166771 0.29291013 0.31469891] | [0.1622     0.09746667 0.07508    0.06242857 0.05091   ] | [0.1622 0.2924 0.3754 0.437  0.5091] | 0.0 |
+-------+--------------------+------------------+--------------------+--------------------------------------+----------------------------------------------------------+----------------------------------------------------------+--------------------------------------+-----+
2021-12-31 05:42:24,523 - main.py[line:129] - INFO: using time 32.9796, training loss at epoch 70: 11.4454
2021-12-31 05:42:57,513 - main.py[line:129] - INFO: using time 32.9622, training loss at epoch 71: 11.4073
2021-12-31 05:43:30,854 - main.py[line:129] - INFO: using time 33.3080, training loss at epoch 72: 11.3430
2021-12-31 05:44:03,698 - main.py[line:129] - INFO: using time 32.8193, training loss at epoch 73: 11.3145
2021-12-31 05:44:36,252 - main.py[line:129] - INFO: using time 32.5246, training loss at epoch 74: 11.3539
2021-12-31 05:45:09,355 - main.py[line:129] - INFO: using time 33.0661, training loss at epoch 75: 11.2215
2021-12-31 05:45:42,528 - main.py[line:129] - INFO: using time 33.1361, training loss at epoch 76: 11.2288
2021-12-31 05:46:15,925 - main.py[line:129] - INFO: using time 33.3635, training loss at epoch 77: 11.2098
2021-12-31 05:46:48,693 - main.py[line:129] - INFO: using time 32.7378, training loss at epoch 78: 11.1113
2021-12-31 05:47:48,760 - main.py[line:113] - INFO: +-------+--------------------+--------------------+-------------------+--------------------------------------+----------------------------------------------------------+----------------------------------------------------------+--------------------------------------+-----+
| Epoch |   training time    |    tesing time     |        Loss       |                recall                |                           ndcg                           |                        precision                         |              hit_ratio               | auc |
+-------+--------------------+--------------------+-------------------+--------------------------------------+----------------------------------------------------------+----------------------------------------------------------+--------------------------------------+-----+
|   79  | 31.986327409744263 | 28.065908670425415 | 11.16960334777832 | [0.1715 0.3096 0.3914 0.4542 0.5255] | [0.1715     0.25120768 0.28479363 0.30647952 0.32802549] | [0.1715     0.1032     0.07828    0.06488571 0.05255   ] | [0.1715 0.3096 0.3914 0.4542 0.5255] | 0.0 |
+-------+--------------------+--------------------+-------------------+--------------------------------------+----------------------------------------------------------+----------------------------------------------------------+--------------------------------------+-----+
2021-12-31 05:48:22,549 - main.py[line:129] - INFO: using time 33.1631, training loss at epoch 80: 11.0685
2021-12-31 05:48:55,660 - main.py[line:129] - INFO: using time 33.0749, training loss at epoch 81: 10.9916
2021-12-31 05:49:28,785 - main.py[line:129] - INFO: using time 33.0895, training loss at epoch 82: 10.9327
2021-12-31 05:50:02,086 - main.py[line:129] - INFO: using time 33.2659, training loss at epoch 83: 10.9766
2021-12-31 05:50:34,469 - main.py[line:129] - INFO: using time 32.3455, training loss at epoch 84: 10.8971
2021-12-31 05:51:07,723 - main.py[line:129] - INFO: using time 33.2164, training loss at epoch 85: 10.9649
2021-12-31 05:51:40,960 - main.py[line:129] - INFO: using time 33.1990, training loss at epoch 86: 11.0061
2021-12-31 05:52:14,157 - main.py[line:129] - INFO: using time 33.1576, training loss at epoch 87: 10.8919
2021-12-31 05:52:47,408 - main.py[line:129] - INFO: using time 33.2143, training loss at epoch 88: 10.8768
2021-12-31 05:53:47,520 - main.py[line:113] - INFO: +-------+-------------------+--------------------+--------------------+--------------------------------------+----------------------------------------------------------+----------------------------------------------------------+--------------------------------------+-----+
| Epoch |   training time   |    tesing time     |        Loss        |                recall                |                           ndcg                           |                        precision                         |              hit_ratio               | auc |
+-------+-------------------+--------------------+--------------------+--------------------------------------+----------------------------------------------------------+----------------------------------------------------------+--------------------------------------+-----+
|   89  | 32.92815065383911 | 27.168626070022583 | 10.810894012451172 | [0.1714 0.316  0.4013 0.4627 0.5353] | [0.1714     0.25490759 0.28985191 0.3110757  0.33304061] | [0.1714     0.10533333 0.08026    0.0661     0.05353   ] | [0.1714 0.316  0.4013 0.4627 0.5353] | 0.0 |
+-------+-------------------+--------------------+--------------------+--------------------------------------+----------------------------------------------------------+----------------------------------------------------------+--------------------------------------+-----+
2021-12-31 05:54:20,997 - main.py[line:129] - INFO: using time 32.9160, training loss at epoch 90: 10.8525
2021-12-31 05:54:54,046 - main.py[line:129] - INFO: using time 33.0133, training loss at epoch 91: 10.7765
2021-12-31 05:55:27,033 - main.py[line:129] - INFO: using time 32.9534, training loss at epoch 92: 10.7513
2021-12-31 05:56:00,024 - main.py[line:129] - INFO: using time 32.9553, training loss at epoch 93: 10.7009
2021-12-31 05:56:32,634 - main.py[line:129] - INFO: using time 32.5818, training loss at epoch 94: 10.8130
2021-12-31 05:57:06,068 - main.py[line:129] - INFO: using time 33.3998, training loss at epoch 95: 10.7367
2021-12-31 05:57:39,190 - main.py[line:129] - INFO: using time 33.0864, training loss at epoch 96: 10.6598
2021-12-31 05:58:12,247 - main.py[line:129] - INFO: using time 33.0199, training loss at epoch 97: 10.7124
2021-12-31 05:58:45,227 - main.py[line:129] - INFO: using time 32.9448, training loss at epoch 98: 10.6219
2021-12-31 05:59:44,948 - main.py[line:113] - INFO: +-------+-------------------+--------------------+--------------------+--------------------------------------+----------------------------------------------------------+----------------------------------------------------------+--------------------------------------+-----+
| Epoch |   training time   |    tesing time     |        Loss        |                recall                |                           ndcg                           |                        precision                         |              hit_ratio               | auc |
+-------+-------------------+--------------------+--------------------+--------------------------------------+----------------------------------------------------------+----------------------------------------------------------+--------------------------------------+-----+
|   99  | 33.01612067222595 | 26.693012237548828 | 10.602434158325195 | [0.1787 0.325  0.4147 0.474  0.5405] | [0.1787     0.26309687 0.29994054 0.32040029 0.34052719] | [0.1787     0.10833333 0.08294    0.06771429 0.05405   ] | [0.1787 0.325  0.4147 0.474  0.5405] | 0.0 |
+-------+-------------------+--------------------+--------------------+--------------------------------------+----------------------------------------------------------+----------------------------------------------------------+--------------------------------------+-----+
2021-12-31 06:00:18,573 - main.py[line:129] - INFO: using time 33.0033, training loss at epoch 100: 10.5737
2021-12-31 06:00:51,864 - main.py[line:129] - INFO: using time 33.2548, training loss at epoch 101: 10.5679
2021-12-31 06:01:25,190 - main.py[line:129] - INFO: using time 33.2889, training loss at epoch 102: 10.6202
2021-12-31 06:01:58,597 - main.py[line:129] - INFO: using time 33.3723, training loss at epoch 103: 10.4645
2021-12-31 06:02:31,890 - main.py[line:129] - INFO: using time 33.2587, training loss at epoch 104: 10.4668
2021-12-31 06:03:02,988 - main.py[line:129] - INFO: using time 31.0719, training loss at epoch 105: 10.4192
2021-12-31 06:03:35,270 - main.py[line:129] - INFO: using time 32.2441, training loss at epoch 106: 10.3590
2021-12-31 06:04:08,783 - main.py[line:129] - INFO: using time 33.4745, training loss at epoch 107: 10.3169
2021-12-31 06:04:42,326 - main.py[line:129] - INFO: using time 33.5069, training loss at epoch 108: 10.4226
2021-12-31 06:05:42,635 - main.py[line:113] - INFO: +-------+-------------------+--------------------+--------------------+--------------------------------------+----------------------------------------------------------+----------------------------------------------------------+--------------------------------------+-----+
| Epoch |   training time   |    tesing time     |        Loss        |                recall                |                           ndcg                           |                        precision                         |              hit_ratio               | auc |
+-------+-------------------+--------------------+--------------------+--------------------------------------+----------------------------------------------------------+----------------------------------------------------------+--------------------------------------+-----+
|  109  | 33.17500042915344 | 27.115175247192383 | 10.286300659179688 | [0.1825 0.3292 0.411  0.4692 0.5452] | [0.1825     0.2668481  0.30055676 0.32070473 0.34369809] | [0.1825     0.10973333 0.0822     0.06702857 0.05452   ] | [0.1825 0.3292 0.411  0.4692 0.5452] | 0.0 |
+-------+-------------------+--------------------+--------------------+--------------------------------------+----------------------------------------------------------+----------------------------------------------------------+--------------------------------------+-----+
2021-12-31 06:06:16,383 - main.py[line:129] - INFO: using time 33.1821, training loss at epoch 110: 10.2931
2021-12-31 06:06:49,915 - main.py[line:129] - INFO: using time 33.4893, training loss at epoch 111: 10.3449
2021-12-31 06:07:23,102 - main.py[line:129] - INFO: using time 33.1515, training loss at epoch 112: 10.2287
2021-12-31 06:07:56,181 - main.py[line:129] - INFO: using time 33.0404, training loss at epoch 113: 10.2803
2021-12-31 06:08:29,257 - main.py[line:129] - INFO: using time 33.0337, training loss at epoch 114: 10.1808
2021-12-31 06:09:02,439 - main.py[line:129] - INFO: using time 33.1458, training loss at epoch 115: 10.2368
2021-12-31 06:09:35,259 - main.py[line:129] - INFO: using time 32.7926, training loss at epoch 116: 10.1697
2021-12-31 06:10:08,364 - main.py[line:129] - INFO: using time 33.0625, training loss at epoch 117: 10.1474
2021-12-31 06:10:41,466 - main.py[line:129] - INFO: using time 33.0664, training loss at epoch 118: 10.2246
2021-12-31 06:11:42,627 - main.py[line:113] - INFO: +-------+--------------------+--------------------+--------------------+--------------------------------------+----------------------------------------------------------+----------------------------------------------------------+--------------------------------------+-----+
| Epoch |   training time    |    tesing time     |        Loss        |                recall                |                           ndcg                           |                        precision                         |              hit_ratio               | auc |
+-------+--------------------+--------------------+--------------------+--------------------------------------+----------------------------------------------------------+----------------------------------------------------------+--------------------------------------+-----+
|  119  | 33.144941568374634 | 28.001846313476562 | 10.208520889282227 | [0.1882 0.3364 0.4263 0.4866 0.5569] | [0.1882     0.27396584 0.31090442 0.33172723 0.35300415] | [0.1882     0.11213333 0.08526    0.06951429 0.05569   ] | [0.1882 0.3364 0.4263 0.4866 0.5569] | 0.0 |
+-------+--------------------+--------------------+--------------------+--------------------------------------+----------------------------------------------------------+----------------------------------------------------------+--------------------------------------+-----+
2021-12-31 06:12:16,201 - main.py[line:129] - INFO: using time 33.0315, training loss at epoch 120: 10.1513
2021-12-31 06:12:49,361 - main.py[line:129] - INFO: using time 33.1317, training loss at epoch 121: 10.0447
2021-12-31 06:13:22,154 - main.py[line:129] - INFO: using time 32.7650, training loss at epoch 122: 10.0389
2021-12-31 06:13:55,272 - main.py[line:129] - INFO: using time 33.0861, training loss at epoch 123: 10.0691
2021-12-31 06:14:28,309 - main.py[line:129] - INFO: using time 33.0055, training loss at epoch 124: 10.0772
2021-12-31 06:15:01,364 - main.py[line:129] - INFO: using time 33.0282, training loss at epoch 125: 10.0619
2021-12-31 06:15:34,372 - main.py[line:129] - INFO: using time 32.9836, training loss at epoch 126: 10.0139
2021-12-31 06:16:07,216 - main.py[line:129] - INFO: using time 32.8155, training loss at epoch 127: 10.0475
2021-12-31 06:16:40,202 - main.py[line:129] - INFO: using time 32.9604, training loss at epoch 128: 10.0212
2021-12-31 06:17:40,051 - main.py[line:113] - INFO: +-------+--------------------+--------------------+---------------+--------------------------------------+----------------------------------------------------------+----------------------------------------------------------+--------------------------------------+-----+
| Epoch |   training time    |    tesing time     |      Loss     |                recall                |                           ndcg                           |                        precision                         |              hit_ratio               | auc |
+-------+--------------------+--------------------+---------------+--------------------------------------+----------------------------------------------------------+----------------------------------------------------------+--------------------------------------+-----+
|  129  | 32.982250690460205 | 26.855868816375732 | 9.93408203125 | [0.1844 0.3408 0.4276 0.4878 0.5599] | [0.1844     0.27494668 0.31053263 0.33133583 0.35315819] | [0.1844     0.1136     0.08552    0.06968571 0.05599   ] | [0.1844 0.3408 0.4276 0.4878 0.5599] | 0.0 |
+-------+--------------------+--------------------+---------------+--------------------------------------+----------------------------------------------------------+----------------------------------------------------------+--------------------------------------+-----+
2021-12-31 06:18:13,485 - main.py[line:129] - INFO: using time 32.8999, training loss at epoch 130: 9.9607
2021-12-31 06:18:46,001 - main.py[line:129] - INFO: using time 32.4887, training loss at epoch 131: 9.9226
2021-12-31 06:19:18,493 - main.py[line:129] - INFO: using time 32.4610, training loss at epoch 132: 10.0325
2021-12-31 06:19:51,110 - main.py[line:129] - INFO: using time 32.5932, training loss at epoch 133: 9.9172
2021-12-31 06:20:23,773 - main.py[line:129] - INFO: using time 32.6379, training loss at epoch 134: 9.8616
2021-12-31 06:20:56,657 - main.py[line:129] - INFO: using time 32.8604, training loss at epoch 135: 9.8764
2021-12-31 06:21:29,339 - main.py[line:129] - INFO: using time 32.6556, training loss at epoch 136: 9.8711
2021-12-31 06:22:01,029 - main.py[line:129] - INFO: using time 31.6645, training loss at epoch 137: 9.9711
2021-12-31 06:22:33,788 - main.py[line:129] - INFO: using time 32.7284, training loss at epoch 138: 9.9726
2021-12-31 06:23:33,759 - main.py[line:113] - INFO: +-------+-------------------+--------------------+-------------------+--------------------------------------+----------------------------------------------------------+----------------------------------------------------------+--------------------------------------+-----+
| Epoch |   training time   |    tesing time     |        Loss       |                recall                |                           ndcg                           |                        precision                         |              hit_ratio               | auc |
+-------+-------------------+--------------------+-------------------+--------------------------------------+----------------------------------------------------------+----------------------------------------------------------+--------------------------------------+-----+
|  139  | 32.81363582611084 | 27.142099142074585 | 9.735426902770996 | [0.1951 0.3508 0.4407 0.5022 0.571 ] | [0.1951     0.28512647 0.3221001  0.34339383 0.36429667] | [0.1951     0.11693333 0.08814    0.07174286 0.0571    ] | [0.1951 0.3508 0.4407 0.5022 0.571 ] | 0.0 |
+-------+-------------------+--------------------+-------------------+--------------------------------------+----------------------------------------------------------+----------------------------------------------------------+--------------------------------------+-----+
2021-12-31 06:24:06,950 - main.py[line:129] - INFO: using time 32.6289, training loss at epoch 140: 9.6944
2021-12-31 06:24:39,631 - main.py[line:129] - INFO: using time 32.6489, training loss at epoch 141: 9.7254
2021-12-31 06:25:10,550 - main.py[line:129] - INFO: using time 30.8851, training loss at epoch 142: 9.7743
2021-12-31 06:25:43,755 - main.py[line:129] - INFO: using time 33.1655, training loss at epoch 143: 9.7260
2021-12-31 06:26:17,567 - main.py[line:129] - INFO: using time 33.7758, training loss at epoch 144: 9.7388
2021-12-31 06:26:50,710 - main.py[line:129] - INFO: using time 33.1104, training loss at epoch 145: 9.7349
2021-12-31 06:27:23,885 - main.py[line:129] - INFO: using time 33.1468, training loss at epoch 146: 9.6942
2021-12-31 06:27:56,618 - main.py[line:129] - INFO: using time 32.7079, training loss at epoch 147: 9.7626
2021-12-31 06:28:30,314 - main.py[line:129] - INFO: using time 33.6594, training loss at epoch 148: 9.7012
2021-12-31 06:29:32,412 - main.py[line:113] - INFO: +-------+-------------------+-------------------+-------------------+--------------------------------------+----------------------------------------------------------+----------------------------------------------------------+--------------------------------------+-----+
| Epoch |   training time   |    tesing time    |        Loss       |                recall                |                           ndcg                           |                        precision                         |              hit_ratio               | auc |
+-------+-------------------+-------------------+-------------------+--------------------------------------+----------------------------------------------------------+----------------------------------------------------------+--------------------------------------+-----+
|  149  | 34.71092677116394 | 27.37166476249695 | 9.799049377441406 | [0.1968 0.3471 0.4355 0.4959 0.5629] | [0.1968     0.28394317 0.3202182  0.34113611 0.3613875 ] | [0.1968     0.1157     0.0871     0.07084286 0.05629   ] | [0.1968 0.3471 0.4355 0.4959 0.5629] | 0.0 |
+-------+-------------------+-------------------+-------------------+--------------------------------------+----------------------------------------------------------+----------------------------------------------------------+--------------------------------------+-----+
2021-12-31 06:30:06,021 - main.py[line:129] - INFO: using time 33.5621, training loss at epoch 150: 9.7147
2021-12-31 06:30:39,043 - main.py[line:129] - INFO: using time 32.9896, training loss at epoch 151: 9.6585
2021-12-31 06:31:11,622 - main.py[line:129] - INFO: using time 32.5542, training loss at epoch 152: 9.6180
2021-12-31 06:31:45,003 - main.py[line:129] - INFO: using time 33.3420, training loss at epoch 153: 9.7089
2021-12-31 06:32:18,339 - main.py[line:129] - INFO: using time 33.3069, training loss at epoch 154: 9.7192
2021-12-31 06:32:51,535 - main.py[line:129] - INFO: using time 33.1673, training loss at epoch 155: 9.6678
2021-12-31 06:33:24,713 - main.py[line:129] - INFO: using time 33.1487, training loss at epoch 156: 9.5409
2021-12-31 06:33:57,897 - main.py[line:129] - INFO: using time 33.1559, training loss at epoch 157: 9.5706
2021-12-31 06:34:30,701 - main.py[line:129] - INFO: using time 32.7743, training loss at epoch 158: 9.4730
2021-12-31 06:35:31,088 - main.py[line:113] - INFO: +-------+-------------------+-------------------+-------------------+--------------------------------------+----------------------------------------------------------+----------------------------------------------------------+--------------------------------------+-----+
| Epoch |   training time   |    tesing time    |        Loss       |                recall                |                           ndcg                           |                        precision                         |              hit_ratio               | auc |
+-------+-------------------+-------------------+-------------------+--------------------------------------+----------------------------------------------------------+----------------------------------------------------------+--------------------------------------+-----+
|  159  | 32.96691274642944 | 27.40602993965149 | 9.555603981018066 | [0.1939 0.3547 0.4421 0.5058 0.5758] | [0.1939     0.28700019 0.32297163 0.34494837 0.36608878] | [0.1939     0.11823333 0.08842    0.07225714 0.05758   ] | [0.1939 0.3547 0.4421 0.5058 0.5758] | 0.0 |
+-------+-------------------+-------------------+-------------------+--------------------------------------+----------------------------------------------------------+----------------------------------------------------------+--------------------------------------+-----+
2021-12-31 06:36:04,795 - main.py[line:129] - INFO: using time 33.1514, training loss at epoch 160: 9.5659
2021-12-31 06:36:38,043 - main.py[line:129] - INFO: using time 33.2133, training loss at epoch 161: 9.5553
2021-12-31 06:37:11,152 - main.py[line:129] - INFO: using time 33.0798, training loss at epoch 162: 9.5490
2021-12-31 06:37:44,093 - main.py[line:129] - INFO: using time 32.9057, training loss at epoch 163: 9.4545
2021-12-31 06:38:17,268 - main.py[line:129] - INFO: using time 33.1387, training loss at epoch 164: 9.5290
2021-12-31 06:38:50,493 - main.py[line:129] - INFO: using time 33.1876, training loss at epoch 165: 9.5257
2021-12-31 06:39:23,836 - main.py[line:129] - INFO: using time 33.3027, training loss at epoch 166: 9.5426
2021-12-31 06:39:56,857 - main.py[line:129] - INFO: using time 32.9826, training loss at epoch 167: 9.4483
2021-12-31 06:40:29,379 - main.py[line:129] - INFO: using time 32.4871, training loss at epoch 168: 9.5213
2021-12-31 06:41:29,616 - main.py[line:113] - INFO: +-------+-------------------+-------------------+-------------------+--------------------------------------+----------------------------------------------------------+----------------------------------------------------------+--------------------------------------+-----+
| Epoch |   training time   |    tesing time    |        Loss       |                recall                |                           ndcg                           |                        precision                         |              hit_ratio               | auc |
+-------+-------------------+-------------------+-------------------+--------------------------------------+----------------------------------------------------------+----------------------------------------------------------+--------------------------------------+-----+
|  169  | 32.41905212402344 | 27.80174207687378 | 9.429293632507324 | [0.2059 0.3594 0.4502 0.5085 0.5788] | [0.2059     0.29461698 0.33195193 0.35208978 0.37338831] | [0.2059     0.1198     0.09004    0.07264286 0.05788   ] | [0.2059 0.3594 0.4502 0.5085 0.5788] | 0.0 |
+-------+-------------------+-------------------+-------------------+--------------------------------------+----------------------------------------------------------+----------------------------------------------------------+--------------------------------------+-----+
2021-12-31 06:42:03,411 - main.py[line:129] - INFO: using time 33.2521, training loss at epoch 170: 9.3945
2021-12-31 06:42:36,795 - main.py[line:129] - INFO: using time 33.3396, training loss at epoch 171: 9.5140
2021-12-31 06:43:10,113 - main.py[line:129] - INFO: using time 33.2822, training loss at epoch 172: 9.4266
2021-12-31 06:43:42,359 - main.py[line:129] - INFO: using time 32.2145, training loss at epoch 173: 9.4573
2021-12-31 06:44:15,766 - main.py[line:129] - INFO: using time 33.3780, training loss at epoch 174: 9.4065
2021-12-31 06:44:48,796 - main.py[line:129] - INFO: using time 32.9914, training loss at epoch 175: 9.3824
2021-12-31 06:45:21,861 - main.py[line:129] - INFO: using time 33.0316, training loss at epoch 176: 9.4007
2021-12-31 06:45:55,467 - main.py[line:129] - INFO: using time 33.5723, training loss at epoch 177: 9.3796
2021-12-31 06:46:30,365 - main.py[line:129] - INFO: using time 34.8713, training loss at epoch 178: 9.3996
2021-12-31 06:47:29,208 - main.py[line:113] - INFO: +-------+-------------------+--------------------+-------------------+--------------------------------------+----------------------------------------------------------+----------------------------------------------------------+--------------------------------------+-----+
| Epoch |   training time   |    tesing time     |        Loss       |                recall                |                           ndcg                           |                        precision                         |              hit_ratio               | auc |
+-------+-------------------+--------------------+-------------------+--------------------------------------+----------------------------------------------------------+----------------------------------------------------------+--------------------------------------+-----+
|  179  | 31.73876142501831 | 27.087485313415527 | 9.452713012695312 | [0.2039 0.3673 0.4527 0.5142 0.5838] | [0.2039     0.29837874 0.33356772 0.35478138 0.37582972] | [0.2039     0.12243333 0.09054    0.07345714 0.05838   ] | [0.2039 0.3673 0.4527 0.5142 0.5838] | 0.0 |
+-------+-------------------+--------------------+-------------------+--------------------------------------+----------------------------------------------------------+----------------------------------------------------------+--------------------------------------+-----+
2021-12-31 06:48:03,495 - main.py[line:129] - INFO: using time 33.7513, training loss at epoch 180: 9.2557
2021-12-31 06:48:37,178 - main.py[line:129] - INFO: using time 33.6444, training loss at epoch 181: 9.3273
2021-12-31 06:49:10,405 - main.py[line:129] - INFO: using time 33.1915, training loss at epoch 182: 9.3627
2021-12-31 06:49:43,239 - main.py[line:129] - INFO: using time 32.8000, training loss at epoch 183: 9.3156
2021-12-31 06:50:16,313 - main.py[line:129] - INFO: using time 33.0326, training loss at epoch 184: 9.2795
2021-12-31 06:50:49,838 - main.py[line:129] - INFO: using time 33.4900, training loss at epoch 185: 9.2868
2021-12-31 06:51:23,372 - main.py[line:129] - INFO: using time 33.4912, training loss at epoch 186: 9.1810
2021-12-31 06:51:56,840 - main.py[line:129] - INFO: using time 33.4330, training loss at epoch 187: 9.1128
2021-12-31 06:52:30,455 - main.py[line:129] - INFO: using time 33.5783, training loss at epoch 188: 9.3231
2021-12-31 06:53:30,883 - main.py[line:113] - INFO: +-------+-------------------+--------------------+-------------------+--------------------------------------+----------------------------------------------------------+----------------------------------------------------------+--------------------------------------+-----+
| Epoch |   training time   |    tesing time     |        Loss       |                recall                |                           ndcg                           |                        precision                         |              hit_ratio               | auc |
+-------+-------------------+--------------------+-------------------+--------------------------------------+----------------------------------------------------------+----------------------------------------------------------+--------------------------------------+-----+
|  189  | 33.34736180305481 | 27.064436197280884 | 9.288314819335938 | [0.2043 0.363  0.4522 0.5147 0.5814] | [0.2043     0.29648112 0.33316204 0.3547525  0.37495566] | [0.2043     0.121      0.09044    0.07352857 0.05814   ] | [0.2043 0.363  0.4522 0.5147 0.5814] | 0.0 |
+-------+-------------------+--------------------+-------------------+--------------------------------------+----------------------------------------------------------+----------------------------------------------------------+--------------------------------------+-----+
2021-12-31 06:54:04,240 - main.py[line:129] - INFO: using time 33.3069, training loss at epoch 190: 9.1862
2021-12-31 06:54:37,340 - main.py[line:129] - INFO: using time 33.0625, training loss at epoch 191: 9.2684
2021-12-31 06:55:10,417 - main.py[line:129] - INFO: using time 33.0420, training loss at epoch 192: 9.1733
2021-12-31 06:55:43,474 - main.py[line:129] - INFO: using time 33.0294, training loss at epoch 193: 9.2425
2021-12-31 06:56:17,193 - main.py[line:129] - INFO: using time 33.6836, training loss at epoch 194: 9.1187
2021-12-31 06:56:50,499 - main.py[line:129] - INFO: using time 33.2685, training loss at epoch 195: 9.2036
2021-12-31 06:57:23,831 - main.py[line:129] - INFO: using time 33.2960, training loss at epoch 196: 9.0905
2021-12-31 06:57:57,088 - main.py[line:129] - INFO: using time 33.2309, training loss at epoch 197: 9.0619
2021-12-31 06:58:30,185 - main.py[line:129] - INFO: using time 33.0653, training loss at epoch 198: 9.0938
2021-12-31 06:59:30,401 - main.py[line:113] - INFO: +-------+-------------------+--------------------+-----------------+--------------------------------------+----------------------------------------------------------+----------------------------------------------------------+--------------------------------------+-----+
| Epoch |   training time   |    tesing time     |       Loss      |                recall                |                           ndcg                           |                        precision                         |              hit_ratio               | auc |
+-------+-------------------+--------------------+-----------------+--------------------------------------+----------------------------------------------------------+----------------------------------------------------------+--------------------------------------+-----+
|  199  | 32.82361888885498 | 27.379594326019287 | 9.0094575881958 | [0.2056 0.3635 0.4527 0.5169 0.5876] | [0.2056     0.29676575 0.33347735 0.3556665  0.377093  ] | [0.2056     0.12116667 0.09054    0.07384286 0.05876   ] | [0.2056 0.3635 0.4527 0.5169 0.5876] | 0.0 |
+-------+-------------------+--------------------+-----------------+--------------------------------------+----------------------------------------------------------+----------------------------------------------------------+--------------------------------------+-----+
2021-12-31 06:59:30,985 - main.py[line:131] - INFO: early stopping at 199, hit_ratio@10:0.5876
