2022-01-02 10:19:26,466 - main.py[line:45] - INFO: dataset: yelp
2022-01-02 10:19:26,466 - main.py[line:46] - INFO: n_users: 19800
2022-01-02 10:19:26,466 - main.py[line:47] - INFO: n_items: 22734
2022-01-02 10:19:26,466 - main.py[line:48] - INFO: n_behaviors: 5
2022-01-02 10:19:26,467 - main.py[line:49] - INFO: n_interactions: 1400036
2022-01-02 10:19:26,467 - main.py[line:50] - INFO: Namespace(Ks='[1, 3, 5, 7, 10]', batch=258, batch_test_flag=True, behNum=5, cuda=True, data='yelp', dim=64, epoch=200, gpu_id=2, interactions=1400036, item=22734, lr=0.01, ls=0.01, n_hops=2, out_dir='./save/', save=True, save_path='tem', shuffle=True, test_flag='part', user=19800, weighted=True)
2022-01-02 10:19:29,257 - main.py[line:62] - INFO: MBRec(
  (FC1): Sequential(
    (0): Linear(in_features=256, out_features=64, bias=True)
  )
  (FC2): Linear(in_features=64, out_features=64, bias=True)
  (conbine): Sequential(
    (0): Linear(in_features=64, out_features=64, bias=True)
    (1): LeakyReLU(negative_slope=0.01)
    (2): Linear(in_features=64, out_features=1, bias=True)
  )
  (drop_out): Dropout(p=0.2, inplace=False)
  (activate): LeakyReLU(negative_slope=0.01)
  (layernorm): LayerNorm((64,), eps=1e-05, elementwise_affine=True)
  (projects): ModuleList(
    (0): Linear(in_features=64, out_features=64, bias=False)
    (1): Linear(in_features=64, out_features=64, bias=False)
    (2): Linear(in_features=64, out_features=64, bias=False)
    (3): Linear(in_features=64, out_features=64, bias=False)
  )
)
2022-01-02 10:19:29,258 - main.py[line:68] - INFO: start training ...
2022-01-02 10:19:40,985 - main.py[line:132] - INFO: using time 11.7264, training loss at epoch 0: 56.4606
2022-01-02 10:20:10,490 - main.py[line:114] - INFO: +-------+--------------------+------------------+--------------------+--------------------------------------+----------------------------------------------------------+----------------------------------------------------------+--------------------------------------+-----+
| Epoch |   training time    |   tesing time    |        Loss        |                recall                |                           ndcg                           |                        precision                         |              hit_ratio               | auc |
+-------+--------------------+------------------+--------------------+--------------------------------------+----------------------------------------------------------+----------------------------------------------------------+--------------------------------------+-----+
|   1   | 10.812825202941895 | 18.6819429397583 | 29.076345443725586 | [0.0824 0.1942 0.2725 0.3396 0.4211] | [0.0824     0.14620816 0.17831742 0.20151898 0.22619752] | [0.0824     0.06473333 0.0545     0.04851429 0.04211   ] | [0.0824 0.1942 0.2725 0.3396 0.4211] | 0.0 |
+-------+--------------------+------------------+--------------------+--------------------------------------+----------------------------------------------------------+----------------------------------------------------------+--------------------------------------+-----+
2022-01-02 10:20:21,513 - main.py[line:132] - INFO: using time 10.7153, training loss at epoch 2: 18.7570
2022-01-02 10:20:31,952 - main.py[line:132] - INFO: using time 10.4301, training loss at epoch 3: 14.8549
2022-01-02 10:20:42,406 - main.py[line:132] - INFO: using time 10.4436, training loss at epoch 4: 13.3254
2022-01-02 10:20:52,994 - main.py[line:132] - INFO: using time 10.5794, training loss at epoch 5: 12.5088
2022-01-02 10:21:03,523 - main.py[line:132] - INFO: using time 10.5192, training loss at epoch 6: 12.0215
2022-01-02 10:21:14,185 - main.py[line:132] - INFO: using time 10.6534, training loss at epoch 7: 11.6034
2022-01-02 10:21:24,701 - main.py[line:132] - INFO: using time 10.5086, training loss at epoch 8: 11.2687
2022-01-02 10:21:52,977 - main.py[line:114] - INFO: +-------+--------------------+--------------------+--------------------+--------------------------------------+----------------------------------------------------------+----------------------------------------------------------+--------------------------------------+-----+
| Epoch |   training time    |    tesing time     |        Loss        |                recall                |                           ndcg                           |                        precision                         |              hit_ratio               | auc |
+-------+--------------------+--------------------+--------------------+--------------------------------------+----------------------------------------------------------+----------------------------------------------------------+--------------------------------------+-----+
|   9   | 10.502262830734253 | 17.762168645858765 | 10.974061012268066 | [0.203  0.422  0.5563 0.6466 0.7418] | [0.203      0.3292721  0.38460086 0.41586057 0.44471888] | [0.203      0.14066667 0.11126    0.09237143 0.07418   ] | [0.203  0.422  0.5563 0.6466 0.7418] | 0.0 |
+-------+--------------------+--------------------+--------------------+--------------------------------------+----------------------------------------------------------+----------------------------------------------------------+--------------------------------------+-----+
2022-01-02 10:22:05,593 - main.py[line:132] - INFO: using time 12.3349, training loss at epoch 10: 10.6499
2022-01-02 10:22:16,511 - main.py[line:132] - INFO: using time 10.9068, training loss at epoch 11: 10.4007
2022-01-02 10:22:27,114 - main.py[line:132] - INFO: using time 10.5915, training loss at epoch 12: 10.3204
2022-01-02 10:22:37,674 - main.py[line:132] - INFO: using time 10.5500, training loss at epoch 13: 10.0587
2022-01-02 10:22:48,274 - main.py[line:132] - INFO: using time 10.5895, training loss at epoch 14: 9.9582
2022-01-02 10:22:58,794 - main.py[line:132] - INFO: using time 10.5107, training loss at epoch 15: 9.8239
2022-01-02 10:23:09,356 - main.py[line:132] - INFO: using time 10.5534, training loss at epoch 16: 9.6908
2022-01-02 10:23:19,882 - main.py[line:132] - INFO: using time 10.5146, training loss at epoch 17: 9.5049
2022-01-02 10:23:30,420 - main.py[line:132] - INFO: using time 10.5295, training loss at epoch 18: 9.5176
2022-01-02 10:23:58,806 - main.py[line:114] - INFO: +-------+--------------------+--------------------+-------------------+--------------------------------------+----------------------------------------------------------+----------------------------------------------------------+--------------------------------------+-----+
| Epoch |   training time    |    tesing time     |        Loss       |                recall                |                           ndcg                           |                        precision                         |              hit_ratio               | auc |
+-------+--------------------+--------------------+-------------------+--------------------------------------+----------------------------------------------------------+----------------------------------------------------------+--------------------------------------+-----+
|   19  | 10.516432762145996 | 17.858598232269287 | 9.395525932312012 | [0.231  0.4663 0.6003 0.6878 0.7772] | [0.231      0.36582798 0.42109328 0.45130299 0.47842616] | [0.231      0.15543333 0.12006    0.09825714 0.07772   ] | [0.231  0.4663 0.6003 0.6878 0.7772] | 0.0 |
+-------+--------------------+--------------------+-------------------+--------------------------------------+----------------------------------------------------------+----------------------------------------------------------+--------------------------------------+-----+
2022-01-02 10:24:09,650 - main.py[line:132] - INFO: using time 10.6363, training loss at epoch 20: 9.2218
2022-01-02 10:24:20,287 - main.py[line:132] - INFO: using time 10.6280, training loss at epoch 21: 9.2177
2022-01-02 10:24:30,945 - main.py[line:132] - INFO: using time 10.6479, training loss at epoch 22: 9.0675
2022-01-02 10:24:41,538 - main.py[line:132] - INFO: using time 10.5833, training loss at epoch 23: 8.9668
2022-01-02 10:24:52,122 - main.py[line:132] - INFO: using time 10.5751, training loss at epoch 24: 8.9021
2022-01-02 10:25:03,151 - main.py[line:132] - INFO: using time 11.0202, training loss at epoch 25: 8.8361
2022-01-02 10:25:14,405 - main.py[line:132] - INFO: using time 11.2467, training loss at epoch 26: 8.7442
2022-01-02 10:25:25,486 - main.py[line:132] - INFO: using time 11.0718, training loss at epoch 27: 8.6918
2022-01-02 10:25:35,978 - main.py[line:132] - INFO: using time 10.4826, training loss at epoch 28: 8.5861
2022-01-02 10:26:04,218 - main.py[line:114] - INFO: +-------+--------------------+-------------------+-------------------+--------------------------------------+----------------------------------------------------------+----------------------------------------------------------+--------------------------------------+-----+
| Epoch |   training time    |    tesing time    |        Loss       |                recall                |                           ndcg                           |                        precision                         |              hit_ratio               | auc |
+-------+--------------------+-------------------+-------------------+--------------------------------------+----------------------------------------------------------+----------------------------------------------------------+--------------------------------------+-----+
|   29  | 10.615624189376831 | 17.61522078514099 | 8.643473625183105 | [0.2486 0.5006 0.6357 0.7199 0.8092] | [0.2486     0.39325749 0.44883876 0.47794161 0.50504911] | [0.2486     0.16686667 0.12714    0.10284286 0.08092   ] | [0.2486 0.5006 0.6357 0.7199 0.8092] | 0.0 |
+-------+--------------------+-------------------+-------------------+--------------------------------------+----------------------------------------------------------+----------------------------------------------------------+--------------------------------------+-----+
2022-01-02 10:26:15,132 - main.py[line:132] - INFO: using time 10.6375, training loss at epoch 30: 8.5210
2022-01-02 10:26:25,853 - main.py[line:132] - INFO: using time 10.7111, training loss at epoch 31: 8.4768
2022-01-02 10:26:36,799 - main.py[line:132] - INFO: using time 10.9367, training loss at epoch 32: 8.4723
2022-01-02 10:26:47,615 - main.py[line:132] - INFO: using time 10.8063, training loss at epoch 33: 8.3059
2022-01-02 10:26:58,431 - main.py[line:132] - INFO: using time 10.8083, training loss at epoch 34: 8.3518
2022-01-02 10:27:09,206 - main.py[line:132] - INFO: using time 10.7652, training loss at epoch 35: 8.2784
2022-01-02 10:27:19,905 - main.py[line:132] - INFO: using time 10.6912, training loss at epoch 36: 8.1786
2022-01-02 10:27:30,499 - main.py[line:132] - INFO: using time 10.5849, training loss at epoch 37: 8.1991
2022-01-02 10:27:41,138 - main.py[line:132] - INFO: using time 10.6306, training loss at epoch 38: 8.1139
2022-01-02 10:28:10,256 - main.py[line:114] - INFO: +-------+--------------------+--------------------+-------------------+--------------------------------------+----------------------------------------------------------+----------------------------------------------------------+--------------------------------------+-----+
| Epoch |   training time    |    tesing time     |        Loss       |                recall                |                           ndcg                           |                        precision                         |              hit_ratio               | auc |
+-------+--------------------+--------------------+-------------------+--------------------------------------+----------------------------------------------------------+----------------------------------------------------------+--------------------------------------+-----+
|   39  | 10.737976551055908 | 18.370055198669434 | 8.076370239257812 | [0.2656 0.5174 0.6495 0.7365 0.8202] | [0.2656     0.41058956 0.46499274 0.49506781 0.52045148] | [0.2656     0.17246667 0.1299     0.10521429 0.08202   ] | [0.2656 0.5174 0.6495 0.7365 0.8202] | 0.0 |
+-------+--------------------+--------------------+-------------------+--------------------------------------+----------------------------------------------------------+----------------------------------------------------------+--------------------------------------+-----+
2022-01-02 10:28:21,447 - main.py[line:132] - INFO: using time 10.9348, training loss at epoch 40: 8.0914
2022-01-02 10:28:32,098 - main.py[line:132] - INFO: using time 10.6399, training loss at epoch 41: 8.0331
2022-01-02 10:28:42,647 - main.py[line:132] - INFO: using time 10.5388, training loss at epoch 42: 8.0442
2022-01-02 10:28:53,207 - main.py[line:132] - INFO: using time 10.5505, training loss at epoch 43: 7.9820
2022-01-02 10:29:03,858 - main.py[line:132] - INFO: using time 10.6430, training loss at epoch 44: 7.9227
2022-01-02 10:29:14,605 - main.py[line:132] - INFO: using time 10.7388, training loss at epoch 45: 7.8948
2022-01-02 10:29:25,139 - main.py[line:132] - INFO: using time 10.5252, training loss at epoch 46: 7.8951
2022-01-02 10:29:35,699 - main.py[line:132] - INFO: using time 10.5515, training loss at epoch 47: 7.8455
2022-01-02 10:29:46,248 - main.py[line:132] - INFO: using time 10.5388, training loss at epoch 48: 7.7987
2022-01-02 10:30:15,362 - main.py[line:114] - INFO: +-------+--------------------+--------------------+--------------------+--------------------------------------+----------------------------------------------------------+----------------------------------------------------------+--------------------------------------+-----+
| Epoch |   training time    |    tesing time     |        Loss        |                recall                |                           ndcg                           |                        precision                         |              hit_ratio               | auc |
+-------+--------------------+--------------------+--------------------+--------------------------------------+----------------------------------------------------------+----------------------------------------------------------+--------------------------------------+-----+
|   49  | 10.524818181991577 | 18.579896688461304 | 7.7822089195251465 | [0.2691 0.5314 0.6699 0.7554 0.8388] | [0.2691     0.4205572  0.47763345 0.50717421 0.53245722] | [0.2691     0.17713333 0.13398    0.10791429 0.08388   ] | [0.2691 0.5314 0.6699 0.7554 0.8388] | 0.0 |
+-------+--------------------+--------------------+--------------------+--------------------------------------+----------------------------------------------------------+----------------------------------------------------------+--------------------------------------+-----+
2022-01-02 10:30:27,557 - main.py[line:132] - INFO: using time 11.9413, training loss at epoch 50: 7.7488
2022-01-02 10:30:38,785 - main.py[line:132] - INFO: using time 11.2195, training loss at epoch 51: 7.7755
2022-01-02 10:30:49,481 - main.py[line:132] - INFO: using time 10.6846, training loss at epoch 52: 7.7085
2022-01-02 10:31:00,185 - main.py[line:132] - INFO: using time 10.6948, training loss at epoch 53: 7.6511
2022-01-02 10:31:10,874 - main.py[line:132] - INFO: using time 10.6797, training loss at epoch 54: 7.7133
2022-01-02 10:31:21,800 - main.py[line:132] - INFO: using time 10.9165, training loss at epoch 55: 7.6191
2022-01-02 10:31:32,661 - main.py[line:132] - INFO: using time 10.8528, training loss at epoch 56: 7.5740
2022-01-02 10:31:43,272 - main.py[line:132] - INFO: using time 10.6019, training loss at epoch 57: 7.5916
2022-01-02 10:31:53,831 - main.py[line:132] - INFO: using time 10.5489, training loss at epoch 58: 7.6004
2022-01-02 10:32:23,009 - main.py[line:114] - INFO: +-------+-------------------+-------------------+-------------------+--------------------------------------+----------------------------------------------------------+-------------------------------------------+--------------------------------------+-----+
| Epoch |   training time   |    tesing time    |        Loss       |                recall                |                           ndcg                           |                 precision                 |              hit_ratio               | auc |
+-------+-------------------+-------------------+-------------------+--------------------------------------+----------------------------------------------------------+-------------------------------------------+--------------------------------------+-----+
|   59  | 10.52849817276001 | 18.64015030860901 | 7.546296119689941 | [0.2798 0.54   0.6752 0.7616 0.8455] | [0.2798     0.43019411 0.48582283 0.51572764 0.54119404] | [0.2798  0.18    0.13504 0.1088  0.08455] | [0.2798 0.54   0.6752 0.7616 0.8455] | 0.0 |
+-------+-------------------+-------------------+-------------------+--------------------------------------+----------------------------------------------------------+-------------------------------------------+--------------------------------------+-----+
2022-01-02 10:32:33,877 - main.py[line:132] - INFO: using time 10.6066, training loss at epoch 60: 7.5703
2022-01-02 10:32:44,450 - main.py[line:132] - INFO: using time 10.5620, training loss at epoch 61: 7.4727
2022-01-02 10:32:55,176 - main.py[line:132] - INFO: using time 10.7170, training loss at epoch 62: 7.4773
2022-01-02 10:33:05,786 - main.py[line:132] - INFO: using time 10.6009, training loss at epoch 63: 7.4895
2022-01-02 10:33:16,404 - main.py[line:132] - INFO: using time 10.6080, training loss at epoch 64: 7.4621
2022-01-02 10:33:27,049 - main.py[line:132] - INFO: using time 10.6362, training loss at epoch 65: 7.4350
2022-01-02 10:33:37,772 - main.py[line:132] - INFO: using time 10.7147, training loss at epoch 66: 7.3785
2022-01-02 10:33:48,505 - main.py[line:132] - INFO: using time 10.7240, training loss at epoch 67: 7.3915
2022-01-02 10:33:59,112 - main.py[line:132] - INFO: using time 10.5995, training loss at epoch 68: 7.3855
2022-01-02 10:34:27,714 - main.py[line:114] - INFO: +-------+--------------------+-------------------+-------------------+--------------------------------------+----------------------------------------------------------+----------------------------------------------------------+--------------------------------------+-----+
| Epoch |   training time    |    tesing time    |        Loss       |                recall                |                           ndcg                           |                        precision                         |              hit_ratio               | auc |
+-------+--------------------+-------------------+-------------------+--------------------------------------+----------------------------------------------------------+----------------------------------------------------------+--------------------------------------+-----+
|   69  | 10.486958742141724 | 18.10400676727295 | 7.353893280029297 | [0.2813 0.5417 0.6837 0.7682 0.8464] | [0.2813     0.4314406  0.48994095 0.51920557 0.54291163] | [0.2813     0.18056667 0.13674    0.10974286 0.08464   ] | [0.2813 0.5417 0.6837 0.7682 0.8464] | 0.0 |
+-------+--------------------+-------------------+-------------------+--------------------------------------+----------------------------------------------------------+----------------------------------------------------------+--------------------------------------+-----+
2022-01-02 10:34:38,996 - main.py[line:132] - INFO: using time 11.0188, training loss at epoch 70: 7.3937
2022-01-02 10:34:49,904 - main.py[line:132] - INFO: using time 10.8980, training loss at epoch 71: 7.3419
2022-01-02 10:35:00,699 - main.py[line:132] - INFO: using time 10.7861, training loss at epoch 72: 7.2970
2022-01-02 10:35:11,508 - main.py[line:132] - INFO: using time 10.7994, training loss at epoch 73: 7.2690
2022-01-02 10:35:22,533 - main.py[line:132] - INFO: using time 11.0163, training loss at epoch 74: 7.3278
2022-01-02 10:35:34,574 - main.py[line:132] - INFO: using time 12.0316, training loss at epoch 75: 7.2958
2022-01-02 10:35:46,418 - main.py[line:132] - INFO: using time 11.8367, training loss at epoch 76: 7.2458
2022-01-02 10:35:57,351 - main.py[line:132] - INFO: using time 10.9243, training loss at epoch 77: 7.2408
2022-01-02 10:36:08,316 - main.py[line:132] - INFO: using time 10.9528, training loss at epoch 78: 7.2202
2022-01-02 10:36:37,753 - main.py[line:114] - INFO: +-------+--------------------+--------------------+-------------------+--------------------------------------+----------------------------------------------------------+----------------------------------------------------------+--------------------------------------+-----+
| Epoch |   training time    |    tesing time     |        Loss       |                recall                |                           ndcg                           |                        precision                         |              hit_ratio               | auc |
+-------+--------------------+--------------------+-------------------+--------------------------------------+----------------------------------------------------------+----------------------------------------------------------+--------------------------------------+-----+
|   79  | 10.882686853408813 | 18.543440341949463 | 7.209124565124512 | [0.2856 0.5579 0.6924 0.7752 0.8519] | [0.2856     0.44279041 0.4981089  0.52675194 0.549979  ] | [0.2856     0.18596667 0.13848    0.11074286 0.08519   ] | [0.2856 0.5579 0.6924 0.7752 0.8519] | 0.0 |
+-------+--------------------+--------------------+-------------------+--------------------------------------+----------------------------------------------------------+----------------------------------------------------------+--------------------------------------+-----+
2022-01-02 10:36:48,904 - main.py[line:132] - INFO: using time 10.8753, training loss at epoch 80: 7.2305
2022-01-02 10:36:59,699 - main.py[line:132] - INFO: using time 10.7857, training loss at epoch 81: 7.2023
2022-01-02 10:37:10,501 - main.py[line:132] - INFO: using time 10.7936, training loss at epoch 82: 7.1387
2022-01-02 10:37:21,105 - main.py[line:132] - INFO: using time 10.5952, training loss at epoch 83: 7.1548
2022-01-02 10:37:31,597 - main.py[line:132] - INFO: using time 10.4830, training loss at epoch 84: 7.1404
2022-01-02 10:37:42,180 - main.py[line:132] - INFO: using time 10.5736, training loss at epoch 85: 7.1278
2022-01-02 10:37:52,845 - main.py[line:132] - INFO: using time 10.6570, training loss at epoch 86: 7.1097
2022-01-02 10:38:03,529 - main.py[line:132] - INFO: using time 10.6750, training loss at epoch 87: 7.0882
2022-01-02 10:38:14,106 - main.py[line:132] - INFO: using time 10.5684, training loss at epoch 88: 7.0679
2022-01-02 10:38:43,015 - main.py[line:114] - INFO: +-------+--------------------+--------------------+-------------------+--------------------------------------+----------------------------------------------------------+----------------------------------------------------------+--------------------------------------+-----+
| Epoch |   training time    |    tesing time     |        Loss       |                recall                |                           ndcg                           |                        precision                         |              hit_ratio               | auc |
+-------+--------------------+--------------------+-------------------+--------------------------------------+----------------------------------------------------------+----------------------------------------------------------+--------------------------------------+-----+
|   89  | 10.638467073440552 | 18.260339736938477 | 7.099450588226318 | [0.2915 0.5587 0.6923 0.7741 0.8518] | [0.2915     0.44652011 0.50140278 0.52972622 0.55330182] | [0.2915     0.18623333 0.13846    0.11058571 0.08518   ] | [0.2915 0.5587 0.6923 0.7741 0.8518] | 0.0 |
+-------+--------------------+--------------------+-------------------+--------------------------------------+----------------------------------------------------------+----------------------------------------------------------+--------------------------------------+-----+
2022-01-02 10:38:54,194 - main.py[line:132] - INFO: using time 11.1616, training loss at epoch 90: 7.1106
2022-01-02 10:39:05,013 - main.py[line:132] - INFO: using time 10.8083, training loss at epoch 91: 7.0915
2022-01-02 10:39:15,810 - main.py[line:132] - INFO: using time 10.7880, training loss at epoch 92: 7.0199
2022-01-02 10:39:26,556 - main.py[line:132] - INFO: using time 10.7360, training loss at epoch 93: 6.9671
2022-01-02 10:39:37,341 - main.py[line:132] - INFO: using time 10.7764, training loss at epoch 94: 7.0286
2022-01-02 10:39:48,121 - main.py[line:132] - INFO: using time 10.7708, training loss at epoch 95: 6.9857
2022-01-02 10:39:58,961 - main.py[line:132] - INFO: using time 10.8316, training loss at epoch 96: 7.0180
2022-01-02 10:40:09,834 - main.py[line:132] - INFO: using time 10.8636, training loss at epoch 97: 6.9668
2022-01-02 10:40:20,783 - main.py[line:132] - INFO: using time 10.9390, training loss at epoch 98: 6.9860
2022-01-02 10:40:50,982 - main.py[line:114] - INFO: +-------+--------------------+--------------------+-------------------+--------------------------------------+----------------------------------------------------------+----------------------------------------------------------+--------------------------------------+-----+
| Epoch |   training time    |    tesing time     |        Loss       |                recall                |                           ndcg                           |                        precision                         |              hit_ratio               | auc |
+-------+--------------------+--------------------+-------------------+--------------------------------------+----------------------------------------------------------+----------------------------------------------------------+--------------------------------------+-----+
|   99  | 10.973593711853027 | 19.216110944747925 | 6.901250839233398 | [0.2999 0.5655 0.7002 0.7815 0.8575] | [0.2999     0.45334762 0.50883551 0.53694653 0.55997223] | [0.2999     0.1885     0.14004    0.11164286 0.08575   ] | [0.2999 0.5655 0.7002 0.7815 0.8575] | 0.0 |
+-------+--------------------+--------------------+-------------------+--------------------------------------+----------------------------------------------------------+----------------------------------------------------------+--------------------------------------+-----+
2022-01-02 10:41:02,666 - main.py[line:132] - INFO: using time 11.3914, training loss at epoch 100: 6.9635
2022-01-02 10:41:13,282 - main.py[line:132] - INFO: using time 10.6064, training loss at epoch 101: 6.8893
2022-01-02 10:41:23,898 - main.py[line:132] - INFO: using time 10.6087, training loss at epoch 102: 6.9400
2022-01-02 10:41:34,482 - main.py[line:132] - INFO: using time 10.5747, training loss at epoch 103: 6.9128
2022-01-02 10:41:45,135 - main.py[line:132] - INFO: using time 10.6444, training loss at epoch 104: 6.8655
2022-01-02 10:41:55,928 - main.py[line:132] - INFO: using time 10.7849, training loss at epoch 105: 6.9049
2022-01-02 10:42:06,690 - main.py[line:132] - INFO: using time 10.7535, training loss at epoch 106: 6.8850
2022-01-02 10:42:17,361 - main.py[line:132] - INFO: using time 10.6632, training loss at epoch 107: 6.8823
2022-01-02 10:42:28,001 - main.py[line:132] - INFO: using time 10.6293, training loss at epoch 108: 6.8546
2022-01-02 10:42:57,066 - main.py[line:114] - INFO: +-------+-------------------+--------------------+-------------------+--------------------------------------+----------------------------------------------------------+----------------------------------------------------------+--------------------------------------+-----+
| Epoch |   training time   |    tesing time     |        Loss       |                recall                |                           ndcg                           |                        precision                         |              hit_ratio               | auc |
+-------+-------------------+--------------------+-------------------+--------------------------------------+----------------------------------------------------------+----------------------------------------------------------+--------------------------------------+-----+
|  109  | 10.85165548324585 | 18.204748392105103 | 6.854933261871338 | [0.2958 0.5657 0.7033 0.7857 0.8569] | [0.2958     0.45202608 0.50882428 0.53733629 0.55895128] | [0.2958     0.18856667 0.14066    0.11224286 0.08569   ] | [0.2958 0.5657 0.7033 0.7857 0.8569] | 0.0 |
+-------+-------------------+--------------------+-------------------+--------------------------------------+----------------------------------------------------------+----------------------------------------------------------+--------------------------------------+-----+
2022-01-02 10:43:07,793 - main.py[line:132] - INFO: using time 10.7123, training loss at epoch 110: 6.8229
2022-01-02 10:43:18,559 - main.py[line:132] - INFO: using time 10.7552, training loss at epoch 111: 6.8399
2022-01-02 10:43:29,528 - main.py[line:132] - INFO: using time 10.9603, training loss at epoch 112: 6.8513
2022-01-02 10:43:40,374 - main.py[line:132] - INFO: using time 10.8370, training loss at epoch 113: 6.8237
2022-01-02 10:43:51,171 - main.py[line:132] - INFO: using time 10.7884, training loss at epoch 114: 6.7997
2022-01-02 10:44:01,970 - main.py[line:132] - INFO: using time 10.7908, training loss at epoch 115: 6.7771
2022-01-02 10:44:12,774 - main.py[line:132] - INFO: using time 10.7954, training loss at epoch 116: 6.7601
2022-01-02 10:44:23,572 - main.py[line:132] - INFO: using time 10.7896, training loss at epoch 117: 6.8049
2022-01-02 10:44:34,383 - main.py[line:132] - INFO: using time 10.8019, training loss at epoch 118: 6.7505
2022-01-02 10:45:03,692 - main.py[line:114] - INFO: +-------+--------------------+-------------------+-------------------+--------------------------------------+----------------------------------------------------------+----------------------------------------------------------+--------------------------------------+-----+
| Epoch |   training time    |    tesing time    |        Loss       |                recall                |                           ndcg                           |                        precision                         |              hit_ratio               | auc |
+-------+--------------------+-------------------+-------------------+--------------------------------------+----------------------------------------------------------+----------------------------------------------------------+--------------------------------------+-----+
|  119  | 10.888916969299316 | 18.41086196899414 | 6.780827045440674 | [0.3029 0.5707 0.7062 0.7872 0.8594] | [0.3029     0.45784041 0.5137079  0.5416686  0.56355439] | [0.3029     0.19023333 0.14124    0.11245714 0.08594   ] | [0.3029 0.5707 0.7062 0.7872 0.8594] | 0.0 |
+-------+--------------------+-------------------+-------------------+--------------------------------------+----------------------------------------------------------+----------------------------------------------------------+--------------------------------------+-----+
2022-01-02 10:45:14,582 - main.py[line:132] - INFO: using time 10.6299, training loss at epoch 120: 6.7482
2022-01-02 10:45:25,163 - main.py[line:132] - INFO: using time 10.5717, training loss at epoch 121: 6.7085
2022-01-02 10:45:35,798 - main.py[line:132] - INFO: using time 10.6267, training loss at epoch 122: 6.7802
2022-01-02 10:45:46,904 - main.py[line:132] - INFO: using time 11.0966, training loss at epoch 123: 6.7332
2022-01-02 10:45:58,873 - main.py[line:132] - INFO: using time 11.9606, training loss at epoch 124: 6.7154
2022-01-02 10:46:10,923 - main.py[line:132] - INFO: using time 12.0420, training loss at epoch 125: 6.6840
2022-01-02 10:46:21,714 - main.py[line:132] - INFO: using time 10.7791, training loss at epoch 126: 6.6939
2022-01-02 10:46:32,492 - main.py[line:132] - INFO: using time 10.7683, training loss at epoch 127: 6.7261
2022-01-02 10:46:43,194 - main.py[line:132] - INFO: using time 10.6917, training loss at epoch 128: 6.6270
2022-01-02 10:47:11,865 - main.py[line:114] - INFO: +-------+--------------------+--------------------+-------------------+--------------------------------------+----------------------------------------------------------+----------------------------------------------------------+--------------------------------------+-----+
| Epoch |   training time    |    tesing time     |        Loss       |                recall                |                           ndcg                           |                        precision                         |              hit_ratio               | auc |
+-------+--------------------+--------------------+-------------------+--------------------------------------+----------------------------------------------------------+----------------------------------------------------------+--------------------------------------+-----+
|  129  | 10.523002862930298 | 18.139622449874878 | 6.660486698150635 | [0.3053 0.5674 0.7049 0.7864 0.8601] | [0.3053     0.45656555 0.51338642 0.54158699 0.56391363] | [0.3053     0.18913333 0.14098    0.11234286 0.08601   ] | [0.3053 0.5674 0.7049 0.7864 0.8601] | 0.0 |
+-------+--------------------+--------------------+-------------------+--------------------------------------+----------------------------------------------------------+----------------------------------------------------------+--------------------------------------+-----+
2022-01-02 10:47:23,008 - main.py[line:132] - INFO: using time 10.8573, training loss at epoch 130: 6.6803
2022-01-02 10:47:33,863 - main.py[line:132] - INFO: using time 10.8449, training loss at epoch 131: 6.6999
2022-01-02 10:47:44,524 - main.py[line:132] - INFO: using time 10.6517, training loss at epoch 132: 6.6038
2022-01-02 10:47:55,252 - main.py[line:132] - INFO: using time 10.7202, training loss at epoch 133: 6.6909
2022-01-02 10:48:05,987 - main.py[line:132] - INFO: using time 10.7252, training loss at epoch 134: 6.5870
2022-01-02 10:48:16,628 - main.py[line:132] - INFO: using time 10.6325, training loss at epoch 135: 6.6510
2022-01-02 10:48:27,338 - main.py[line:132] - INFO: using time 10.7017, training loss at epoch 136: 6.6406
2022-01-02 10:48:38,203 - main.py[line:132] - INFO: using time 10.8559, training loss at epoch 137: 6.6089
2022-01-02 10:48:49,008 - main.py[line:132] - INFO: using time 10.7971, training loss at epoch 138: 6.6104
2022-01-02 10:49:18,156 - main.py[line:114] - INFO: +-------+--------------------+--------------------+-------------------+--------------------------------------+----------------------------------------------------------+----------------------------------------------------------+--------------------------------------+-----+
| Epoch |   training time    |    tesing time     |        Loss       |                recall                |                           ndcg                           |                        precision                         |              hit_ratio               | auc |
+-------+--------------------+--------------------+-------------------+--------------------------------------+----------------------------------------------------------+----------------------------------------------------------+--------------------------------------+-----+
|  139  | 10.800739765167236 | 18.338804244995117 | 6.581325531005859 | [0.3118 0.5818 0.7135 0.7948 0.8624] | [0.3118     0.46822011 0.52243787 0.55059465 0.57113593] | [0.3118     0.19393333 0.1427     0.11354286 0.08624   ] | [0.3118 0.5818 0.7135 0.7948 0.8624] | 0.0 |
+-------+--------------------+--------------------+-------------------+--------------------------------------+----------------------------------------------------------+----------------------------------------------------------+--------------------------------------+-----+
2022-01-02 10:49:29,222 - main.py[line:132] - INFO: using time 10.8429, training loss at epoch 140: 6.5926
2022-01-02 10:49:40,009 - main.py[line:132] - INFO: using time 10.7768, training loss at epoch 141: 6.5713
2022-01-02 10:49:50,845 - main.py[line:132] - INFO: using time 10.8260, training loss at epoch 142: 6.6187
2022-01-02 10:50:01,833 - main.py[line:132] - INFO: using time 10.9795, training loss at epoch 143: 6.6176
2022-01-02 10:50:12,922 - main.py[line:132] - INFO: using time 11.0788, training loss at epoch 144: 6.5231
2022-01-02 10:50:24,035 - main.py[line:132] - INFO: using time 11.1034, training loss at epoch 145: 6.5598
2022-01-02 10:50:34,981 - main.py[line:132] - INFO: using time 10.9367, training loss at epoch 146: 6.6204
2022-01-02 10:50:45,833 - main.py[line:132] - INFO: using time 10.8431, training loss at epoch 147: 6.5655
2022-01-02 10:50:56,876 - main.py[line:132] - INFO: using time 11.0333, training loss at epoch 148: 6.4855
2022-01-02 10:51:27,704 - main.py[line:114] - INFO: +-------+-------------------+--------------------+--------------------+--------------------------------------+----------------------------------------------------------+----------------------------------------------------------+--------------------------------------+-----+
| Epoch |   training time   |    tesing time     |        Loss        |                recall                |                           ndcg                           |                        precision                         |              hit_ratio               | auc |
+-------+-------------------+--------------------+--------------------+--------------------------------------+----------------------------------------------------------+----------------------------------------------------------+--------------------------------------+-----+
|  149  | 12.26021695137024 | 18.558961868286133 | 6.5103302001953125 | [0.3066 0.5759 0.7121 0.7956 0.8673] | [0.3066     0.46255227 0.5186292  0.5475559  0.5693293 ] | [0.3066     0.19196667 0.14242    0.11365714 0.08673   ] | [0.3066 0.5759 0.7121 0.7956 0.8673] | 0.0 |
+-------+-------------------+--------------------+--------------------+--------------------------------------+----------------------------------------------------------+----------------------------------------------------------+--------------------------------------+-----+
2022-01-02 10:51:38,619 - main.py[line:132] - INFO: using time 10.6433, training loss at epoch 150: 6.5506
2022-01-02 10:51:49,122 - main.py[line:132] - INFO: using time 10.4938, training loss at epoch 151: 6.5384
2022-01-02 10:51:59,631 - main.py[line:132] - INFO: using time 10.4998, training loss at epoch 152: 6.5615
2022-01-02 10:52:10,165 - main.py[line:132] - INFO: using time 10.5256, training loss at epoch 153: 6.5263
2022-01-02 10:52:20,842 - main.py[line:132] - INFO: using time 10.6669, training loss at epoch 154: 6.4977
2022-01-02 10:52:31,578 - main.py[line:132] - INFO: using time 10.7271, training loss at epoch 155: 6.4911
2022-01-02 10:52:42,701 - main.py[line:132] - INFO: using time 11.1135, training loss at epoch 156: 6.5150
2022-01-02 10:52:53,728 - main.py[line:132] - INFO: using time 11.0178, training loss at epoch 157: 6.5286
2022-01-02 10:53:04,576 - main.py[line:132] - INFO: using time 10.8385, training loss at epoch 158: 6.4875
2022-01-02 10:53:33,328 - main.py[line:114] - INFO: +-------+--------------------+--------------------+------------------+--------------------------------------+----------------------------------------------------------+----------------------------------------------------------+--------------------------------------+-----+
| Epoch |   training time    |    tesing time     |       Loss       |                recall                |                           ndcg                           |                        precision                         |              hit_ratio               | auc |
+-------+--------------------+--------------------+------------------+--------------------------------------+----------------------------------------------------------+----------------------------------------------------------+--------------------------------------+-----+
|  159  | 10.837369203567505 | 17.905542612075806 | 6.50831413269043 | [0.3022 0.5819 0.7159 0.7944 0.8664] | [0.3022     0.46415094 0.51936365 0.54656192 0.56836998] | [0.3022     0.19396667 0.14318    0.11348571 0.08664   ] | [0.3022 0.5819 0.7159 0.7944 0.8664] | 0.0 |
+-------+--------------------+--------------------+------------------+--------------------------------------+----------------------------------------------------------+----------------------------------------------------------+--------------------------------------+-----+
2022-01-02 10:53:44,345 - main.py[line:132] - INFO: using time 11.0014, training loss at epoch 160: 6.4495
2022-01-02 10:53:55,135 - main.py[line:132] - INFO: using time 10.7798, training loss at epoch 161: 6.4926
2022-01-02 10:54:05,945 - main.py[line:132] - INFO: using time 10.8015, training loss at epoch 162: 6.4776
2022-01-02 10:54:16,757 - main.py[line:132] - INFO: using time 10.8047, training loss at epoch 163: 6.4904
2022-01-02 10:54:27,564 - main.py[line:132] - INFO: using time 10.7966, training loss at epoch 164: 6.4947
2022-01-02 10:54:38,386 - main.py[line:132] - INFO: using time 10.8118, training loss at epoch 165: 6.4517
2022-01-02 10:54:49,210 - main.py[line:132] - INFO: using time 10.8159, training loss at epoch 166: 6.4516
2022-01-02 10:55:00,546 - main.py[line:132] - INFO: using time 11.3274, training loss at epoch 167: 6.4422
2022-01-02 10:55:12,244 - main.py[line:132] - INFO: using time 11.6879, training loss at epoch 168: 6.4173
2022-01-02 10:55:41,205 - main.py[line:114] - INFO: +-------+--------------------+--------------------+-------------------+--------------------------------------+----------------------------------------------------------+----------------------------------------------------------+--------------------------------------+-----+
| Epoch |   training time    |    tesing time     |        Loss       |                recall                |                           ndcg                           |                        precision                         |              hit_ratio               | auc |
+-------+--------------------+--------------------+-------------------+--------------------------------------+----------------------------------------------------------+----------------------------------------------------------+--------------------------------------+-----+
|  169  | 10.785317420959473 | 18.167048454284668 | 6.400752067565918 | [0.306  0.5786 0.7158 0.7956 0.8657] | [0.306      0.4637332  0.52035475 0.5479795  0.56926382] | [0.306      0.19286667 0.14316    0.11365714 0.08657   ] | [0.306  0.5786 0.7158 0.7956 0.8657] | 0.0 |
+-------+--------------------+--------------------+-------------------+--------------------------------------+----------------------------------------------------------+----------------------------------------------------------+--------------------------------------+-----+
2022-01-02 10:55:52,348 - main.py[line:132] - INFO: using time 11.1286, training loss at epoch 170: 6.4412
2022-01-02 10:56:03,180 - main.py[line:132] - INFO: using time 10.8204, training loss at epoch 171: 6.4411
2022-01-02 10:56:14,966 - main.py[line:132] - INFO: using time 11.7752, training loss at epoch 172: 6.3996
2022-01-02 10:56:27,387 - main.py[line:132] - INFO: using time 12.4119, training loss at epoch 173: 6.3416
2022-01-02 10:56:38,732 - main.py[line:132] - INFO: using time 11.3357, training loss at epoch 174: 6.4276
2022-01-02 10:56:49,407 - main.py[line:132] - INFO: using time 10.6666, training loss at epoch 175: 6.4117
2022-01-02 10:57:00,148 - main.py[line:132] - INFO: using time 10.7319, training loss at epoch 176: 6.3994
2022-01-02 10:57:10,852 - main.py[line:132] - INFO: using time 10.6959, training loss at epoch 177: 6.3904
2022-01-02 10:57:21,819 - main.py[line:132] - INFO: using time 10.9590, training loss at epoch 178: 6.4817
2022-01-02 10:57:51,375 - main.py[line:114] - INFO: +-------+--------------------+--------------------+--------------------+--------------------------------------+----------------------------------------------------------+----------------------------------------------------------+--------------------------------------+-----+
| Epoch |   training time    |    tesing time     |        Loss        |                recall                |                           ndcg                           |                        precision                         |              hit_ratio               | auc |
+-------+--------------------+--------------------+--------------------+--------------------------------------+----------------------------------------------------------+----------------------------------------------------------+--------------------------------------+-----+
|  179  | 11.022868156433105 | 18.524547815322876 | 6.4055094718933105 | [0.3085 0.5824 0.713  0.7938 0.8687] | [0.3085     0.46738073 0.52119487 0.54908662 0.5718186 ] | [0.3085     0.19413333 0.1426     0.1134     0.08687   ] | [0.3085 0.5824 0.713  0.7938 0.8687] | 0.0 |
+-------+--------------------+--------------------+--------------------+--------------------------------------+----------------------------------------------------------+----------------------------------------------------------+--------------------------------------+-----+
2022-01-02 10:58:02,481 - main.py[line:132] - INFO: using time 10.8355, training loss at epoch 180: 6.3669
2022-01-02 10:58:13,225 - main.py[line:132] - INFO: using time 10.7361, training loss at epoch 181: 6.3715
2022-01-02 10:58:23,971 - main.py[line:132] - INFO: using time 10.7380, training loss at epoch 182: 6.3508
2022-01-02 10:58:34,717 - main.py[line:132] - INFO: using time 10.7381, training loss at epoch 183: 6.3484
2022-01-02 10:58:45,412 - main.py[line:132] - INFO: using time 10.6847, training loss at epoch 184: 6.3799
2022-01-02 10:58:56,113 - main.py[line:132] - INFO: using time 10.6921, training loss at epoch 185: 6.3966
2022-01-02 10:59:06,813 - main.py[line:132] - INFO: using time 10.6913, training loss at epoch 186: 6.3315
2022-01-02 10:59:17,524 - main.py[line:132] - INFO: using time 10.7015, training loss at epoch 187: 6.2847
2022-01-02 10:59:28,265 - main.py[line:132] - INFO: using time 10.7323, training loss at epoch 188: 6.3415
2022-01-02 10:59:57,819 - main.py[line:114] - INFO: +-------+-------------------+--------------------+-------------------+--------------------------------------+----------------------------------------------------------+----------------------------------------------------------+--------------------------------------+-----+
| Epoch |   training time   |    tesing time     |        Loss       |                recall                |                           ndcg                           |                        precision                         |              hit_ratio               | auc |
+-------+-------------------+--------------------+-------------------+--------------------------------------+----------------------------------------------------------+----------------------------------------------------------+--------------------------------------+-----+
|  189  | 11.03908920288086 | 18.504608392715454 | 6.348179340362549 | [0.3083 0.5825 0.7149 0.7948 0.8692] | [0.3083     0.46718671 0.52185495 0.54949702 0.57213083] | [0.3083     0.19416667 0.14298    0.11354286 0.08692   ] | [0.3083 0.5825 0.7149 0.7948 0.8692] | 0.0 |
+-------+-------------------+--------------------+-------------------+--------------------------------------+----------------------------------------------------------+----------------------------------------------------------+--------------------------------------+-----+
2022-01-02 11:00:08,898 - main.py[line:132] - INFO: using time 10.7959, training loss at epoch 190: 6.3398
2022-01-02 11:00:19,946 - main.py[line:132] - INFO: using time 11.0395, training loss at epoch 191: 6.2933
2022-01-02 11:00:30,732 - main.py[line:132] - INFO: using time 10.7776, training loss at epoch 192: 6.3271
2022-01-02 11:00:41,398 - main.py[line:132] - INFO: using time 10.6565, training loss at epoch 193: 6.3036
2022-01-02 11:00:52,133 - main.py[line:132] - INFO: using time 10.7270, training loss at epoch 194: 6.2889
2022-01-02 11:01:02,595 - main.py[line:132] - INFO: using time 10.4523, training loss at epoch 195: 6.3182
2022-01-02 11:01:13,043 - main.py[line:132] - INFO: using time 10.4396, training loss at epoch 196: 6.3018
2022-01-02 11:01:24,159 - main.py[line:132] - INFO: using time 11.1081, training loss at epoch 197: 6.3194
2022-01-02 11:01:36,535 - main.py[line:132] - INFO: using time 12.3668, training loss at epoch 198: 6.2725
2022-01-02 11:02:06,502 - main.py[line:114] - INFO: +-------+--------------------+--------------------+-------------------+--------------------------------------+----------------------------------------------------------+----------------------------------------------------------+--------------------------------------+-----+
| Epoch |   training time    |    tesing time     |        Loss       |                recall                |                           ndcg                           |                        precision                         |              hit_ratio               | auc |
+-------+--------------------+--------------------+-------------------+--------------------------------------+----------------------------------------------------------+----------------------------------------------------------+--------------------------------------+-----+
|  199  | 11.591763734817505 | 18.367457628250122 | 6.276791572570801 | [0.3122 0.582  0.7159 0.7981 0.8712] | [0.3122     0.46886053 0.52405646 0.55248349 0.5747041 ] | [0.3122     0.194      0.14318    0.11401429 0.08712   ] | [0.3122 0.582  0.7159 0.7981 0.8712] | 0.0 |
+-------+--------------------+--------------------+-------------------+--------------------------------------+----------------------------------------------------------+----------------------------------------------------------+--------------------------------------+-----+
2022-01-02 11:02:06,788 - main.py[line:134] - INFO: early stopping at 199, hit_ratio@10:0.8712
