2022-03-09 06:43:06,741 - main.py[line:45] - INFO: dataset: beibei
2022-03-09 06:43:06,743 - main.py[line:46] - INFO: n_users: 21716
2022-03-09 06:43:06,743 - main.py[line:47] - INFO: n_items: 7977
2022-03-09 06:43:06,743 - main.py[line:48] - INFO: n_behaviors: 4
2022-03-09 06:43:06,743 - main.py[line:49] - INFO: n_interactions: 3338068
2022-03-09 06:43:06,744 - main.py[line:50] - INFO: Namespace(Ks='[1, 3, 5, 7, 10]', batch=258, batch_test_flag=True, behNum=4, cuda=True, data='beibei', dim=64, epoch=200, gpu_id=0, interactions=3338068, item=7977, lr=0.01, ls=0.5, n_hops=2, out_dir='./save/', save=True, save_path='tem', shuffle=True, test_flag='part', user=21716, weighted=True)
2022-03-09 06:43:13,672 - main.py[line:62] - INFO: MBRec(
  (Rconv): RGCNConv(
    (activate): LeakyReLU(negative_slope=0.01)
    (project): Linear(in_features=64, out_features=64, bias=False)
    (Ws): ModuleList(
      (0): Linear(in_features=64, out_features=64, bias=False)
      (1): Linear(in_features=64, out_features=64, bias=False)
      (2): Linear(in_features=64, out_features=64, bias=False)
    )
  )
  (FC1): Sequential(
    (0): Linear(in_features=192, out_features=64, bias=True)
  )
  (FC2): Linear(in_features=64, out_features=64, bias=True)
  (conbine): Sequential(
    (0): Linear(in_features=64, out_features=64, bias=True)
    (1): LeakyReLU(negative_slope=0.01)
    (2): Linear(in_features=64, out_features=1, bias=True)
  )
  (drop_out): Dropout(p=0.2, inplace=False)
  (activate): LeakyReLU(negative_slope=0.01)
  (layernorm): LayerNorm((64,), eps=1e-05, elementwise_affine=True)
  (projects): ModuleList(
    (0): Linear(in_features=64, out_features=64, bias=False)
    (1): Linear(in_features=64, out_features=64, bias=False)
    (2): Linear(in_features=64, out_features=64, bias=False)
  )
)
2022-03-09 06:43:13,674 - main.py[line:68] - INFO: start training ...
2022-03-09 06:43:39,463 - main.py[line:132] - INFO: using time 25.7855, training loss at epoch 0: 41.5468
2022-03-09 06:44:48,774 - main.py[line:114] - INFO: +-------+-------------------+-------------------+-------------------+--------------------------------------+----------------------------------------------------------+----------------------------------------------------------+--------------------------------------+-----+
| Epoch |   training time   |    tesing time    |        Loss       |                recall                |                           ndcg                           |                        precision                         |              hit_ratio               | auc |
+-------+-------------------+-------------------+-------------------+--------------------------------------+----------------------------------------------------------+----------------------------------------------------------+--------------------------------------+-----+
|   1   | 26.01634192466736 | 43.27054405212402 | 20.55296516418457 | [0.1117 0.2953 0.4258 0.5101 0.58  ] | [0.1117     0.21618709 0.26992749 0.29908197 0.32030712] | [0.1117     0.09843333 0.08516    0.07287143 0.058     ] | [0.1117 0.2953 0.4258 0.5101 0.58  ] | 0.0 |
+-------+-------------------+-------------------+-------------------+--------------------------------------+----------------------------------------------------------+----------------------------------------------------------+--------------------------------------+-----+
2022-03-09 06:45:13,330 - main.py[line:132] - INFO: using time 24.4619, training loss at epoch 2: 18.4675
2022-03-09 06:45:37,097 - main.py[line:132] - INFO: using time 23.7483, training loss at epoch 3: 17.2296
2022-03-09 06:46:01,645 - main.py[line:132] - INFO: using time 24.5308, training loss at epoch 4: 16.4945
2022-03-09 06:46:25,580 - main.py[line:132] - INFO: using time 23.9131, training loss at epoch 5: 15.7516
2022-03-09 06:46:49,111 - main.py[line:132] - INFO: using time 23.4977, training loss at epoch 6: 15.1093
2022-03-09 06:47:13,530 - main.py[line:132] - INFO: using time 24.4026, training loss at epoch 7: 14.5435
2022-03-09 06:47:38,348 - main.py[line:132] - INFO: using time 24.7970, training loss at epoch 8: 14.0361
2022-03-09 06:48:46,368 - main.py[line:114] - INFO: +-------+--------------------+-------------------+--------------------+--------------------------------------+----------------------------------------------------------+----------------------------------------------------------+--------------------------------------+-----+
| Epoch |   training time    |    tesing time    |        Loss        |                recall                |                           ndcg                           |                        precision                         |              hit_ratio               | auc |
+-------+--------------------+-------------------+--------------------+--------------------------------------+----------------------------------------------------------+----------------------------------------------------------+--------------------------------------+-----+
|   9   | 24.130853414535522 | 43.86976933479309 | 13.795446395874023 | [0.1395 0.3433 0.4738 0.5556 0.6341] | [0.1395     0.25601176 0.30960316 0.33796777 0.36179083] | [0.1395     0.11443333 0.09476    0.07937143 0.06341   ] | [0.1395 0.3433 0.4738 0.5556 0.6341] | 0.0 |
+-------+--------------------+-------------------+--------------------+--------------------------------------+----------------------------------------------------------+----------------------------------------------------------+--------------------------------------+-----+
2022-03-09 06:49:09,960 - main.py[line:132] - INFO: using time 23.4917, training loss at epoch 10: 13.5662
2022-03-09 06:49:33,319 - main.py[line:132] - INFO: using time 23.3222, training loss at epoch 11: 13.4253
2022-03-09 06:49:57,033 - main.py[line:132] - INFO: using time 23.6788, training loss at epoch 12: 13.1151
2022-03-09 06:50:20,841 - main.py[line:132] - INFO: using time 23.8003, training loss at epoch 13: 12.9548
2022-03-09 06:50:45,126 - main.py[line:132] - INFO: using time 24.2709, training loss at epoch 14: 12.7852
2022-03-09 06:51:09,779 - main.py[line:132] - INFO: using time 24.6231, training loss at epoch 15: 12.6681
2022-03-09 06:51:34,766 - main.py[line:132] - INFO: using time 24.9495, training loss at epoch 16: 12.4914
2022-03-09 06:51:58,725 - main.py[line:132] - INFO: using time 23.9479, training loss at epoch 17: 12.4467
2022-03-09 06:52:23,027 - main.py[line:132] - INFO: using time 24.2903, training loss at epoch 18: 12.3570
2022-03-09 06:53:31,609 - main.py[line:114] - INFO: +-------+-------------------+-------------------+--------------------+--------------------------------------+----------------------------------------------------------+----------------------------------------------------------+--------------------------------------+-----+
| Epoch |   training time   |    tesing time    |        Loss        |                recall                |                           ndcg                           |                        precision                         |              hit_ratio               | auc |
+-------+-------------------+-------------------+--------------------+--------------------------------------+----------------------------------------------------------+----------------------------------------------------------+--------------------------------------+-----+
|   19  | 24.30250310897827 | 44.26783061027527 | 12.133748054504395 | [0.1544 0.3564 0.488  0.5778 0.6571] | [0.1544     0.26998557 0.32412521 0.35519767 0.37929055] | [0.1544     0.1188     0.0976     0.08254286 0.06571   ] | [0.1544 0.3564 0.488  0.5778 0.6571] | 0.0 |
+-------+-------------------+-------------------+--------------------+--------------------------------------+----------------------------------------------------------+----------------------------------------------------------+--------------------------------------+-----+
2022-03-09 06:53:56,076 - main.py[line:132] - INFO: using time 24.3910, training loss at epoch 20: 12.0389
2022-03-09 06:54:19,244 - main.py[line:132] - INFO: using time 23.1550, training loss at epoch 21: 11.9518
2022-03-09 06:54:44,545 - main.py[line:132] - INFO: using time 25.2674, training loss at epoch 22: 11.8808
2022-03-09 06:55:08,712 - main.py[line:132] - INFO: using time 24.1323, training loss at epoch 23: 11.8369
2022-03-09 06:55:33,783 - main.py[line:132] - INFO: using time 25.0486, training loss at epoch 24: 11.7759
2022-03-09 06:55:57,486 - main.py[line:132] - INFO: using time 23.6954, training loss at epoch 25: 11.5952
2022-03-09 06:56:21,481 - main.py[line:132] - INFO: using time 23.9564, training loss at epoch 26: 11.5961
2022-03-09 06:56:45,735 - main.py[line:132] - INFO: using time 24.2231, training loss at epoch 27: 11.5074
2022-03-09 06:57:09,020 - main.py[line:132] - INFO: using time 23.2741, training loss at epoch 28: 11.4610
2022-03-09 06:58:18,584 - main.py[line:114] - INFO: +-------+------------------+-------------------+--------------------+--------------------------------------+----------------------------------------------------------+----------------------------------------------------------+--------------------------------------+-----+
| Epoch |  training time   |    tesing time    |        Loss        |                recall                |                           ndcg                           |                        precision                         |              hit_ratio               | auc |
+-------+------------------+-------------------+--------------------+--------------------------------------+----------------------------------------------------------+----------------------------------------------------------+--------------------------------------+-----+
|   29  | 24.9902400970459 | 44.52901744842529 | 11.244930267333984 | [0.1629 0.3735 0.5038 0.5888 0.6682] | [0.1629     0.28436982 0.33811173 0.36748354 0.39152944] | [0.1629     0.1245     0.10076    0.08411429 0.06682   ] | [0.1629 0.3735 0.5038 0.5888 0.6682] | 0.0 |
+-------+------------------+-------------------+--------------------+--------------------------------------+----------------------------------------------------------+----------------------------------------------------------+--------------------------------------+-----+
2022-03-09 06:58:42,384 - main.py[line:132] - INFO: using time 23.6301, training loss at epoch 30: 11.2588
2022-03-09 06:59:06,261 - main.py[line:132] - INFO: using time 23.7934, training loss at epoch 31: 11.2069
2022-03-09 06:59:30,390 - main.py[line:132] - INFO: using time 24.0956, training loss at epoch 32: 11.1813
2022-03-09 06:59:54,557 - main.py[line:132] - INFO: using time 24.1558, training loss at epoch 33: 11.0829
2022-03-09 07:00:18,512 - main.py[line:132] - INFO: using time 23.9390, training loss at epoch 34: 11.1040
2022-03-09 07:00:42,501 - main.py[line:132] - INFO: using time 23.9787, training loss at epoch 35: 10.9824
2022-03-09 07:01:07,054 - main.py[line:132] - INFO: using time 24.5442, training loss at epoch 36: 10.9292
2022-03-09 07:01:32,066 - main.py[line:132] - INFO: using time 24.9977, training loss at epoch 37: 10.9010
2022-03-09 07:01:57,294 - main.py[line:132] - INFO: using time 25.2175, training loss at epoch 38: 10.8285
2022-03-09 07:03:05,901 - main.py[line:114] - INFO: +-------+--------------------+-------------------+--------------------+--------------------------------------+----------------------------------------------------------+----------------------------------------------------------+--------------------------------------+-----+
| Epoch |   training time    |    tesing time    |        Loss        |                recall                |                           ndcg                           |                        precision                         |              hit_ratio               | auc |
+-------+--------------------+-------------------+--------------------+--------------------------------------+----------------------------------------------------------+----------------------------------------------------------+--------------------------------------+-----+
|   39  | 24.260015964508057 | 44.30463528633118 | 10.764229774475098 | [0.1627 0.3793 0.5139 0.5972 0.6776] | [0.1627     0.28637115 0.34172832 0.37052202 0.39486601] | [0.1627     0.12643333 0.10278    0.08531429 0.06776   ] | [0.1627 0.3793 0.5139 0.5972 0.6776] | 0.0 |
+-------+--------------------+-------------------+--------------------+--------------------------------------+----------------------------------------------------------+----------------------------------------------------------+--------------------------------------+-----+
2022-03-09 07:03:29,954 - main.py[line:132] - INFO: using time 23.8750, training loss at epoch 40: 10.7261
2022-03-09 07:03:53,917 - main.py[line:132] - INFO: using time 23.9354, training loss at epoch 41: 10.6906
2022-03-09 07:04:18,270 - main.py[line:132] - INFO: using time 24.3288, training loss at epoch 42: 10.6387
2022-03-09 07:04:43,730 - main.py[line:132] - INFO: using time 25.4411, training loss at epoch 43: 10.6011
2022-03-09 07:05:08,507 - main.py[line:132] - INFO: using time 24.7491, training loss at epoch 44: 10.5324
2022-03-09 07:05:32,564 - main.py[line:132] - INFO: using time 24.0463, training loss at epoch 45: 10.5294
2022-03-09 07:05:56,942 - main.py[line:132] - INFO: using time 24.3554, training loss at epoch 46: 10.4044
2022-03-09 07:06:20,577 - main.py[line:132] - INFO: using time 23.6114, training loss at epoch 47: 10.4670
2022-03-09 07:06:45,275 - main.py[line:132] - INFO: using time 24.6792, training loss at epoch 48: 10.4189
2022-03-09 07:07:51,383 - main.py[line:114] - INFO: +-------+--------------------+--------------------+------------------+--------------------------------------+----------------------------------------------------------+----------------------------------------------------------+--------------------------------------+-----+
| Epoch |   training time    |    tesing time     |       Loss       |                recall                |                           ndcg                           |                        precision                         |              hit_ratio               | auc |
+-------+--------------------+--------------------+------------------+--------------------------------------+----------------------------------------------------------+----------------------------------------------------------+--------------------------------------+-----+
|   49  | 24.067132711410522 | 42.020209550857544 | 10.3676118850708 | [0.1729 0.3934 0.5304 0.6122 0.6924] | [0.1729     0.29905797 0.35527785 0.38354867 0.40790609] | [0.1729     0.13113333 0.10608    0.08745714 0.06924   ] | [0.1729 0.3934 0.5304 0.6122 0.6924] | 0.0 |
+-------+--------------------+--------------------+------------------+--------------------------------------+----------------------------------------------------------+----------------------------------------------------------+--------------------------------------+-----+
2022-03-09 07:08:16,056 - main.py[line:132] - INFO: using time 24.5853, training loss at epoch 50: 10.3270
2022-03-09 07:08:40,948 - main.py[line:132] - INFO: using time 24.8750, training loss at epoch 51: 10.2715
2022-03-09 07:09:05,106 - main.py[line:132] - INFO: using time 24.1407, training loss at epoch 52: 10.2796
2022-03-09 07:09:29,104 - main.py[line:132] - INFO: using time 23.9851, training loss at epoch 53: 10.2083
2022-03-09 07:09:54,353 - main.py[line:132] - INFO: using time 25.2308, training loss at epoch 54: 10.1698
2022-03-09 07:10:19,275 - main.py[line:132] - INFO: using time 24.9077, training loss at epoch 55: 10.1883
2022-03-09 07:10:43,998 - main.py[line:132] - INFO: using time 24.7035, training loss at epoch 56: 10.1294
2022-03-09 07:11:08,290 - main.py[line:132] - INFO: using time 24.2649, training loss at epoch 57: 10.1113
2022-03-09 07:11:32,280 - main.py[line:132] - INFO: using time 23.9785, training loss at epoch 58: 10.0720
2022-03-09 07:12:40,227 - main.py[line:114] - INFO: +-------+--------------------+--------------------+--------------------+--------------------------------------+----------------------------------------------------------+----------------------------------------------------------+--------------------------------------+-----+
| Epoch |   training time    |    tesing time     |        Loss        |                recall                |                           ndcg                           |                        precision                         |              hit_ratio               | auc |
+-------+--------------------+--------------------+--------------------+--------------------------------------+----------------------------------------------------------+----------------------------------------------------------+--------------------------------------+-----+
|   59  | 25.629772424697876 | 42.295817136764526 | 10.031794548034668 | [0.1808 0.4062 0.5393 0.6224 0.7001] | [0.1808     0.31033757 0.3651276  0.39389352 0.41748463] | [0.1808     0.1354     0.10786    0.08891429 0.07001   ] | [0.1808 0.4062 0.5393 0.6224 0.7001] | 0.0 |
+-------+--------------------+--------------------+--------------------+--------------------------------------+----------------------------------------------------------+----------------------------------------------------------+--------------------------------------+-----+
2022-03-09 07:13:04,765 - main.py[line:132] - INFO: using time 24.4659, training loss at epoch 60: 10.0324
2022-03-09 07:13:29,485 - main.py[line:132] - INFO: using time 24.7058, training loss at epoch 61: 9.9810
2022-03-09 07:13:53,951 - main.py[line:132] - INFO: using time 24.4481, training loss at epoch 62: 9.9755
2022-03-09 07:14:17,801 - main.py[line:132] - INFO: using time 23.8370, training loss at epoch 63: 9.9572
2022-03-09 07:14:42,237 - main.py[line:132] - INFO: using time 24.4151, training loss at epoch 64: 9.9455
2022-03-09 07:15:06,129 - main.py[line:132] - INFO: using time 23.8770, training loss at epoch 65: 9.8461
2022-03-09 07:15:30,190 - main.py[line:132] - INFO: using time 24.0413, training loss at epoch 66: 9.8794
2022-03-09 07:15:54,403 - main.py[line:132] - INFO: using time 24.1888, training loss at epoch 67: 9.8085
2022-03-09 07:16:18,161 - main.py[line:132] - INFO: using time 23.7350, training loss at epoch 68: 9.7803
2022-03-09 07:17:26,801 - main.py[line:114] - INFO: +-------+--------------------+-------------------+-------------------+--------------------------------------+----------------------------------------------------------+----------------------------------------------------------+--------------------------------------+-----+
| Epoch |   training time    |    tesing time    |        Loss       |                recall                |                           ndcg                           |                        precision                         |              hit_ratio               | auc |
+-------+--------------------+-------------------+-------------------+--------------------------------------+----------------------------------------------------------+----------------------------------------------------------+--------------------------------------+-----+
|   69  | 24.052386045455933 | 44.58011865615845 | 9.807506561279297 | [0.1752 0.3998 0.5391 0.6214 0.701 ] | [0.1752     0.30402333 0.36118995 0.38964574 0.41385566] | [0.1752     0.13326667 0.10782    0.08877143 0.0701    ] | [0.1752 0.3998 0.5391 0.6214 0.701 ] | 0.0 |
+-------+--------------------+-------------------+-------------------+--------------------------------------+----------------------------------------------------------+----------------------------------------------------------+--------------------------------------+-----+
2022-03-09 07:17:51,122 - main.py[line:132] - INFO: using time 24.2077, training loss at epoch 70: 9.7912
2022-03-09 07:18:14,726 - main.py[line:132] - INFO: using time 23.5951, training loss at epoch 71: 9.7759
2022-03-09 07:18:38,895 - main.py[line:132] - INFO: using time 24.1474, training loss at epoch 72: 9.7720
2022-03-09 07:19:02,841 - main.py[line:132] - INFO: using time 23.9331, training loss at epoch 73: 9.7399
2022-03-09 07:19:26,917 - main.py[line:132] - INFO: using time 24.0524, training loss at epoch 74: 9.7485
2022-03-09 07:19:51,466 - main.py[line:132] - INFO: using time 24.5384, training loss at epoch 75: 9.7430
2022-03-09 07:20:15,216 - main.py[line:132] - INFO: using time 23.7386, training loss at epoch 76: 9.6166
2022-03-09 07:20:39,079 - main.py[line:132] - INFO: using time 23.8504, training loss at epoch 77: 9.5683
2022-03-09 07:21:03,678 - main.py[line:132] - INFO: using time 24.5861, training loss at epoch 78: 9.6084
2022-03-09 07:22:13,660 - main.py[line:114] - INFO: +-------+--------------------+-------------------+-------------------+--------------------------------------+----------------------------------------------------------+----------------------------------------------------------+--------------------------------------+-----+
| Epoch |   training time    |    tesing time    |        Loss       |                recall                |                           ndcg                           |                        precision                         |              hit_ratio               | auc |
+-------+--------------------+-------------------+-------------------+--------------------------------------+----------------------------------------------------------+----------------------------------------------------------+--------------------------------------+-----+
|   79  | 24.568840742111206 | 45.38853621482849 | 9.652348518371582 | [0.1743 0.4095 0.5543 0.6393 0.7163] | [0.1743     0.30927438 0.36893242 0.39834997 0.42172736] | [0.1743     0.1365     0.11086    0.09132857 0.07163   ] | [0.1743 0.4095 0.5543 0.6393 0.7163] | 0.0 |
+-------+--------------------+-------------------+-------------------+--------------------------------------+----------------------------------------------------------+----------------------------------------------------------+--------------------------------------+-----+
2022-03-09 07:22:38,330 - main.py[line:132] - INFO: using time 24.6166, training loss at epoch 80: 9.5735
2022-03-09 07:23:01,735 - main.py[line:132] - INFO: using time 23.3756, training loss at epoch 81: 9.4798
2022-03-09 07:23:25,729 - main.py[line:132] - INFO: using time 23.9620, training loss at epoch 82: 9.5671
2022-03-09 07:23:49,985 - main.py[line:132] - INFO: using time 24.2210, training loss at epoch 83: 9.5691
2022-03-09 07:24:13,801 - main.py[line:132] - INFO: using time 23.8029, training loss at epoch 84: 9.5247
2022-03-09 07:24:37,925 - main.py[line:132] - INFO: using time 24.1102, training loss at epoch 85: 9.4761
2022-03-09 07:25:02,135 - main.py[line:132] - INFO: using time 24.1819, training loss at epoch 86: 9.4336
2022-03-09 07:25:26,392 - main.py[line:132] - INFO: using time 24.2155, training loss at epoch 87: 9.4828
2022-03-09 07:25:50,401 - main.py[line:132] - INFO: using time 24.0017, training loss at epoch 88: 9.4198
2022-03-09 07:26:59,877 - main.py[line:114] - INFO: +-------+--------------------+-------------------+-------------------+--------------------------------------+----------------------------------------------------------+----------------------------------------------------------+--------------------------------------+-----+
| Epoch |   training time    |    tesing time    |        Loss       |                recall                |                           ndcg                           |                        precision                         |              hit_ratio               | auc |
+-------+--------------------+-------------------+-------------------+--------------------------------------+----------------------------------------------------------+----------------------------------------------------------+--------------------------------------+-----+
|   89  | 23.799919366836548 | 45.66482067108154 | 9.485077857971191 | [0.1855 0.4219 0.558  0.6422 0.7232] | [0.1855     0.32116603 0.37705527 0.40612381 0.43067016] | [0.1855     0.14063333 0.1116     0.09174286 0.07232   ] | [0.1855 0.4219 0.558  0.6422 0.7232] | 0.0 |
+-------+--------------------+-------------------+-------------------+--------------------------------------+----------------------------------------------------------+----------------------------------------------------------+--------------------------------------+-----+
2022-03-09 07:27:23,512 - main.py[line:132] - INFO: using time 23.5727, training loss at epoch 90: 9.4959
2022-03-09 07:27:47,665 - main.py[line:132] - INFO: using time 24.1384, training loss at epoch 91: 9.4816
2022-03-09 07:28:11,342 - main.py[line:132] - INFO: using time 23.6578, training loss at epoch 92: 9.4483
2022-03-09 07:28:35,369 - main.py[line:132] - INFO: using time 23.9941, training loss at epoch 93: 9.3427
2022-03-09 07:28:59,403 - main.py[line:132] - INFO: using time 24.0130, training loss at epoch 94: 9.3838
2022-03-09 07:29:23,357 - main.py[line:132] - INFO: using time 23.9191, training loss at epoch 95: 9.3404
2022-03-09 07:29:47,412 - main.py[line:132] - INFO: using time 24.0310, training loss at epoch 96: 9.3191
2022-03-09 07:30:11,663 - main.py[line:132] - INFO: using time 24.2423, training loss at epoch 97: 9.3281
2022-03-09 07:30:37,200 - main.py[line:132] - INFO: using time 25.5033, training loss at epoch 98: 9.3085
2022-03-09 07:31:46,954 - main.py[line:114] - INFO: +-------+--------------------+-------------------+-------------------+--------------------------------------+----------------------------------------------------------+----------------------------------------------------------+--------------------------------------+-----+
| Epoch |   training time    |    tesing time    |        Loss       |                recall                |                           ndcg                           |                        precision                         |              hit_ratio               | auc |
+-------+--------------------+-------------------+-------------------+--------------------------------------+----------------------------------------------------------+----------------------------------------------------------+--------------------------------------+-----+
|   99  | 25.007901430130005 | 44.70162391662598 | 9.254703521728516 | [0.1813 0.4284 0.5624 0.6487 0.731 ] | [0.1813     0.32302305 0.37813934 0.40801768 0.43299624] | [0.1813     0.1428     0.11248    0.09267143 0.0731    ] | [0.1813 0.4284 0.5624 0.6487 0.731 ] | 0.0 |
+-------+--------------------+-------------------+-------------------+--------------------------------------+----------------------------------------------------------+----------------------------------------------------------+--------------------------------------+-----+
2022-03-09 07:32:11,007 - main.py[line:132] - INFO: using time 23.9374, training loss at epoch 100: 9.2908
2022-03-09 07:32:35,647 - main.py[line:132] - INFO: using time 24.6049, training loss at epoch 101: 9.2645
2022-03-09 07:33:00,226 - main.py[line:132] - INFO: using time 24.5405, training loss at epoch 102: 9.2242
2022-03-09 07:33:26,730 - main.py[line:132] - INFO: using time 26.4509, training loss at epoch 103: 9.2650
2022-03-09 07:33:50,761 - main.py[line:132] - INFO: using time 24.0073, training loss at epoch 104: 9.2681
2022-03-09 07:34:15,650 - main.py[line:132] - INFO: using time 24.8701, training loss at epoch 105: 9.2212
2022-03-09 07:34:40,346 - main.py[line:132] - INFO: using time 24.6747, training loss at epoch 106: 9.1719
2022-03-09 07:35:04,780 - main.py[line:132] - INFO: using time 24.4142, training loss at epoch 107: 9.1323
2022-03-09 07:35:29,084 - main.py[line:132] - INFO: using time 24.2743, training loss at epoch 108: 9.1812
2022-03-09 07:36:38,397 - main.py[line:114] - INFO: +-------+--------------------+--------------------+-------------------+--------------------------------------+----------------------------------------------------------+----------------------------------------------------------+--------------------------------------+-----+
| Epoch |   training time    |    tesing time     |        Loss       |                recall                |                           ndcg                           |                        precision                         |              hit_ratio               | auc |
+-------+--------------------+--------------------+-------------------+--------------------------------------+----------------------------------------------------------+----------------------------------------------------------+--------------------------------------+-----+
|  109  | 23.827019691467285 | 45.474626541137695 | 9.158187866210938 | [0.1877 0.419  0.5521 0.6463 0.7273] | [0.1877     0.32084222 0.37571113 0.40835547 0.4328826 ] | [0.1877     0.13966667 0.11042    0.09232857 0.07273   ] | [0.1877 0.419  0.5521 0.6463 0.7273] | 0.0 |
+-------+--------------------+--------------------+-------------------+--------------------------------------+----------------------------------------------------------+----------------------------------------------------------+--------------------------------------+-----+
2022-03-09 07:37:02,694 - main.py[line:132] - INFO: using time 24.2828, training loss at epoch 110: 9.1521
2022-03-09 07:37:26,218 - main.py[line:132] - INFO: using time 23.4927, training loss at epoch 111: 9.1942
2022-03-09 07:37:50,792 - main.py[line:132] - INFO: using time 24.5640, training loss at epoch 112: 9.1758
2022-03-09 07:38:14,919 - main.py[line:132] - INFO: using time 24.0671, training loss at epoch 113: 9.1800
2022-03-09 07:38:39,438 - main.py[line:132] - INFO: using time 24.4868, training loss at epoch 114: 9.1479
2022-03-09 07:39:04,572 - main.py[line:132] - INFO: using time 25.1154, training loss at epoch 115: 9.1021
2022-03-09 07:39:28,693 - main.py[line:132] - INFO: using time 24.1124, training loss at epoch 116: 9.0714
2022-03-09 07:39:53,430 - main.py[line:132] - INFO: using time 24.7215, training loss at epoch 117: 9.1161
2022-03-09 07:40:18,312 - main.py[line:132] - INFO: using time 24.8577, training loss at epoch 118: 9.1329
2022-03-09 07:41:28,412 - main.py[line:114] - INFO: +-------+-------------------+--------------------+-------------------+--------------------------------------+----------------------------------------------------------+----------------------------------------------------------+--------------------------------------+-----+
| Epoch |   training time   |    tesing time     |        Loss       |                recall                |                           ndcg                           |                        precision                         |              hit_ratio               | auc |
+-------+-------------------+--------------------+-------------------+--------------------------------------+----------------------------------------------------------+----------------------------------------------------------+--------------------------------------+-----+
|  119  | 26.83598804473877 | 43.253119468688965 | 9.138445854187012 | [0.187  0.4199 0.5586 0.645  0.7258] | [0.187      0.3204054  0.37736182 0.40726205 0.43177674] | [0.187      0.13996667 0.11172    0.09214286 0.07258   ] | [0.187  0.4199 0.5586 0.645  0.7258] | 0.0 |
+-------+-------------------+--------------------+-------------------+--------------------------------------+----------------------------------------------------------+----------------------------------------------------------+--------------------------------------+-----+
2022-03-09 07:41:52,581 - main.py[line:132] - INFO: using time 24.1541, training loss at epoch 120: 9.0381
2022-03-09 07:42:16,625 - main.py[line:132] - INFO: using time 24.0314, training loss at epoch 121: 9.0350
2022-03-09 07:42:39,796 - main.py[line:132] - INFO: using time 23.1299, training loss at epoch 122: 8.9272
2022-03-09 07:43:04,113 - main.py[line:132] - INFO: using time 24.2881, training loss at epoch 123: 9.0637
2022-03-09 07:43:28,469 - main.py[line:132] - INFO: using time 24.3457, training loss at epoch 124: 9.0877
2022-03-09 07:43:52,726 - main.py[line:132] - INFO: using time 24.2411, training loss at epoch 125: 9.0633
2022-03-09 07:44:19,286 - main.py[line:132] - INFO: using time 26.5377, training loss at epoch 126: 8.9987
2022-03-09 07:44:43,597 - main.py[line:132] - INFO: using time 24.3015, training loss at epoch 127: 8.9748
2022-03-09 07:45:06,648 - main.py[line:132] - INFO: using time 23.0439, training loss at epoch 128: 9.0709
2022-03-09 07:46:13,995 - main.py[line:114] - INFO: +-------+-------------------+-------------------+-------------------+--------------------------------------+----------------------------------------------------------+----------------------------------------------------------+--------------------------------------+-----+
| Epoch |   training time   |    tesing time    |        Loss       |                recall                |                           ndcg                           |                        precision                         |              hit_ratio               | auc |
+-------+-------------------+-------------------+-------------------+--------------------------------------+----------------------------------------------------------+----------------------------------------------------------+--------------------------------------+-----+
|  129  | 24.54108476638794 | 42.78433632850647 | 8.981640815734863 | [0.1811 0.4229 0.5556 0.65   0.7346] | [0.1811     0.32012068 0.37469024 0.40738523 0.43302395] | [0.1811     0.14096667 0.11112    0.09285714 0.07346   ] | [0.1811 0.4229 0.5556 0.65   0.7346] | 0.0 |
+-------+-------------------+-------------------+-------------------+--------------------------------------+----------------------------------------------------------+----------------------------------------------------------+--------------------------------------+-----+
2022-03-09 07:46:38,582 - main.py[line:132] - INFO: using time 24.4802, training loss at epoch 130: 8.9457
2022-03-09 07:47:02,298 - main.py[line:132] - INFO: using time 23.7018, training loss at epoch 131: 8.9502
2022-03-09 07:47:26,289 - main.py[line:132] - INFO: using time 23.9804, training loss at epoch 132: 8.9395
2022-03-09 07:47:51,346 - main.py[line:132] - INFO: using time 25.0231, training loss at epoch 133: 8.9490
2022-03-09 07:48:15,612 - main.py[line:132] - INFO: using time 24.2537, training loss at epoch 134: 8.9648
2022-03-09 07:48:39,083 - main.py[line:132] - INFO: using time 23.4575, training loss at epoch 135: 8.9424
2022-03-09 07:49:03,306 - main.py[line:132] - INFO: using time 24.2117, training loss at epoch 136: 8.9330
2022-03-09 07:49:28,393 - main.py[line:132] - INFO: using time 25.0753, training loss at epoch 137: 8.9242
2022-03-09 07:49:52,627 - main.py[line:132] - INFO: using time 24.2112, training loss at epoch 138: 8.9759
2022-03-09 07:51:02,898 - main.py[line:114] - INFO: +-------+--------------------+------------------+-------------------+--------------------------------------+----------------------------------------------------------+----------------------------------------------------------+--------------------------------------+-----+
| Epoch |   training time    |   tesing time    |        Loss       |                recall                |                           ndcg                           |                        precision                         |              hit_ratio               | auc |
+-------+--------------------+------------------+-------------------+--------------------------------------+----------------------------------------------------------+----------------------------------------------------------+--------------------------------------+-----+
|  139  | 24.245306730270386 | 45.9985785484314 | 8.864594459533691 | [0.1882 0.4334 0.5683 0.6544 0.7385] | [0.1882     0.32873738 0.38424566 0.41408935 0.43962164] | [0.1882     0.14446667 0.11366    0.09348571 0.07385   ] | [0.1882 0.4334 0.5683 0.6544 0.7385] | 0.0 |
+-------+--------------------+------------------+-------------------+--------------------------------------+----------------------------------------------------------+----------------------------------------------------------+--------------------------------------+-----+
2022-03-09 07:51:27,174 - main.py[line:132] - INFO: using time 24.2164, training loss at epoch 140: 8.9112
2022-03-09 07:51:50,961 - main.py[line:132] - INFO: using time 23.7657, training loss at epoch 141: 8.8643
2022-03-09 07:52:15,539 - main.py[line:132] - INFO: using time 24.5325, training loss at epoch 142: 8.9019
2022-03-09 07:52:39,759 - main.py[line:132] - INFO: using time 24.2096, training loss at epoch 143: 8.8979
2022-03-09 07:53:03,818 - main.py[line:132] - INFO: using time 24.0181, training loss at epoch 144: 8.9447
2022-03-09 07:53:28,000 - main.py[line:132] - INFO: using time 24.1740, training loss at epoch 145: 8.8224
2022-03-09 07:53:51,433 - main.py[line:132] - INFO: using time 23.3994, training loss at epoch 146: 8.8460
2022-03-09 07:54:15,465 - main.py[line:132] - INFO: using time 23.9975, training loss at epoch 147: 8.9144
2022-03-09 07:54:39,416 - main.py[line:132] - INFO: using time 23.9396, training loss at epoch 148: 8.8759
2022-03-09 07:55:46,898 - main.py[line:114] - INFO: +-------+-------------------+-------------------+-------------------+--------------------------------------+----------------------------------------------------------+----------------------------------------------------------+--------------------------------------+-----+
| Epoch |   training time   |    tesing time    |        Loss       |                recall                |                           ndcg                           |                        precision                         |              hit_ratio               | auc |
+-------+-------------------+-------------------+-------------------+--------------------------------------+----------------------------------------------------------+----------------------------------------------------------+--------------------------------------+-----+
|  149  | 24.20916247367859 | 43.24573230743408 | 8.858222007751465 | [0.1871 0.4278 0.572  0.6596 0.74  ] | [0.1871     0.32575398 0.3851317  0.41547311 0.43990224] | [0.1871     0.1426     0.1144     0.09422857 0.074     ] | [0.1871 0.4278 0.572  0.6596 0.74  ] | 0.0 |
+-------+-------------------+-------------------+-------------------+--------------------------------------+----------------------------------------------------------+----------------------------------------------------------+--------------------------------------+-----+
2022-03-09 07:56:09,854 - main.py[line:132] - INFO: using time 22.7796, training loss at epoch 150: 8.8099
2022-03-09 07:56:34,145 - main.py[line:132] - INFO: using time 24.2697, training loss at epoch 151: 8.8548
2022-03-09 07:56:59,466 - main.py[line:132] - INFO: using time 25.2886, training loss at epoch 152: 8.8433
2022-03-09 07:57:22,208 - main.py[line:132] - INFO: using time 22.7329, training loss at epoch 153: 8.8158
2022-03-09 07:57:42,305 - main.py[line:132] - INFO: using time 20.0841, training loss at epoch 154: 8.8149
2022-03-09 07:58:06,326 - main.py[line:132] - INFO: using time 24.0104, training loss at epoch 155: 8.7448
2022-03-09 07:58:29,816 - main.py[line:132] - INFO: using time 23.4791, training loss at epoch 156: 8.7661
2022-03-09 07:58:53,527 - main.py[line:132] - INFO: using time 23.6931, training loss at epoch 157: 8.7005
2022-03-09 07:59:18,663 - main.py[line:132] - INFO: using time 25.0874, training loss at epoch 158: 8.8219
2022-03-09 08:00:21,129 - main.py[line:114] - INFO: +-------+--------------------+-------------------+-------------------+--------------------------------------+----------------------------------------------------------+----------------------------------------------------------+--------------------------------------+-----+
| Epoch |   training time    |    tesing time    |        Loss       |                recall                |                           ndcg                           |                        precision                         |              hit_ratio               | auc |
+-------+--------------------+-------------------+-------------------+--------------------------------------+----------------------------------------------------------+----------------------------------------------------------+--------------------------------------+-----+
|  159  | 23.968467235565186 | 38.44151496887207 | 8.838421821594238 | [0.1999 0.4363 0.5765 0.6607 0.7412] | [0.1999     0.3352518  0.39289367 0.42204227 0.44647601] | [0.1999     0.14543333 0.1153     0.09438571 0.07412   ] | [0.1999 0.4363 0.5765 0.6607 0.7412] | 0.0 |
+-------+--------------------+-------------------+-------------------+--------------------------------------+----------------------------------------------------------+----------------------------------------------------------+--------------------------------------+-----+
2022-03-09 08:00:46,341 - main.py[line:132] - INFO: using time 25.0895, training loss at epoch 160: 8.8156
2022-03-09 08:01:09,064 - main.py[line:132] - INFO: using time 22.7063, training loss at epoch 161: 8.7375
2022-03-09 08:01:32,947 - main.py[line:132] - INFO: using time 23.8566, training loss at epoch 162: 8.7665
2022-03-09 08:01:57,969 - main.py[line:132] - INFO: using time 25.0050, training loss at epoch 163: 8.7422
2022-03-09 08:02:21,254 - main.py[line:132] - INFO: using time 23.2246, training loss at epoch 164: 8.8182
2022-03-09 08:02:46,382 - main.py[line:132] - INFO: using time 25.1136, training loss at epoch 165: 8.6777
2022-03-09 08:03:11,090 - main.py[line:132] - INFO: using time 24.6791, training loss at epoch 166: 8.8034
2022-03-09 08:03:35,646 - main.py[line:132] - INFO: using time 24.5082, training loss at epoch 167: 8.6958
2022-03-09 08:03:58,510 - main.py[line:132] - INFO: using time 22.8444, training loss at epoch 168: 8.7694
2022-03-09 08:05:00,375 - main.py[line:114] - INFO: +-------+--------------------+--------------------+-------------------+--------------------------------------+----------------------------------------------------------+-------------------------------------------+--------------------------------------+-----+
| Epoch |   training time    |    tesing time     |        Loss       |                recall                |                           ndcg                           |                 precision                 |              hit_ratio               | auc |
+-------+--------------------+--------------------+-------------------+--------------------------------------+----------------------------------------------------------+-------------------------------------------+--------------------------------------+-----+
|  169  | 23.300750732421875 | 38.554861068725586 | 8.667561531066895 | [0.1892 0.4398 0.5763 0.6622 0.7465] | [0.1892     0.33241119 0.38856473 0.41831431 0.44391803] | [0.1892  0.1466  0.11526 0.0946  0.07465] | [0.1892 0.4398 0.5763 0.6622 0.7465] | 0.0 |
+-------+--------------------+--------------------+-------------------+--------------------------------------+----------------------------------------------------------+-------------------------------------------+--------------------------------------+-----+
2022-03-09 08:05:25,111 - main.py[line:132] - INFO: using time 24.5398, training loss at epoch 170: 8.7481
2022-03-09 08:05:49,504 - main.py[line:132] - INFO: using time 24.3673, training loss at epoch 171: 8.7089
2022-03-09 08:06:13,794 - main.py[line:132] - INFO: using time 24.2194, training loss at epoch 172: 8.7293
2022-03-09 08:06:36,537 - main.py[line:132] - INFO: using time 22.7321, training loss at epoch 173: 8.6956
2022-03-09 08:07:02,774 - main.py[line:132] - INFO: using time 26.2218, training loss at epoch 174: 8.7253
2022-03-09 08:07:26,084 - main.py[line:132] - INFO: using time 23.3020, training loss at epoch 175: 8.6402
2022-03-09 08:07:50,142 - main.py[line:132] - INFO: using time 24.0239, training loss at epoch 176: 8.7813
2022-03-09 08:08:14,277 - main.py[line:132] - INFO: using time 24.1202, training loss at epoch 177: 8.5971
2022-03-09 08:08:38,145 - main.py[line:132] - INFO: using time 23.8347, training loss at epoch 178: 8.6725
2022-03-09 08:09:39,633 - main.py[line:114] - INFO: +-------+--------------------+--------------------+-------------------+--------------------------------------+----------------------------------------------------------+----------------------------------------------------------+--------------------------------------+-----+
| Epoch |   training time    |    tesing time     |        Loss       |                recall                |                           ndcg                           |                        precision                         |              hit_ratio               | auc |
+-------+--------------------+--------------------+-------------------+--------------------------------------+----------------------------------------------------------+----------------------------------------------------------+--------------------------------------+-----+
|  179  | 24.397743701934814 | 37.064749240875244 | 8.692756652832031 | [0.193  0.4433 0.5871 0.6741 0.7507] | [0.193      0.33619212 0.39559478 0.42564469 0.44885513] | [0.193      0.14776667 0.11742    0.0963     0.07507   ] | [0.193  0.4433 0.5871 0.6741 0.7507] | 0.0 |
+-------+--------------------+--------------------+-------------------+--------------------------------------+----------------------------------------------------------+----------------------------------------------------------+--------------------------------------+-----+
2022-03-09 08:10:03,910 - main.py[line:132] - INFO: using time 24.1950, training loss at epoch 180: 8.6248
2022-03-09 08:10:27,808 - main.py[line:132] - INFO: using time 23.8667, training loss at epoch 181: 8.6241
2022-03-09 08:10:51,193 - main.py[line:132] - INFO: using time 23.3547, training loss at epoch 182: 8.7347
2022-03-09 08:11:14,498 - main.py[line:132] - INFO: using time 23.2870, training loss at epoch 183: 8.6434
2022-03-09 08:11:39,364 - main.py[line:132] - INFO: using time 24.8453, training loss at epoch 184: 8.6451
2022-03-09 08:12:04,812 - main.py[line:132] - INFO: using time 25.4398, training loss at epoch 185: 8.6253
2022-03-09 08:12:29,434 - main.py[line:132] - INFO: using time 24.5651, training loss at epoch 186: 8.6446
2022-03-09 08:12:52,959 - main.py[line:132] - INFO: using time 23.5169, training loss at epoch 187: 8.5791
2022-03-09 08:13:15,947 - main.py[line:132] - INFO: using time 22.9724, training loss at epoch 188: 8.5614
2022-03-09 08:14:16,536 - main.py[line:114] - INFO: +-------+-------------------+-------------------+-------------------+--------------------------------------+----------------------------------------------------------+----------------------------------------------------------+--------------------------------------+-----+
| Epoch |   training time   |    tesing time    |        Loss       |                recall                |                           ndcg                           |                        precision                         |              hit_ratio               | auc |
+-------+-------------------+-------------------+-------------------+--------------------------------------+----------------------------------------------------------+----------------------------------------------------------+--------------------------------------+-----+
|  189  | 23.98915672302246 | 36.56709361076355 | 8.615968704223633 | [0.1888 0.4348 0.5828 0.6679 0.7466] | [0.1888     0.32986831 0.3908081  0.42027957 0.4441546 ] | [0.1888     0.14493333 0.11656    0.09541429 0.07466   ] | [0.1888 0.4348 0.5828 0.6679 0.7466] | 0.0 |
+-------+-------------------+-------------------+-------------------+--------------------------------------+----------------------------------------------------------+----------------------------------------------------------+--------------------------------------+-----+
2022-03-09 08:14:41,345 - main.py[line:132] - INFO: using time 24.7525, training loss at epoch 190: 8.5871
2022-03-09 08:15:06,594 - main.py[line:132] - INFO: using time 25.2200, training loss at epoch 191: 8.6830
2022-03-09 08:15:31,899 - main.py[line:132] - INFO: using time 25.2929, training loss at epoch 192: 8.5554
2022-03-09 08:15:54,804 - main.py[line:132] - INFO: using time 22.8963, training loss at epoch 193: 8.5639
2022-03-09 08:16:17,873 - main.py[line:132] - INFO: using time 23.0587, training loss at epoch 194: 8.6132
2022-03-09 08:16:42,495 - main.py[line:132] - INFO: using time 24.6022, training loss at epoch 195: 8.6364
2022-03-09 08:17:08,827 - main.py[line:132] - INFO: using time 26.2896, training loss at epoch 196: 8.6050
2022-03-09 08:17:32,280 - main.py[line:132] - INFO: using time 23.3910, training loss at epoch 197: 8.5886
2022-03-09 08:17:56,445 - main.py[line:132] - INFO: using time 24.1484, training loss at epoch 198: 8.5513
2022-03-09 08:19:00,342 - main.py[line:114] - INFO: +-------+--------------------+--------------------+-------------------+--------------------------------------+----------------------------------------------------------+----------------------------------------------------------+--------------------------------------+-----+
| Epoch |   training time    |    tesing time     |        Loss       |                recall                |                           ndcg                           |                        precision                         |              hit_ratio               | auc |
+-------+--------------------+--------------------+-------------------+--------------------------------------+----------------------------------------------------------+----------------------------------------------------------+--------------------------------------+-----+
|  199  | 25.374318838119507 | 38.501675844192505 | 8.541836738586426 | [0.2005 0.4508 0.591  0.676  0.7544] | [0.2005     0.344098   0.40188011 0.43126106 0.45501484] | [0.2005     0.15026667 0.1182     0.09657143 0.07544   ] | [0.2005 0.4508 0.591  0.676  0.7544] | 0.0 |
+-------+--------------------+--------------------+-------------------+--------------------------------------+----------------------------------------------------------+----------------------------------------------------------+--------------------------------------+-----+
2022-03-09 08:19:00,376 - main.py[line:134] - INFO: early stopping at 199, hit_ratio@10:0.7544
