2022-03-09 18:53:44,127 - main.py[line:45] - INFO: dataset: Tmall
2022-03-09 18:53:44,127 - main.py[line:46] - INFO: n_users: 147894
2022-03-09 18:53:44,127 - main.py[line:47] - INFO: n_items: 99037
2022-03-09 18:53:44,127 - main.py[line:48] - INFO: n_behaviors: 5
2022-03-09 18:53:44,127 - main.py[line:49] - INFO: n_interactions: 7658926
2022-03-09 18:53:44,127 - main.py[line:50] - INFO: Namespace(Ks='[1, 3, 5, 7, 10]', batch=258, batch_test_flag=True, behNum=5, cuda=True, data='Tmall', dim=64, epoch=200, gpu_id=0, interactions=7658926, item=99037, lr=0.01, ls=0.5, n_hops=2, out_dir='./save/', save=True, save_path='tem', shuffle=True, test_flag='part', user=147894, weighted=True)
2022-03-09 18:53:49,528 - main.py[line:62] - INFO: MBRec(
  (Rconv): RGCNConv(
    (activate): LeakyReLU(negative_slope=0.01)
    (project): Linear(in_features=64, out_features=64, bias=False)
    (Ws): ModuleList(
      (0): Linear(in_features=64, out_features=64, bias=False)
      (1): Linear(in_features=64, out_features=64, bias=False)
      (2): Linear(in_features=64, out_features=64, bias=False)
      (3): Linear(in_features=64, out_features=64, bias=False)
    )
  )
  (FC1): Sequential(
    (0): Linear(in_features=256, out_features=64, bias=True)
  )
  (FC2): Linear(in_features=64, out_features=64, bias=True)
  (conbine): Sequential(
    (0): Linear(in_features=64, out_features=64, bias=True)
    (1): LeakyReLU(negative_slope=0.01)
    (2): Linear(in_features=64, out_features=1, bias=True)
  )
  (drop_out): Dropout(p=0.2, inplace=False)
  (activate): LeakyReLU(negative_slope=0.01)
  (layernorm): LayerNorm((64,), eps=1e-05, elementwise_affine=True)
  (projects): ModuleList(
    (0): Linear(in_features=64, out_features=64, bias=False)
    (1): Linear(in_features=64, out_features=64, bias=False)
    (2): Linear(in_features=64, out_features=64, bias=False)
    (3): Linear(in_features=64, out_features=64, bias=False)
  )
)
2022-03-09 18:53:49,529 - main.py[line:68] - INFO: start training ...
2022-03-09 18:54:19,727 - main.py[line:132] - INFO: using time 30.1870, training loss at epoch 0: 51.0478
2022-03-09 18:55:08,136 - main.py[line:114] - INFO: +-------+-------------------+--------------------+--------------------+--------------------------------------+----------------------------------------------------------+----------------------------------------------------------+--------------------------------------+-----+
| Epoch |   training time   |    tesing time     |        Loss        |                recall                |                           ndcg                           |                        precision                         |              hit_ratio               | auc |
+-------+-------------------+--------------------+--------------------+--------------------------------------+----------------------------------------------------------+----------------------------------------------------------+--------------------------------------+-----+
|   1   | 30.36476159095764 | 18.031986951828003 | 28.409908294677734 | [0.0169 0.0471 0.0744 0.1018 0.1404] | [0.0169     0.03388539 0.04499865 0.05447052 0.06614082] | [0.0169     0.0157     0.01488    0.01454286 0.01404   ] | [0.0169 0.0471 0.0744 0.1018 0.1404] | 0.0 |
+-------+-------------------+--------------------+--------------------+--------------------------------------+----------------------------------------------------------+----------------------------------------------------------+--------------------------------------+-----+
2022-03-09 18:55:39,097 - main.py[line:132] - INFO: using time 30.2805, training loss at epoch 2: 23.3484
2022-03-09 18:56:09,318 - main.py[line:132] - INFO: using time 30.2018, training loss at epoch 3: 21.0666
2022-03-09 18:56:39,565 - main.py[line:132] - INFO: using time 30.2271, training loss at epoch 4: 20.0617
2022-03-09 18:57:09,788 - main.py[line:132] - INFO: using time 30.2036, training loss at epoch 5: 19.3292
2022-03-09 18:57:40,019 - main.py[line:132] - INFO: using time 30.2132, training loss at epoch 6: 18.7121
2022-03-09 18:58:10,228 - main.py[line:132] - INFO: using time 30.1900, training loss at epoch 7: 18.1213
2022-03-09 18:58:40,489 - main.py[line:132] - INFO: using time 30.2422, training loss at epoch 8: 17.9397
2022-03-09 18:59:28,471 - main.py[line:114] - INFO: +-------+--------------------+-------------------+--------------------+--------------------------------------+----------------------------------------------------------+----------------------------------------------------------+--------------------------------------+-----+
| Epoch |   training time    |    tesing time    |        Loss        |                recall                |                           ndcg                           |                        precision                         |              hit_ratio               | auc |
+-------+--------------------+-------------------+--------------------+--------------------------------------+----------------------------------------------------------+----------------------------------------------------------+--------------------------------------+-----+
|   9   | 30.248870849609375 | 17.72040295600891 | 17.406400680541992 | [0.0606 0.1384 0.1948 0.2379 0.2971] | [0.0606     0.10516926 0.12833315 0.14318245 0.161072  ] | [0.0606     0.04613333 0.03896    0.03398571 0.02971   ] | [0.0606 0.1384 0.1948 0.2379 0.2971] | 0.0 |
+-------+--------------------+-------------------+--------------------+--------------------------------------+----------------------------------------------------------+----------------------------------------------------------+--------------------------------------+-----+
2022-03-09 18:59:59,331 - main.py[line:132] - INFO: using time 30.2326, training loss at epoch 10: 17.0585
2022-03-09 19:00:29,596 - main.py[line:132] - INFO: using time 30.2493, training loss at epoch 11: 16.5629
2022-03-09 19:00:59,828 - main.py[line:132] - INFO: using time 30.2136, training loss at epoch 12: 16.0492
2022-03-09 19:01:30,102 - main.py[line:132] - INFO: using time 30.2545, training loss at epoch 13: 15.7738
2022-03-09 19:02:00,362 - main.py[line:132] - INFO: using time 30.2404, training loss at epoch 14: 15.2939
2022-03-09 19:02:30,624 - main.py[line:132] - INFO: using time 30.2433, training loss at epoch 15: 14.9977
2022-03-09 19:03:00,850 - main.py[line:132] - INFO: using time 30.2064, training loss at epoch 16: 14.6057
2022-03-09 19:03:31,105 - main.py[line:132] - INFO: using time 30.2357, training loss at epoch 17: 14.2659
2022-03-09 19:04:01,375 - main.py[line:132] - INFO: using time 30.2507, training loss at epoch 18: 13.9782
2022-03-09 19:04:49,539 - main.py[line:114] - INFO: +-------+--------------------+-------------------+--------------------+--------------------------------------+----------------------------------------------------------+----------------------------------------------------------+--------------------------------------+-----+
| Epoch |   training time    |    tesing time    |        Loss        |                recall                |                           ndcg                           |                        precision                         |              hit_ratio               | auc |
+-------+--------------------+-------------------+--------------------+--------------------------------------+----------------------------------------------------------+----------------------------------------------------------+--------------------------------------+-----+
|   19  | 30.258167505264282 | 17.89276385307312 | 13.728485107421875 | [0.1148 0.2374 0.3105 0.3679 0.4325] | [0.1148     0.18527818 0.21524871 0.23508885 0.25467012] | [0.1148     0.07913333 0.0621     0.05255714 0.04325   ] | [0.1148 0.2374 0.3105 0.3679 0.4325] | 0.0 |
+-------+--------------------+-------------------+--------------------+--------------------------------------+----------------------------------------------------------+----------------------------------------------------------+--------------------------------------+-----+
2022-03-09 19:05:20,494 - main.py[line:132] - INFO: using time 30.2962, training loss at epoch 20: 13.4490
2022-03-09 19:05:50,805 - main.py[line:132] - INFO: using time 30.2899, training loss at epoch 21: 13.2296
2022-03-09 19:06:21,139 - main.py[line:132] - INFO: using time 30.3163, training loss at epoch 22: 12.9293
2022-03-09 19:06:51,420 - main.py[line:132] - INFO: using time 30.2613, training loss at epoch 23: 12.7071
2022-03-09 19:07:21,709 - main.py[line:132] - INFO: using time 30.2696, training loss at epoch 24: 12.6769
2022-03-09 19:07:51,997 - main.py[line:132] - INFO: using time 30.2689, training loss at epoch 25: 12.3555
2022-03-09 19:08:22,506 - main.py[line:132] - INFO: using time 30.4928, training loss at epoch 26: 12.2784
2022-03-09 19:08:53,147 - main.py[line:132] - INFO: using time 30.6211, training loss at epoch 27: 12.1154
2022-03-09 19:09:23,703 - main.py[line:132] - INFO: using time 30.5389, training loss at epoch 28: 11.9428
2022-03-09 19:10:12,358 - main.py[line:114] - INFO: +-------+--------------------+--------------------+--------------------+--------------------------------------+----------------------------------------------------------+----------------------------------------------------------+--------------------------------------+-----+
| Epoch |   training time    |    tesing time     |        Loss        |                recall                |                           ndcg                           |                        precision                         |              hit_ratio               | auc |
+-------+--------------------+--------------------+--------------------+--------------------------------------+----------------------------------------------------------+----------------------------------------------------------+--------------------------------------+-----+
|   29  | 30.564148902893066 | 18.077110290527344 | 11.787932395935059 | [0.1476 0.2815 0.3583 0.4205 0.4922] | [0.1476     0.22494582 0.25658875 0.27805175 0.29976418] | [0.1476     0.09383333 0.07166    0.06007143 0.04922   ] | [0.1476 0.2815 0.3583 0.4205 0.4922] | 0.0 |
+-------+--------------------+--------------------+--------------------+--------------------------------------+----------------------------------------------------------+----------------------------------------------------------+--------------------------------------+-----+
2022-03-09 19:10:43,795 - main.py[line:132] - INFO: using time 30.7800, training loss at epoch 30: 11.7472
2022-03-09 19:11:14,205 - main.py[line:132] - INFO: using time 30.3902, training loss at epoch 31: 11.5843
2022-03-09 19:11:44,604 - main.py[line:132] - INFO: using time 30.3775, training loss at epoch 32: 11.5394
2022-03-09 19:12:14,993 - main.py[line:132] - INFO: using time 30.3669, training loss at epoch 33: 11.3785
2022-03-09 19:12:45,440 - main.py[line:132] - INFO: using time 30.4290, training loss at epoch 34: 11.3316
2022-03-09 19:13:15,850 - main.py[line:132] - INFO: using time 30.3932, training loss at epoch 35: 11.2325
2022-03-09 19:13:46,237 - main.py[line:132] - INFO: using time 30.3596, training loss at epoch 36: 11.2100
2022-03-09 19:14:16,643 - main.py[line:132] - INFO: using time 30.3892, training loss at epoch 37: 11.1014
2022-03-09 19:14:47,242 - main.py[line:132] - INFO: using time 30.5821, training loss at epoch 38: 10.9895
2022-03-09 19:15:35,680 - main.py[line:114] - INFO: +-------+--------------------+--------------------+-------------------+--------------------------------------+----------------------------------------------------------+----------------------------------------------------------+--------------------------------------+-----+
| Epoch |   training time    |    tesing time     |        Loss       |                recall                |                           ndcg                           |                        precision                         |              hit_ratio               | auc |
+-------+--------------------+--------------------+-------------------+--------------------------------------+----------------------------------------------------------+----------------------------------------------------------+--------------------------------------+-----+
|   39  | 30.377203941345215 | 18.044435262680054 | 10.90902328491211 | [0.1676 0.3053 0.3901 0.4515 0.5223] | [0.1676     0.24681964 0.28163626 0.30283718 0.32427946] | [0.1676     0.10176667 0.07802    0.0645     0.05223   ] | [0.1676 0.3053 0.3901 0.4515 0.5223] | 0.0 |
+-------+--------------------+--------------------+-------------------+--------------------------------------+----------------------------------------------------------+----------------------------------------------------------+--------------------------------------+-----+
2022-03-09 19:16:06,846 - main.py[line:132] - INFO: using time 30.4971, training loss at epoch 40: 10.8516
2022-03-09 19:16:37,237 - main.py[line:132] - INFO: using time 30.3650, training loss at epoch 41: 10.7379
2022-03-09 19:17:07,617 - main.py[line:132] - INFO: using time 30.3621, training loss at epoch 42: 10.7503
2022-03-09 19:17:38,002 - main.py[line:132] - INFO: using time 30.3673, training loss at epoch 43: 10.6657
2022-03-09 19:18:08,412 - main.py[line:132] - INFO: using time 30.3916, training loss at epoch 44: 10.6650
2022-03-09 19:18:38,802 - main.py[line:132] - INFO: using time 30.3705, training loss at epoch 45: 10.6397
2022-03-09 19:19:09,200 - main.py[line:132] - INFO: using time 30.3789, training loss at epoch 46: 10.5321
2022-03-09 19:19:39,622 - main.py[line:132] - INFO: using time 30.4039, training loss at epoch 47: 10.5441
2022-03-09 19:20:10,347 - main.py[line:132] - INFO: using time 30.7102, training loss at epoch 48: 10.4357
2022-03-09 19:20:58,706 - main.py[line:114] - INFO: +-------+-------------------+--------------------+--------------------+--------------------------------------+----------------------------------------------------------+----------------------------------------------------------+--------------------------------------+-----+
| Epoch |   training time   |    tesing time     |        Loss        |                recall                |                           ndcg                           |                        precision                         |              hit_ratio               | auc |
+-------+-------------------+--------------------+--------------------+--------------------------------------+----------------------------------------------------------+----------------------------------------------------------+--------------------------------------+-----+
|   49  | 30.45484495162964 | 17.891966819763184 | 10.320182800292969 | [0.1746 0.3239 0.4066 0.4688 0.539 ] | [0.1746     0.26057542 0.29464978 0.31616311 0.3373914 ] | [0.1746     0.10796667 0.08132    0.06697143 0.0539    ] | [0.1746 0.3239 0.4066 0.4688 0.539 ] | 0.0 |
+-------+-------------------+--------------------+--------------------+--------------------------------------+----------------------------------------------------------+----------------------------------------------------------+--------------------------------------+-----+
2022-03-09 19:21:29,894 - main.py[line:132] - INFO: using time 30.5585, training loss at epoch 50: 10.3844
2022-03-09 19:22:00,422 - main.py[line:132] - INFO: using time 30.5098, training loss at epoch 51: 10.3369
2022-03-09 19:22:30,988 - main.py[line:132] - INFO: using time 30.5491, training loss at epoch 52: 10.2186
2022-03-09 19:23:01,521 - main.py[line:132] - INFO: using time 30.5163, training loss at epoch 53: 10.1394
2022-03-09 19:23:32,052 - main.py[line:132] - INFO: using time 30.5111, training loss at epoch 54: 10.1389
2022-03-09 19:24:02,475 - main.py[line:132] - INFO: using time 30.4033, training loss at epoch 55: 10.1981
2022-03-09 19:24:32,911 - main.py[line:132] - INFO: using time 30.4181, training loss at epoch 56: 10.0685
2022-03-09 19:25:03,305 - main.py[line:132] - INFO: using time 30.3747, training loss at epoch 57: 10.0749
2022-03-09 19:25:33,893 - main.py[line:132] - INFO: using time 30.5667, training loss at epoch 58: 9.9673
2022-03-09 19:26:22,633 - main.py[line:114] - INFO: +-------+--------------------+--------------------+-------------------+--------------------------------------+----------------------------------------------------------+-------------------------------------------+--------------------------------------+-----+
| Epoch |   training time    |    tesing time     |        Loss       |                recall                |                           ndcg                           |                 precision                 |              hit_ratio               | auc |
+-------+--------------------+--------------------+-------------------+--------------------------------------+----------------------------------------------------------+-------------------------------------------+--------------------------------------+-----+
|   59  | 30.508719205856323 | 18.218192100524902 | 9.897990226745605 | [0.1817 0.3315 0.4182 0.4816 0.5515] | [0.1817     0.26823966 0.30391839 0.3258363  0.34698815] | [0.1817  0.1105  0.08364 0.0688  0.05515] | [0.1817 0.3315 0.4182 0.4816 0.5515] | 0.0 |
+-------+--------------------+--------------------+-------------------+--------------------------------------+----------------------------------------------------------+-------------------------------------------+--------------------------------------+-----+
2022-03-09 19:26:53,836 - main.py[line:132] - INFO: using time 30.5767, training loss at epoch 60: 10.0181
2022-03-09 19:27:24,296 - main.py[line:132] - INFO: using time 30.4412, training loss at epoch 61: 9.8599
2022-03-09 19:27:55,011 - main.py[line:132] - INFO: using time 30.6981, training loss at epoch 62: 9.8325
2022-03-09 19:28:25,518 - main.py[line:132] - INFO: using time 30.4891, training loss at epoch 63: 9.7736
2022-03-09 19:28:55,967 - main.py[line:132] - INFO: using time 30.4302, training loss at epoch 64: 9.8837
2022-03-09 19:29:26,462 - main.py[line:132] - INFO: using time 30.4758, training loss at epoch 65: 9.8777
2022-03-09 19:29:56,968 - main.py[line:132] - INFO: using time 30.4875, training loss at epoch 66: 9.8524
2022-03-09 19:30:27,488 - main.py[line:132] - INFO: using time 30.5030, training loss at epoch 67: 9.7581
2022-03-09 19:30:58,219 - main.py[line:132] - INFO: using time 30.7152, training loss at epoch 68: 9.6932
2022-03-09 19:31:46,851 - main.py[line:114] - INFO: +-------+--------------------+--------------------+-------------------+--------------------------------------+----------------------------------------------------------+----------------------------------------------------------+--------------------------------------+-----+
| Epoch |   training time    |    tesing time     |        Loss       |                recall                |                           ndcg                           |                        precision                         |              hit_ratio               | auc |
+-------+--------------------+--------------------+-------------------+--------------------------------------+----------------------------------------------------------+----------------------------------------------------------+--------------------------------------+-----+
|   69  | 30.480199337005615 | 18.138612508773804 | 9.668281555175781 | [0.1837 0.3419 0.4278 0.494  0.5651] | [0.1837     0.27517286 0.31050706 0.33341091 0.35490992] | [0.1837     0.11396667 0.08556    0.07057143 0.05651   ] | [0.1837 0.3419 0.4278 0.494  0.5651] | 0.0 |
+-------+--------------------+--------------------+-------------------+--------------------------------------+----------------------------------------------------------+----------------------------------------------------------+--------------------------------------+-----+
2022-03-09 19:32:17,950 - main.py[line:132] - INFO: using time 30.4244, training loss at epoch 70: 9.5192
2022-03-09 19:32:48,494 - main.py[line:132] - INFO: using time 30.5260, training loss at epoch 71: 9.6275
2022-03-09 19:33:19,028 - main.py[line:132] - INFO: using time 30.5172, training loss at epoch 72: 9.4299
2022-03-09 19:33:49,560 - main.py[line:132] - INFO: using time 30.5169, training loss at epoch 73: 9.4976
2022-03-09 19:34:20,101 - main.py[line:132] - INFO: using time 30.5260, training loss at epoch 74: 9.4767
2022-03-09 19:34:50,621 - main.py[line:132] - INFO: using time 30.5024, training loss at epoch 75: 9.4818
2022-03-09 19:35:21,187 - main.py[line:132] - INFO: using time 30.5492, training loss at epoch 76: 9.5206
2022-03-09 19:35:51,690 - main.py[line:132] - INFO: using time 30.4842, training loss at epoch 77: 9.4066
2022-03-09 19:36:22,327 - main.py[line:132] - INFO: using time 30.6178, training loss at epoch 78: 9.5093
2022-03-09 19:37:11,161 - main.py[line:114] - INFO: +-------+--------------------+-------------------+-------------------+--------------------------------------+----------------------------------------------------------+----------------------------------------------------------+--------------------------------------+-----+
| Epoch |   training time    |    tesing time    |        Loss       |                recall                |                           ndcg                           |                        precision                         |              hit_ratio               | auc |
+-------+--------------------+-------------------+-------------------+--------------------------------------+----------------------------------------------------------+----------------------------------------------------------+--------------------------------------+-----+
|   79  | 30.387536764144897 | 18.43385076522827 | 9.344606399536133 | [0.1936 0.3502 0.4382 0.5016 0.572 ] | [0.1936     0.28414193 0.3203192  0.34219364 0.36354596] | [0.1936     0.11673333 0.08764    0.07165714 0.0572    ] | [0.1936 0.3502 0.4382 0.5016 0.572 ] | 0.0 |
+-------+--------------------+-------------------+-------------------+--------------------------------------+----------------------------------------------------------+----------------------------------------------------------+--------------------------------------+-----+
2022-03-09 19:37:42,208 - main.py[line:132] - INFO: using time 30.3790, training loss at epoch 80: 9.3037
2022-03-09 19:38:12,579 - main.py[line:132] - INFO: using time 30.3546, training loss at epoch 81: 9.3352
2022-03-09 19:38:42,998 - main.py[line:132] - INFO: using time 30.4036, training loss at epoch 82: 9.3460
2022-03-09 19:39:13,502 - main.py[line:132] - INFO: using time 30.4872, training loss at epoch 83: 9.3481
2022-03-09 19:39:44,027 - main.py[line:132] - INFO: using time 30.5049, training loss at epoch 84: 9.3012
2022-03-09 19:40:14,415 - main.py[line:132] - INFO: using time 30.3702, training loss at epoch 85: 9.3128
2022-03-09 19:40:44,784 - main.py[line:132] - INFO: using time 30.3497, training loss at epoch 86: 9.1708
2022-03-09 19:41:15,134 - main.py[line:132] - INFO: using time 30.3327, training loss at epoch 87: 9.1477
2022-03-09 19:41:45,704 - main.py[line:132] - INFO: using time 30.5438, training loss at epoch 88: 9.1722
2022-03-09 19:42:34,574 - main.py[line:114] - INFO: +-------+-------------------+--------------------+------------------+--------------------------------------+----------------------------------------------------------+-------------------------------------------+--------------------------------------+-----+
| Epoch |   training time   |    tesing time     |       Loss       |                recall                |                           ndcg                           |                 precision                 |              hit_ratio               | auc |
+-------+-------------------+--------------------+------------------+--------------------------------------+----------------------------------------------------------+-------------------------------------------+--------------------------------------+-----+
|   89  | 30.42675256729126 | 18.429523706436157 | 9.26598834991455 | [0.1978 0.3492 0.4411 0.5061 0.5742] | [0.1978     0.28508728 0.32292666 0.34539391 0.36603847] | [0.1978  0.1164  0.08822 0.0723  0.05742] | [0.1978 0.3492 0.4411 0.5061 0.5742] | 0.0 |
+-------+-------------------+--------------------+------------------+--------------------------------------+----------------------------------------------------------+-------------------------------------------+--------------------------------------+-----+
2022-03-09 19:43:05,767 - main.py[line:132] - INFO: using time 30.5386, training loss at epoch 90: 9.0947
2022-03-09 19:43:36,187 - main.py[line:132] - INFO: using time 30.3987, training loss at epoch 91: 9.1333
2022-03-09 19:44:06,718 - main.py[line:132] - INFO: using time 30.5161, training loss at epoch 92: 9.1513
2022-03-09 19:44:37,211 - main.py[line:132] - INFO: using time 30.4761, training loss at epoch 93: 9.0395
2022-03-09 19:45:07,679 - main.py[line:132] - INFO: using time 30.4509, training loss at epoch 94: 9.0467
2022-03-09 19:45:38,060 - main.py[line:132] - INFO: using time 30.3645, training loss at epoch 95: 9.1508
2022-03-09 19:46:08,514 - main.py[line:132] - INFO: using time 30.4353, training loss at epoch 96: 9.0913
2022-03-09 19:46:38,931 - main.py[line:132] - INFO: using time 30.3996, training loss at epoch 97: 8.9901
2022-03-09 19:47:09,587 - main.py[line:132] - INFO: using time 30.6386, training loss at epoch 98: 9.0641
2022-03-09 19:47:58,019 - main.py[line:114] - INFO: +-------+-------------------+--------------------+-------------------+--------------------------------------+----------------------------------------------------------+----------------------------------------------------------+--------------------------------------+-----+
| Epoch |   training time   |    tesing time     |        Loss       |                recall                |                           ndcg                           |                        precision                         |              hit_ratio               | auc |
+-------+-------------------+--------------------+-------------------+--------------------------------------+----------------------------------------------------------+----------------------------------------------------------+--------------------------------------+-----+
|   99  | 30.38686966896057 | 18.033120155334473 | 8.986787796020508 | [0.2034 0.3578 0.4462 0.5114 0.5805] | [0.2034     0.29229203 0.32861965 0.35115814 0.37206801] | [0.2034     0.11926667 0.08924    0.07305714 0.05805   ] | [0.2034 0.3578 0.4462 0.5114 0.5805] | 0.0 |
+-------+-------------------+--------------------+-------------------+--------------------------------------+----------------------------------------------------------+----------------------------------------------------------+--------------------------------------+-----+
2022-03-09 19:48:29,106 - main.py[line:132] - INFO: using time 30.4530, training loss at epoch 100: 8.8466
2022-03-09 19:48:59,512 - main.py[line:132] - INFO: using time 30.3859, training loss at epoch 101: 9.0740
2022-03-09 19:49:29,876 - main.py[line:132] - INFO: using time 30.3452, training loss at epoch 102: 8.9985
2022-03-09 19:50:00,254 - main.py[line:132] - INFO: using time 30.3596, training loss at epoch 103: 8.9355
2022-03-09 19:50:30,681 - main.py[line:132] - INFO: using time 30.4087, training loss at epoch 104: 8.9039
2022-03-09 19:51:01,050 - main.py[line:132] - INFO: using time 30.3504, training loss at epoch 105: 8.9180
2022-03-09 19:51:31,432 - main.py[line:132] - INFO: using time 30.3636, training loss at epoch 106: 8.9783
2022-03-09 19:52:01,943 - main.py[line:132] - INFO: using time 30.4925, training loss at epoch 107: 8.9398
2022-03-09 19:52:32,721 - main.py[line:132] - INFO: using time 30.7509, training loss at epoch 108: 8.8620
2022-03-09 19:53:21,755 - main.py[line:114] - INFO: +-------+--------------------+--------------------+-------------------+--------------------------------------+----------------------------------------------------------+----------------------------------------------------------+--------------------------------------+-----+
| Epoch |   training time    |    tesing time     |        Loss       |                recall                |                           ndcg                           |                        precision                         |              hit_ratio               | auc |
+-------+--------------------+--------------------+-------------------+--------------------------------------+----------------------------------------------------------+----------------------------------------------------------+--------------------------------------+-----+
|  109  | 30.521329164505005 | 18.499805688858032 | 8.831085205078125 | [0.2058 0.3602 0.4521 0.5174 0.5912] | [0.2058     0.29507172 0.33296807 0.3555033  0.37786982] | [0.2058     0.12006667 0.09042    0.07391429 0.05912   ] | [0.2058 0.3602 0.4521 0.5174 0.5912] | 0.0 |
+-------+--------------------+--------------------+-------------------+--------------------------------------+----------------------------------------------------------+----------------------------------------------------------+--------------------------------------+-----+
2022-03-09 19:53:52,695 - main.py[line:132] - INFO: using time 30.3209, training loss at epoch 110: 8.7921
2022-03-09 19:54:23,075 - main.py[line:132] - INFO: using time 30.3598, training loss at epoch 111: 8.7728
2022-03-09 19:54:53,476 - main.py[line:132] - INFO: using time 30.3839, training loss at epoch 112: 8.7201
2022-03-09 19:55:23,906 - main.py[line:132] - INFO: using time 30.4119, training loss at epoch 113: 8.7491
2022-03-09 19:55:54,357 - main.py[line:132] - INFO: using time 30.4340, training loss at epoch 114: 8.8587
2022-03-09 19:56:24,797 - main.py[line:132] - INFO: using time 30.4204, training loss at epoch 115: 8.7795
2022-03-09 19:56:55,239 - main.py[line:132] - INFO: using time 30.4222, training loss at epoch 116: 8.7588
2022-03-09 19:57:25,765 - main.py[line:132] - INFO: using time 30.5077, training loss at epoch 117: 8.6912
2022-03-09 19:57:56,415 - main.py[line:132] - INFO: using time 30.6240, training loss at epoch 118: 8.6964
2022-03-09 19:58:44,764 - main.py[line:114] - INFO: +-------+-------------------+-------------------+-------------------+--------------------------------------+----------------------------------------------------------+----------------------------------------------------------+--------------------------------------+-----+
| Epoch |   training time   |    tesing time    |        Loss       |                recall                |                           ndcg                           |                        precision                         |              hit_ratio               | auc |
+-------+-------------------+-------------------+-------------------+--------------------------------------+----------------------------------------------------------+----------------------------------------------------------+--------------------------------------+-----+
|  119  | 30.41837430000305 | 17.91840934753418 | 8.701971054077148 | [0.2104 0.3697 0.46   0.5267 0.5946] | [0.2104     0.30276328 0.33983469 0.36286403 0.38344835] | [0.2104     0.12323333 0.092      0.07524286 0.05946   ] | [0.2104 0.3697 0.46   0.5267 0.5946] | 0.0 |
+-------+-------------------+-------------------+-------------------+--------------------------------------+----------------------------------------------------------+----------------------------------------------------------+--------------------------------------+-----+
2022-03-09 19:59:15,788 - main.py[line:132] - INFO: using time 30.3936, training loss at epoch 120: 8.6077
2022-03-09 19:59:46,115 - main.py[line:132] - INFO: using time 30.3073, training loss at epoch 121: 8.5755
2022-03-09 20:00:16,440 - main.py[line:132] - INFO: using time 30.3057, training loss at epoch 122: 8.6394
2022-03-09 20:00:46,764 - main.py[line:132] - INFO: using time 30.3077, training loss at epoch 123: 8.6942
2022-03-09 20:01:17,109 - main.py[line:132] - INFO: using time 30.3268, training loss at epoch 124: 8.6407
2022-03-09 20:01:47,490 - main.py[line:132] - INFO: using time 30.3630, training loss at epoch 125: 8.6468
2022-03-09 20:02:17,843 - main.py[line:132] - INFO: using time 30.3348, training loss at epoch 126: 8.4951
2022-03-09 20:02:48,210 - main.py[line:132] - INFO: using time 30.3475, training loss at epoch 127: 8.5898
2022-03-09 20:03:18,725 - main.py[line:132] - INFO: using time 30.4946, training loss at epoch 128: 8.5924
2022-03-09 20:04:07,475 - main.py[line:114] - INFO: +-------+-------------------+-------------------+-------------------+--------------------------------------+----------------------------------------------------------+----------------------------------------------------------+--------------------------------------+-----+
| Epoch |   training time   |    tesing time    |        Loss       |                recall                |                           ndcg                           |                        precision                         |              hit_ratio               | auc |
+-------+-------------------+-------------------+-------------------+--------------------------------------+----------------------------------------------------------+----------------------------------------------------------+--------------------------------------+-----+
|  129  | 30.49202275276184 | 18.24449372291565 | 8.548921585083008 | [0.2183 0.3796 0.4684 0.5325 0.6036] | [0.2183     0.31172874 0.34822425 0.37037321 0.3918775 ] | [0.2183     0.12653333 0.09368    0.07607143 0.06036   ] | [0.2183 0.3796 0.4684 0.5325 0.6036] | 0.0 |
+-------+-------------------+-------------------+-------------------+--------------------------------------+----------------------------------------------------------+----------------------------------------------------------+--------------------------------------+-----+
2022-03-09 20:04:38,439 - main.py[line:132] - INFO: using time 30.3355, training loss at epoch 130: 8.5299
2022-03-09 20:05:08,842 - main.py[line:132] - INFO: using time 30.3803, training loss at epoch 131: 8.5281
2022-03-09 20:05:39,269 - main.py[line:132] - INFO: using time 30.4097, training loss at epoch 132: 8.4430
2022-03-09 20:06:09,998 - main.py[line:132] - INFO: using time 30.7136, training loss at epoch 133: 8.5259
2022-03-09 20:06:40,574 - main.py[line:132] - INFO: using time 30.5562, training loss at epoch 134: 8.3461
2022-03-09 20:07:11,059 - main.py[line:132] - INFO: using time 30.4649, training loss at epoch 135: 8.4786
2022-03-09 20:07:41,486 - main.py[line:132] - INFO: using time 30.4098, training loss at epoch 136: 8.4878
2022-03-09 20:08:11,930 - main.py[line:132] - INFO: using time 30.4244, training loss at epoch 137: 8.5378
2022-03-09 20:08:42,590 - main.py[line:132] - INFO: using time 30.6434, training loss at epoch 138: 8.3559
2022-03-09 20:09:31,175 - main.py[line:114] - INFO: +-------+--------------------+-------------------+-------------------+--------------------------------------+----------------------------------------------------------+----------------------------------------------------------+--------------------------------------+-----+
| Epoch |   training time    |    tesing time    |        Loss       |                recall                |                           ndcg                           |                        precision                         |              hit_ratio               | auc |
+-------+--------------------+-------------------+-------------------+--------------------------------------+----------------------------------------------------------+----------------------------------------------------------+--------------------------------------+-----+
|  139  | 30.500930070877075 | 18.07224941253662 | 8.452898025512695 | [0.2137 0.3778 0.4668 0.5324 0.6008] | [0.2137     0.30839781 0.34501014 0.36768883 0.38849205] | [0.2137     0.12593333 0.09336    0.07605714 0.06008   ] | [0.2137 0.3778 0.4668 0.5324 0.6008] | 0.0 |
+-------+--------------------+-------------------+-------------------+--------------------------------------+----------------------------------------------------------+----------------------------------------------------------+--------------------------------------+-----+
2022-03-09 20:10:01,847 - main.py[line:132] - INFO: using time 30.6466, training loss at epoch 140: 8.3960
2022-03-09 20:10:32,428 - main.py[line:132] - INFO: using time 30.5625, training loss at epoch 141: 8.4655
2022-03-09 20:11:02,982 - main.py[line:132] - INFO: using time 30.5356, training loss at epoch 142: 8.4112
2022-03-09 20:11:33,521 - main.py[line:132] - INFO: using time 30.5217, training loss at epoch 143: 8.3468
2022-03-09 20:12:04,038 - main.py[line:132] - INFO: using time 30.4970, training loss at epoch 144: 8.4063
2022-03-09 20:12:34,570 - main.py[line:132] - INFO: using time 30.5152, training loss at epoch 145: 8.3904
2022-03-09 20:13:05,112 - main.py[line:132] - INFO: using time 30.5248, training loss at epoch 146: 8.2746
2022-03-09 20:13:35,586 - main.py[line:132] - INFO: using time 30.4568, training loss at epoch 147: 8.3759
2022-03-09 20:14:06,113 - main.py[line:132] - INFO: using time 30.5054, training loss at epoch 148: 8.3499
2022-03-09 20:14:54,885 - main.py[line:114] - INFO: +-------+--------------------+--------------------+-------------------+--------------------------------------+----------------------------------------------------------+----------------------------------------------------------+--------------------------------------+-----+
| Epoch |   training time    |    tesing time     |        Loss       |                recall                |                           ndcg                           |                        precision                         |              hit_ratio               | auc |
+-------+--------------------+--------------------+-------------------+--------------------------------------+----------------------------------------------------------+----------------------------------------------------------+--------------------------------------+-----+
|  149  | 30.371874570846558 | 18.388567447662354 | 8.297650337219238 | [0.2181 0.3842 0.4732 0.5353 0.6054] | [0.2181     0.31417751 0.35080298 0.37229442 0.39347557] | [0.2181     0.12806667 0.09464    0.07647143 0.06054   ] | [0.2181 0.3842 0.4732 0.5353 0.6054] | 0.0 |
+-------+--------------------+--------------------+-------------------+--------------------------------------+----------------------------------------------------------+----------------------------------------------------------+--------------------------------------+-----+
2022-03-09 20:15:25,962 - main.py[line:132] - INFO: using time 30.3988, training loss at epoch 150: 8.4335
2022-03-09 20:15:56,406 - main.py[line:132] - INFO: using time 30.4270, training loss at epoch 151: 8.2204
2022-03-09 20:16:27,030 - main.py[line:132] - INFO: using time 30.6063, training loss at epoch 152: 8.2545
2022-03-09 20:16:57,624 - main.py[line:132] - INFO: using time 30.5772, training loss at epoch 153: 8.2058
2022-03-09 20:17:28,141 - main.py[line:132] - INFO: using time 30.5007, training loss at epoch 154: 8.2861
2022-03-09 20:17:58,665 - main.py[line:132] - INFO: using time 30.5040, training loss at epoch 155: 8.2296
2022-03-09 20:18:29,176 - main.py[line:132] - INFO: using time 30.4925, training loss at epoch 156: 8.2138
2022-03-09 20:18:59,730 - main.py[line:132] - INFO: using time 30.5375, training loss at epoch 157: 8.1890
2022-03-09 20:19:30,439 - main.py[line:132] - INFO: using time 30.6918, training loss at epoch 158: 8.3154
2022-03-09 20:20:18,668 - main.py[line:114] - INFO: +-------+--------------------+--------------------+-------------------+--------------------------------------+----------------------------------------------------------+----------------------------------------------------------+--------------------------------------+-----+
| Epoch |   training time    |    tesing time     |        Loss       |                recall                |                           ndcg                           |                        precision                         |              hit_ratio               | auc |
+-------+--------------------+--------------------+-------------------+--------------------------------------+----------------------------------------------------------+----------------------------------------------------------+--------------------------------------+-----+
|  159  | 30.513323307037354 | 17.704795360565186 | 8.195290565490723 | [0.2234 0.3855 0.478  0.5384 0.6065] | [0.2234     0.31673121 0.35481584 0.37570173 0.39636406] | [0.2234     0.1285     0.0956     0.07691429 0.06065   ] | [0.2234 0.3855 0.478  0.5384 0.6065] | 0.0 |
+-------+--------------------+--------------------+-------------------+--------------------------------------+----------------------------------------------------------+----------------------------------------------------------+--------------------------------------+-----+
2022-03-09 20:20:49,802 - main.py[line:132] - INFO: using time 30.5019, training loss at epoch 160: 8.0672
2022-03-09 20:21:20,358 - main.py[line:132] - INFO: using time 30.5378, training loss at epoch 161: 8.2025
2022-03-09 20:21:50,879 - main.py[line:132] - INFO: using time 30.5028, training loss at epoch 162: 8.2278
2022-03-09 20:22:21,381 - main.py[line:132] - INFO: using time 30.4856, training loss at epoch 163: 8.1863
2022-03-09 20:22:51,914 - main.py[line:132] - INFO: using time 30.5151, training loss at epoch 164: 8.2302
2022-03-09 20:23:22,430 - main.py[line:132] - INFO: using time 30.4966, training loss at epoch 165: 8.1494
2022-03-09 20:23:52,912 - main.py[line:132] - INFO: using time 30.4637, training loss at epoch 166: 8.0283
2022-03-09 20:24:23,442 - main.py[line:132] - INFO: using time 30.5139, training loss at epoch 167: 8.0945
2022-03-09 20:24:54,013 - main.py[line:132] - INFO: using time 30.5522, training loss at epoch 168: 8.1460
2022-03-09 20:25:42,377 - main.py[line:114] - INFO: +-------+--------------------+-------------------+------------------+--------------------------------------+----------------------------------------------------------+----------------------------------------------------------+--------------------------------------+-----+
| Epoch |   training time    |    tesing time    |       Loss       |                recall                |                           ndcg                           |                        precision                         |              hit_ratio               | auc |
+-------+--------------------+-------------------+------------------+--------------------------------------+----------------------------------------------------------+----------------------------------------------------------+--------------------------------------+-----+
|  169  | 30.381930589675903 | 17.97086787223816 | 8.12017822265625 | [0.2173 0.3846 0.4802 0.5408 0.6091] | [0.2173     0.31439649 0.3537461  0.37471695 0.39540847] | [0.2173     0.1282     0.09604    0.07725714 0.06091   ] | [0.2173 0.3846 0.4802 0.5408 0.6091] | 0.0 |
+-------+--------------------+-------------------+------------------+--------------------------------------+----------------------------------------------------------+----------------------------------------------------------+--------------------------------------+-----+
2022-03-09 20:26:13,325 - main.py[line:132] - INFO: using time 30.3258, training loss at epoch 170: 8.1365
2022-03-09 20:26:43,841 - main.py[line:132] - INFO: using time 30.4969, training loss at epoch 171: 8.0413
2022-03-09 20:27:14,278 - main.py[line:132] - INFO: using time 30.4186, training loss at epoch 172: 8.1804
2022-03-09 20:27:44,684 - main.py[line:132] - INFO: using time 30.3841, training loss at epoch 173: 8.1275
2022-03-09 20:28:15,095 - main.py[line:132] - INFO: using time 30.3944, training loss at epoch 174: 8.0529
2022-03-09 20:28:45,508 - main.py[line:132] - INFO: using time 30.3931, training loss at epoch 175: 8.0149
2022-03-09 20:29:15,946 - main.py[line:132] - INFO: using time 30.4194, training loss at epoch 176: 8.1531
2022-03-09 20:29:46,326 - main.py[line:132] - INFO: using time 30.3614, training loss at epoch 177: 8.0654
2022-03-09 20:30:16,915 - main.py[line:132] - INFO: using time 30.5710, training loss at epoch 178: 7.9939
2022-03-09 20:31:05,556 - main.py[line:114] - INFO: +-------+-------------------+-------------------+-------------------+--------------------------------------+----------------------------------------------------------+----------------------------------------------------------+--------------------------------------+-----+
| Epoch |   training time   |    tesing time    |        Loss       |                recall                |                           ndcg                           |                        precision                         |              hit_ratio               | auc |
+-------+-------------------+-------------------+-------------------+--------------------------------------+----------------------------------------------------------+----------------------------------------------------------+--------------------------------------+-----+
|  179  | 30.39964485168457 | 18.22939395904541 | 8.107807159423828 | [0.2216 0.3883 0.4833 0.5479 0.6179] | [0.2216     0.31808225 0.35708581 0.37935797 0.40051113] | [0.2216     0.12943333 0.09666    0.07827143 0.06179   ] | [0.2216 0.3883 0.4833 0.5479 0.6179] | 0.0 |
+-------+-------------------+-------------------+-------------------+--------------------------------------+----------------------------------------------------------+----------------------------------------------------------+--------------------------------------+-----+
2022-03-09 20:31:36,659 - main.py[line:132] - INFO: using time 30.4536, training loss at epoch 180: 8.0031
2022-03-09 20:32:07,055 - main.py[line:132] - INFO: using time 30.3802, training loss at epoch 181: 8.0851
2022-03-09 20:32:37,447 - main.py[line:132] - INFO: using time 30.3725, training loss at epoch 182: 8.0195
2022-03-09 20:33:07,777 - main.py[line:132] - INFO: using time 30.3133, training loss at epoch 183: 7.9050
2022-03-09 20:33:38,133 - main.py[line:132] - INFO: using time 30.3348, training loss at epoch 184: 8.0388
2022-03-09 20:34:08,499 - main.py[line:132] - INFO: using time 30.3465, training loss at epoch 185: 7.9884
2022-03-09 20:34:38,860 - main.py[line:132] - INFO: using time 30.3434, training loss at epoch 186: 7.9685
2022-03-09 20:35:09,259 - main.py[line:132] - INFO: using time 30.3815, training loss at epoch 187: 7.9424
2022-03-09 20:35:39,797 - main.py[line:132] - INFO: using time 30.5196, training loss at epoch 188: 7.9338
2022-03-09 20:36:27,834 - main.py[line:114] - INFO: +-------+--------------------+-------------------+-------------------+--------------------------------------+----------------------------------------------------------+----------------------------------------------------------+--------------------------------------+-----+
| Epoch |   training time    |    tesing time    |        Loss       |                recall                |                           ndcg                           |                        precision                         |              hit_ratio               | auc |
+-------+--------------------+-------------------+-------------------+--------------------------------------+----------------------------------------------------------+----------------------------------------------------------+--------------------------------------+-----+
|  189  | 30.352880239486694 | 17.67112922668457 | 8.012524604797363 | [0.2192 0.3915 0.4812 0.548  0.6154] | [0.2192     0.31928093 0.3562254  0.37931781 0.39973247] | [0.2192     0.1305     0.09624    0.07828571 0.06154   ] | [0.2192 0.3915 0.4812 0.548  0.6154] | 0.0 |
+-------+--------------------+-------------------+-------------------+--------------------------------------+----------------------------------------------------------+----------------------------------------------------------+--------------------------------------+-----+
2022-03-09 20:36:58,336 - main.py[line:132] - INFO: using time 30.4792, training loss at epoch 190: 7.9222
2022-03-09 20:37:28,752 - main.py[line:132] - INFO: using time 30.3992, training loss at epoch 191: 7.9507
2022-03-09 20:37:59,176 - main.py[line:132] - INFO: using time 30.4065, training loss at epoch 192: 8.0001
2022-03-09 20:38:29,569 - main.py[line:132] - INFO: using time 30.3749, training loss at epoch 193: 7.8979
2022-03-09 20:39:00,015 - main.py[line:132] - INFO: using time 30.4290, training loss at epoch 194: 7.9071
2022-03-09 20:39:30,479 - main.py[line:132] - INFO: using time 30.4457, training loss at epoch 195: 7.9174
2022-03-09 20:40:00,938 - main.py[line:132] - INFO: using time 30.4418, training loss at epoch 196: 7.9308
2022-03-09 20:40:31,467 - main.py[line:132] - INFO: using time 30.5117, training loss at epoch 197: 7.8418
2022-03-09 20:41:02,157 - main.py[line:132] - INFO: using time 30.6731, training loss at epoch 198: 7.9746
2022-03-09 20:41:51,005 - main.py[line:114] - INFO: +-------+--------------------+--------------------+------------------+--------------------------------------+----------------------------------------------------------+----------------------------------------------------------+--------------------------------------+-----+
| Epoch |   training time    |    tesing time     |       Loss       |                recall                |                           ndcg                           |                        precision                         |              hit_ratio               | auc |
+-------+--------------------+--------------------+------------------+--------------------------------------+----------------------------------------------------------+----------------------------------------------------------+--------------------------------------+-----+
|  199  | 30.444652557373047 | 18.388509511947632 | 7.88661527633667 | [0.2259 0.393  0.4838 0.5489 0.619 ] | [0.2259     0.32208472 0.35931011 0.38181527 0.40303718] | [0.2259     0.131      0.09676    0.07841429 0.0619    ] | [0.2259 0.393  0.4838 0.5489 0.619 ] | 0.0 |
+-------+--------------------+--------------------+------------------+--------------------------------------+----------------------------------------------------------+----------------------------------------------------------+--------------------------------------+-----+
2022-03-09 20:41:51,649 - main.py[line:134] - INFO: early stopping at 199, hit_ratio@10:0.6190
