2022-03-09 06:14:59,988 - main.py[line:45] - INFO: dataset: yelp
2022-03-09 06:14:59,991 - main.py[line:46] - INFO: n_users: 19800
2022-03-09 06:14:59,992 - main.py[line:47] - INFO: n_items: 22734
2022-03-09 06:14:59,992 - main.py[line:48] - INFO: n_behaviors: 5
2022-03-09 06:14:59,993 - main.py[line:49] - INFO: n_interactions: 1400036
2022-03-09 06:14:59,994 - main.py[line:50] - INFO: Namespace(Ks='[1, 3, 5, 7, 10]', batch=258, batch_test_flag=True, behNum=5, cuda=True, data='yelp', dim=64, epoch=200, gpu_id=2, interactions=1400036, item=22734, lr=0.01, ls=0.5, n_hops=2, out_dir='./save/', save=True, save_path='tem', shuffle=True, test_flag='part', user=19800, weighted=True)
2022-03-09 06:15:05,299 - main.py[line:62] - INFO: MBRec(
  (Rconv): RGCNConv(
    (activate): LeakyReLU(negative_slope=0.01)
    (project): Linear(in_features=64, out_features=64, bias=False)
    (Ws): ModuleList(
      (0): Linear(in_features=64, out_features=64, bias=False)
      (1): Linear(in_features=64, out_features=64, bias=False)
      (2): Linear(in_features=64, out_features=64, bias=False)
      (3): Linear(in_features=64, out_features=64, bias=False)
    )
  )
  (FC1): Sequential(
    (0): Linear(in_features=256, out_features=64, bias=True)
  )
  (FC2): Linear(in_features=64, out_features=64, bias=True)
  (conbine): Sequential(
    (0): Linear(in_features=64, out_features=64, bias=True)
    (1): LeakyReLU(negative_slope=0.01)
    (2): Linear(in_features=64, out_features=1, bias=True)
  )
  (drop_out): Dropout(p=0.2, inplace=False)
  (activate): LeakyReLU(negative_slope=0.01)
  (layernorm): LayerNorm((64,), eps=1e-05, elementwise_affine=True)
  (projects): ModuleList(
    (0): Linear(in_features=64, out_features=64, bias=False)
    (1): Linear(in_features=64, out_features=64, bias=False)
    (2): Linear(in_features=64, out_features=64, bias=False)
    (3): Linear(in_features=64, out_features=64, bias=False)
  )
)
2022-03-09 06:15:05,299 - main.py[line:68] - INFO: start training ...
2022-03-09 06:15:28,035 - main.py[line:132] - INFO: using time 22.7347, training loss at epoch 0: 50.2711
2022-03-09 06:16:26,218 - main.py[line:114] - INFO: +-------+--------------------+-------------------+--------------------+--------------------------------------+----------------------------------------------------------+----------------------------------------------------------+--------------------------------------+-----+
| Epoch |   training time    |    tesing time    |        Loss        |                recall                |                           ndcg                           |                        precision                         |              hit_ratio               | auc |
+-------+--------------------+-------------------+--------------------+--------------------------------------+----------------------------------------------------------+----------------------------------------------------------+--------------------------------------+-----+
|   1   | 21.966347455978394 | 36.18279314041138 | 22.830501556396484 | [0.113  0.2797 0.3959 0.4856 0.5874] | [0.113      0.20819914 0.25579401 0.28678509 0.31762691] | [0.113      0.09323333 0.07918    0.06937143 0.05874   ] | [0.113  0.2797 0.3959 0.4856 0.5874] | 0.0 |
+-------+--------------------+-------------------+--------------------+--------------------------------------+----------------------------------------------------------+----------------------------------------------------------+--------------------------------------+-----+
2022-03-09 06:16:48,413 - main.py[line:132] - INFO: using time 22.0796, training loss at epoch 2: 12.8421
2022-03-09 06:17:11,328 - main.py[line:132] - INFO: using time 22.9035, training loss at epoch 3: 10.6296
2022-03-09 06:17:33,137 - main.py[line:132] - INFO: using time 21.7920, training loss at epoch 4: 9.6344
2022-03-09 06:17:55,664 - main.py[line:132] - INFO: using time 22.4649, training loss at epoch 5: 9.0278
2022-03-09 06:18:17,524 - main.py[line:132] - INFO: using time 21.8506, training loss at epoch 6: 8.4804
2022-03-09 06:18:40,179 - main.py[line:132] - INFO: using time 22.6435, training loss at epoch 7: 8.1117
2022-03-09 06:19:03,292 - main.py[line:132] - INFO: using time 23.1004, training loss at epoch 8: 7.8568
2022-03-09 06:20:01,214 - main.py[line:114] - INFO: +-------+--------------------+-------------------+-------------------+--------------------------------------+----------------------------------------------------------+----------------------------------------------------------+--------------------------------------+-----+
| Epoch |   training time    |    tesing time    |        Loss       |                recall                |                           ndcg                           |                        precision                         |              hit_ratio               | auc |
+-------+--------------------+-------------------+-------------------+--------------------------------------+----------------------------------------------------------+----------------------------------------------------------+--------------------------------------+-----+
|   9   | 21.605600357055664 | 36.29554581642151 | 7.567170143127441 | [0.2093 0.4414 0.5746 0.6623 0.756 ] | [0.2093     0.34340521 0.3981682  0.42844687 0.45689894] | [0.2093     0.14713333 0.11492    0.09461429 0.0756    ] | [0.2093 0.4414 0.5746 0.6623 0.756 ] | 0.0 |
+-------+--------------------+-------------------+-------------------+--------------------------------------+----------------------------------------------------------+----------------------------------------------------------+--------------------------------------+-----+
2022-03-09 06:20:23,605 - main.py[line:132] - INFO: using time 22.2920, training loss at epoch 10: 7.4966
2022-03-09 06:20:45,376 - main.py[line:132] - INFO: using time 21.7592, training loss at epoch 11: 7.3577
2022-03-09 06:21:06,352 - main.py[line:132] - INFO: using time 20.9661, training loss at epoch 12: 7.2159
2022-03-09 06:21:28,395 - main.py[line:132] - INFO: using time 22.0211, training loss at epoch 13: 7.1136
2022-03-09 06:21:51,081 - main.py[line:132] - INFO: using time 22.6697, training loss at epoch 14: 6.9267
2022-03-09 06:22:13,085 - main.py[line:132] - INFO: using time 21.9933, training loss at epoch 15: 6.7997
2022-03-09 06:22:36,460 - main.py[line:132] - INFO: using time 23.3642, training loss at epoch 16: 6.7553
2022-03-09 06:22:57,611 - main.py[line:132] - INFO: using time 21.1108, training loss at epoch 17: 6.6784
2022-03-09 06:23:20,572 - main.py[line:132] - INFO: using time 22.9522, training loss at epoch 18: 6.5664
2022-03-09 06:24:18,539 - main.py[line:114] - INFO: +-------+--------------------+-------------------+-------------------+--------------------------------------+----------------------------------------------------------+----------------------------------------------------------+--------------------------------------+-----+
| Epoch |   training time    |    tesing time    |        Loss       |                recall                |                           ndcg                           |                        precision                         |              hit_ratio               | auc |
+-------+--------------------+-------------------+-------------------+--------------------------------------+----------------------------------------------------------+----------------------------------------------------------+--------------------------------------+-----+
|   19  | 22.771132469177246 | 35.18496870994568 | 6.552892208099365 | [0.2407 0.4854 0.6233 0.7114 0.7985] | [0.2407     0.38223121 0.43893511 0.46944089 0.49580273] | [0.2407     0.1618     0.12466    0.10162857 0.07985   ] | [0.2407 0.4854 0.6233 0.7114 0.7985] | 0.0 |
+-------+--------------------+-------------------+-------------------+--------------------------------------+----------------------------------------------------------+----------------------------------------------------------+--------------------------------------+-----+
2022-03-09 06:24:41,430 - main.py[line:132] - INFO: using time 22.7367, training loss at epoch 20: 6.3943
2022-03-09 06:25:02,905 - main.py[line:132] - INFO: using time 21.4641, training loss at epoch 21: 6.3917
2022-03-09 06:25:25,662 - main.py[line:132] - INFO: using time 22.7465, training loss at epoch 22: 6.3504
2022-03-09 06:25:47,913 - main.py[line:132] - INFO: using time 22.2409, training loss at epoch 23: 6.2410
2022-03-09 06:26:09,789 - main.py[line:132] - INFO: using time 21.8557, training loss at epoch 24: 6.2111
2022-03-09 06:26:32,993 - main.py[line:132] - INFO: using time 23.1718, training loss at epoch 25: 6.1268
2022-03-09 06:26:55,333 - main.py[line:132] - INFO: using time 22.3168, training loss at epoch 26: 6.0952
2022-03-09 06:27:17,222 - main.py[line:132] - INFO: using time 21.8455, training loss at epoch 27: 6.1096
2022-03-09 06:27:39,100 - main.py[line:132] - INFO: using time 21.8684, training loss at epoch 28: 6.0235
2022-03-09 06:28:38,162 - main.py[line:114] - INFO: +-------+------------------+--------------------+-------------------+--------------------------------------+----------------------------------------------------------+----------------------------------------------------------+--------------------------------------+-----+
| Epoch |  training time   |    tesing time     |        Loss       |                recall                |                           ndcg                           |                        precision                         |              hit_ratio               | auc |
+-------+------------------+--------------------+-------------------+--------------------------------------+----------------------------------------------------------+----------------------------------------------------------+--------------------------------------+-----+
|   29  | 21.3959698677063 | 37.623236894607544 | 5.942407608032227 | [0.2537 0.5109 0.6505 0.7391 0.8211] | [0.2537     0.40214895 0.459585   0.49025059 0.51522617] | [0.2537     0.1703     0.1301     0.10558571 0.08211   ] | [0.2537 0.5109 0.6505 0.7391 0.8211] | 0.0 |
+-------+------------------+--------------------+-------------------+--------------------------------------+----------------------------------------------------------+----------------------------------------------------------+--------------------------------------+-----+
2022-03-09 06:28:59,954 - main.py[line:132] - INFO: using time 21.6416, training loss at epoch 30: 5.8686
2022-03-09 06:29:21,696 - main.py[line:132] - INFO: using time 21.7312, training loss at epoch 31: 5.8384
2022-03-09 06:29:42,923 - main.py[line:132] - INFO: using time 21.2166, training loss at epoch 32: 5.8244
2022-03-09 06:30:04,811 - main.py[line:132] - INFO: using time 21.8689, training loss at epoch 33: 5.7450
2022-03-09 06:30:27,653 - main.py[line:132] - INFO: using time 22.8308, training loss at epoch 34: 5.7363
2022-03-09 06:30:50,139 - main.py[line:132] - INFO: using time 22.4441, training loss at epoch 35: 5.6773
2022-03-09 06:31:13,321 - main.py[line:132] - INFO: using time 23.1677, training loss at epoch 36: 5.6567
2022-03-09 06:31:35,482 - main.py[line:132] - INFO: using time 22.1501, training loss at epoch 37: 5.6404
2022-03-09 06:31:57,000 - main.py[line:132] - INFO: using time 21.4974, training loss at epoch 38: 5.6036
2022-03-09 06:32:55,370 - main.py[line:114] - INFO: +-------+-------------------+--------------------+-------------------+--------------------------------------+----------------------------------------------------------+----------------------------------------------------------+--------------------------------------+-----+
| Epoch |   training time   |    tesing time     |        Loss       |                recall                |                           ndcg                           |                        precision                         |              hit_ratio               | auc |
+-------+-------------------+--------------------+-------------------+--------------------------------------+----------------------------------------------------------+----------------------------------------------------------+--------------------------------------+-----+
|   39  | 21.85587763786316 | 36.501545667648315 | 5.491884231567383 | [0.2664 0.5243 0.6623 0.7469 0.8305] | [0.2664     0.41576195 0.47262286 0.50184303 0.52724507] | [0.2664     0.17476667 0.13246    0.1067     0.08305   ] | [0.2664 0.5243 0.6623 0.7469 0.8305] | 0.0 |
+-------+-------------------+--------------------+-------------------+--------------------------------------+----------------------------------------------------------+----------------------------------------------------------+--------------------------------------+-----+
2022-03-09 06:33:17,110 - main.py[line:132] - INFO: using time 21.6795, training loss at epoch 40: 5.5226
2022-03-09 06:33:39,494 - main.py[line:132] - INFO: using time 22.3748, training loss at epoch 41: 5.4852
2022-03-09 06:34:02,740 - main.py[line:132] - INFO: using time 23.2102, training loss at epoch 42: 5.3977
2022-03-09 06:34:24,871 - main.py[line:132] - INFO: using time 22.0941, training loss at epoch 43: 5.4432
2022-03-09 06:34:47,181 - main.py[line:132] - INFO: using time 22.2990, training loss at epoch 44: 5.4255
2022-03-09 06:35:10,096 - main.py[line:132] - INFO: using time 22.9000, training loss at epoch 45: 5.3920
2022-03-09 06:35:31,775 - main.py[line:132] - INFO: using time 21.6544, training loss at epoch 46: 5.3320
2022-03-09 06:35:53,998 - main.py[line:132] - INFO: using time 22.1974, training loss at epoch 47: 5.3288
2022-03-09 06:36:17,838 - main.py[line:132] - INFO: using time 23.7815, training loss at epoch 48: 5.2968
2022-03-09 06:37:20,716 - main.py[line:114] - INFO: +-------+--------------------+--------------------+-------------------+--------------------------------------+----------------------------------------------------------+----------------------------------------------------------+--------------------------------------+-----+
| Epoch |   training time    |    tesing time     |        Loss       |                recall                |                           ndcg                           |                        precision                         |              hit_ratio               | auc |
+-------+--------------------+--------------------+-------------------+--------------------------------------+----------------------------------------------------------+----------------------------------------------------------+--------------------------------------+-----+
|   49  | 21.138132095336914 | 41.728214502334595 | 5.281501293182373 | [0.2725 0.5312 0.6727 0.7578 0.8388] | [0.2725     0.42185607 0.48018929 0.5096539  0.53417677] | [0.2725     0.17706667 0.13454    0.10825714 0.08388   ] | [0.2725 0.5312 0.6727 0.7578 0.8388] | 0.0 |
+-------+--------------------+--------------------+-------------------+--------------------------------------+----------------------------------------------------------+----------------------------------------------------------+--------------------------------------+-----+
2022-03-09 06:37:42,590 - main.py[line:132] - INFO: using time 21.7064, training loss at epoch 50: 5.2162
2022-03-09 06:38:04,968 - main.py[line:132] - INFO: using time 22.3460, training loss at epoch 51: 5.1497
2022-03-09 06:38:27,475 - main.py[line:132] - INFO: using time 22.4762, training loss at epoch 52: 5.1675
2022-03-09 06:38:50,985 - main.py[line:132] - INFO: using time 23.4918, training loss at epoch 53: 5.2220
2022-03-09 06:39:13,821 - main.py[line:132] - INFO: using time 22.8139, training loss at epoch 54: 5.1420
2022-03-09 06:39:36,232 - main.py[line:132] - INFO: using time 22.3882, training loss at epoch 55: 5.0982
2022-03-09 06:39:58,360 - main.py[line:132] - INFO: using time 22.1031, training loss at epoch 56: 5.1489
2022-03-09 06:40:20,983 - main.py[line:132] - INFO: using time 22.5920, training loss at epoch 57: 5.0741
2022-03-09 06:40:43,311 - main.py[line:132] - INFO: using time 22.2899, training loss at epoch 58: 5.0856
2022-03-09 06:41:47,636 - main.py[line:114] - INFO: +-------+-------------------+--------------------+-------------------+--------------------------------------+----------------------------------------------------------+----------------------------------------------------------+--------------------------------------+-----+
| Epoch |   training time   |    tesing time     |        Loss       |                recall                |                           ndcg                           |                        precision                         |              hit_ratio               | auc |
+-------+-------------------+--------------------+-------------------+--------------------------------------+----------------------------------------------------------+----------------------------------------------------------+--------------------------------------+-----+
|   59  | 23.24272131919861 | 41.056676149368286 | 4.981176376342773 | [0.281  0.5491 0.6892 0.7748 0.8545] | [0.281      0.43607732 0.49369365 0.52326774 0.54743591] | [0.281      0.18303333 0.13784    0.11068571 0.08545   ] | [0.281  0.5491 0.6892 0.7748 0.8545] | 0.0 |
+-------+-------------------+--------------------+-------------------+--------------------------------------+----------------------------------------------------------+----------------------------------------------------------+--------------------------------------+-----+
2022-03-09 06:42:10,230 - main.py[line:132] - INFO: using time 22.3681, training loss at epoch 60: 5.0501
2022-03-09 06:42:33,156 - main.py[line:132] - INFO: using time 22.9101, training loss at epoch 61: 5.0246
2022-03-09 06:42:56,197 - main.py[line:132] - INFO: using time 22.9911, training loss at epoch 62: 5.0377
2022-03-09 06:43:18,474 - main.py[line:132] - INFO: using time 22.2348, training loss at epoch 63: 4.9617
2022-03-09 06:43:41,754 - main.py[line:132] - INFO: using time 23.2517, training loss at epoch 64: 4.9865
2022-03-09 06:44:04,818 - main.py[line:132] - INFO: using time 23.0344, training loss at epoch 65: 4.9506
2022-03-09 06:44:28,155 - main.py[line:132] - INFO: using time 23.3065, training loss at epoch 66: 4.9668
2022-03-09 06:44:51,739 - main.py[line:132] - INFO: using time 23.5573, training loss at epoch 67: 4.9314
2022-03-09 06:45:14,506 - main.py[line:132] - INFO: using time 22.7524, training loss at epoch 68: 4.8781
2022-03-09 06:46:19,311 - main.py[line:114] - INFO: +-------+--------------------+-------------------+-------------------+--------------------------------------+----------------------------------------------------------+----------------------------------------------------------+--------------------------------------+-----+
| Epoch |   training time    |    tesing time    |        Loss       |                recall                |                           ndcg                           |                        precision                         |              hit_ratio               | auc |
+-------+--------------------+-------------------+-------------------+--------------------------------------+----------------------------------------------------------+----------------------------------------------------------+--------------------------------------+-----+
|   69  | 22.571141004562378 | 42.21846914291382 | 4.924022197723389 | [0.2931 0.5619 0.6931 0.7788 0.8556] | [0.2931     0.44865825 0.50279653 0.53243141 0.55570498] | [0.2931     0.1873     0.13862    0.11125714 0.08556   ] | [0.2931 0.5619 0.6931 0.7788 0.8556] | 0.0 |
+-------+--------------------+-------------------+-------------------+--------------------------------------+----------------------------------------------------------+----------------------------------------------------------+--------------------------------------+-----+
2022-03-09 06:46:43,522 - main.py[line:132] - INFO: using time 24.1548, training loss at epoch 70: 4.8950
2022-03-09 06:47:06,613 - main.py[line:132] - INFO: using time 23.0668, training loss at epoch 71: 4.8420
2022-03-09 06:47:28,502 - main.py[line:132] - INFO: using time 21.8799, training loss at epoch 72: 4.8925
2022-03-09 06:47:51,165 - main.py[line:132] - INFO: using time 22.6227, training loss at epoch 73: 4.8545
2022-03-09 06:48:13,823 - main.py[line:132] - INFO: using time 22.6308, training loss at epoch 74: 4.8176
2022-03-09 06:48:36,917 - main.py[line:132] - INFO: using time 23.0700, training loss at epoch 75: 4.7576
2022-03-09 06:48:59,030 - main.py[line:132] - INFO: using time 22.0777, training loss at epoch 76: 4.8602
2022-03-09 06:49:21,909 - main.py[line:132] - INFO: using time 22.8569, training loss at epoch 77: 4.7844
2022-03-09 06:49:45,288 - main.py[line:132] - INFO: using time 23.3566, training loss at epoch 78: 4.8001
2022-03-09 06:50:49,706 - main.py[line:114] - INFO: +-------+-----------------+-------------------+-------------------+--------------------------------------+----------------------------------------------------------+----------------------------------------------------------+--------------------------------------+-----+
| Epoch |  training time  |    tesing time    |        Loss       |                recall                |                           ndcg                           |                        precision                         |              hit_ratio               | auc |
+-------+-----------------+-------------------+-------------------+--------------------------------------+----------------------------------------------------------+----------------------------------------------------------+--------------------------------------+-----+
|   79  | 22.299724817276 | 42.09172797203064 | 4.728243350982666 | [0.2941 0.5714 0.704  0.7855 0.8598] | [0.2941     0.45521755 0.50976595 0.53797338 0.5604844 ] | [0.2941     0.19046667 0.1408     0.11221429 0.08598   ] | [0.2941 0.5714 0.704  0.7855 0.8598] | 0.0 |
+-------+-----------------+-------------------+-------------------+--------------------------------------+----------------------------------------------------------+----------------------------------------------------------+--------------------------------------+-----+
2022-03-09 06:51:12,959 - main.py[line:132] - INFO: using time 23.1143, training loss at epoch 80: 4.7701
2022-03-09 06:51:35,640 - main.py[line:132] - INFO: using time 22.6521, training loss at epoch 81: 4.7007
2022-03-09 06:51:59,478 - main.py[line:132] - INFO: using time 23.8248, training loss at epoch 82: 4.7702
2022-03-09 06:52:23,021 - main.py[line:132] - INFO: using time 23.5147, training loss at epoch 83: 4.7483
2022-03-09 06:52:45,453 - main.py[line:132] - INFO: using time 22.4201, training loss at epoch 84: 4.7198
2022-03-09 06:53:09,092 - main.py[line:132] - INFO: using time 23.6240, training loss at epoch 85: 4.7234
2022-03-09 06:53:32,520 - main.py[line:132] - INFO: using time 23.4128, training loss at epoch 86: 4.6771
2022-03-09 06:53:56,785 - main.py[line:132] - INFO: using time 24.2434, training loss at epoch 87: 4.6592
2022-03-09 06:54:19,282 - main.py[line:132] - INFO: using time 22.4706, training loss at epoch 88: 4.7166
2022-03-09 06:55:21,255 - main.py[line:114] - INFO: +-------+--------------------+--------------------+------------------+--------------------------------------+----------------------------------------------------------+----------------------------------------------------------+--------------------------------------+-----+
| Epoch |   training time    |    tesing time     |       Loss       |                recall                |                           ndcg                           |                        precision                         |              hit_ratio               | auc |
+-------+--------------------+--------------------+------------------+--------------------------------------+----------------------------------------------------------+----------------------------------------------------------+--------------------------------------+-----+
|   89  | 23.248220920562744 | 38.686445474624634 | 4.62497091293335 | [0.2982 0.5673 0.7053 0.7884 0.8615] | [0.2982     0.45414392 0.51101798 0.53970613 0.56189288] | [0.2982     0.1891     0.14106    0.11262857 0.08615   ] | [0.2982 0.5673 0.7053 0.7884 0.8615] | 0.0 |
+-------+--------------------+--------------------+------------------+--------------------------------------+----------------------------------------------------------+----------------------------------------------------------+--------------------------------------+-----+
2022-03-09 06:55:43,926 - main.py[line:132] - INFO: using time 22.5518, training loss at epoch 90: 4.6383
2022-03-09 06:56:06,340 - main.py[line:132] - INFO: using time 22.4039, training loss at epoch 91: 4.6394
2022-03-09 06:56:29,350 - main.py[line:132] - INFO: using time 22.9883, training loss at epoch 92: 4.6094
2022-03-09 06:56:51,970 - main.py[line:132] - INFO: using time 22.6034, training loss at epoch 93: 4.6177
2022-03-09 06:57:14,130 - main.py[line:132] - INFO: using time 22.1450, training loss at epoch 94: 4.6351
2022-03-09 06:57:37,220 - main.py[line:132] - INFO: using time 23.0529, training loss at epoch 95: 4.5305
2022-03-09 06:58:00,571 - main.py[line:132] - INFO: using time 23.3265, training loss at epoch 96: 4.6740
2022-03-09 06:58:24,088 - main.py[line:132] - INFO: using time 23.4969, training loss at epoch 97: 4.5865
2022-03-09 06:58:46,107 - main.py[line:132] - INFO: using time 22.0078, training loss at epoch 98: 4.5755
2022-03-09 06:59:51,552 - main.py[line:114] - INFO: +-------+-------------------+--------------------+-------------------+--------------------------------------+----------------------------------------------------------+----------------------------------------------------------+--------------------------------------+-----+
| Epoch |   training time   |    tesing time     |        Loss       |                recall                |                           ndcg                           |                        precision                         |              hit_ratio               | auc |
+-------+-------------------+--------------------+-------------------+--------------------------------------+----------------------------------------------------------+----------------------------------------------------------+--------------------------------------+-----+
|   99  | 22.99482488632202 | 42.436381578445435 | 4.558429718017578 | [0.3038 0.5838 0.7096 0.7908 0.8649] | [0.3038     0.46567836 0.51746908 0.5455948  0.56809483] | [0.3038     0.1946     0.14192    0.11297143 0.08649   ] | [0.3038 0.5838 0.7096 0.7908 0.8649] | 0.0 |
+-------+-------------------+--------------------+-------------------+--------------------------------------+----------------------------------------------------------+----------------------------------------------------------+--------------------------------------+-----+
2022-03-09 07:00:14,780 - main.py[line:132] - INFO: using time 22.9979, training loss at epoch 100: 4.5667
2022-03-09 07:00:36,580 - main.py[line:132] - INFO: using time 21.7601, training loss at epoch 101: 4.5456
2022-03-09 07:00:59,373 - main.py[line:132] - INFO: using time 22.7688, training loss at epoch 102: 4.5235
2022-03-09 07:01:22,038 - main.py[line:132] - INFO: using time 22.6421, training loss at epoch 103: 4.5043
2022-03-09 07:01:45,193 - main.py[line:132] - INFO: using time 23.1353, training loss at epoch 104: 4.4648
2022-03-09 07:02:08,283 - main.py[line:132] - INFO: using time 23.0671, training loss at epoch 105: 4.5275
2022-03-09 07:02:31,034 - main.py[line:132] - INFO: using time 22.7369, training loss at epoch 106: 4.5148
2022-03-09 07:02:54,236 - main.py[line:132] - INFO: using time 23.1855, training loss at epoch 107: 4.4436
2022-03-09 07:03:17,622 - main.py[line:132] - INFO: using time 23.3648, training loss at epoch 108: 4.5004
2022-03-09 07:04:23,321 - main.py[line:114] - INFO: +-------+--------------------+------------------+-------------------+--------------------------------------+----------------------------------------------------------+----------------------------------------------------------+--------------------------------------+-----+
| Epoch |   training time    |   tesing time    |        Loss       |                recall                |                           ndcg                           |                        precision                         |              hit_ratio               | auc |
+-------+--------------------+------------------+-------------------+--------------------------------------+----------------------------------------------------------+----------------------------------------------------------+--------------------------------------+-----+
|  109  | 23.005415678024292 | 42.6819281578064 | 4.517100811004639 | [0.3061 0.5794 0.712  0.7942 0.8665] | [0.3061     0.46465455 0.51930813 0.54779006 0.56975162] | [0.3061     0.19313333 0.1424     0.11345714 0.08665   ] | [0.3061 0.5794 0.712  0.7942 0.8665] | 0.0 |
+-------+--------------------+------------------+-------------------+--------------------------------------+----------------------------------------------------------+----------------------------------------------------------+--------------------------------------+-----+
2022-03-09 07:04:46,034 - main.py[line:132] - INFO: using time 22.6171, training loss at epoch 110: 4.4891
2022-03-09 07:05:09,069 - main.py[line:132] - INFO: using time 23.0025, training loss at epoch 111: 4.4974
2022-03-09 07:05:31,814 - main.py[line:132] - INFO: using time 22.7154, training loss at epoch 112: 4.5279
2022-03-09 07:05:53,743 - main.py[line:132] - INFO: using time 21.9055, training loss at epoch 113: 4.4341
2022-03-09 07:06:16,491 - main.py[line:132] - INFO: using time 22.7252, training loss at epoch 114: 4.4209
2022-03-09 07:06:39,367 - main.py[line:132] - INFO: using time 22.8574, training loss at epoch 115: 4.4403
2022-03-09 07:07:01,556 - main.py[line:132] - INFO: using time 22.1717, training loss at epoch 116: 4.4012
2022-03-09 07:07:24,818 - main.py[line:132] - INFO: using time 23.2436, training loss at epoch 117: 4.4683
2022-03-09 07:07:47,866 - main.py[line:132] - INFO: using time 23.0262, training loss at epoch 118: 4.4398
2022-03-09 07:08:53,366 - main.py[line:114] - INFO: +-------+--------------------+-------------------+-------------------+--------------------------------------+----------------------------------------------------------+----------------------------------------------------------+--------------------------------------+-----+
| Epoch |   training time    |    tesing time    |        Loss       |                recall                |                           ndcg                           |                        precision                         |              hit_ratio               | auc |
+-------+--------------------+-------------------+-------------------+--------------------------------------+----------------------------------------------------------+----------------------------------------------------------+--------------------------------------+-----+
|  119  | 23.276517152786255 | 42.20191740989685 | 4.425984859466553 | [0.305  0.5759 0.7128 0.7913 0.8659] | [0.305      0.46232836 0.51872429 0.54585166 0.56847535] | [0.305      0.19196667 0.14256    0.11304286 0.08659   ] | [0.305  0.5759 0.7128 0.7913 0.8659] | 0.0 |
+-------+--------------------+-------------------+-------------------+--------------------------------------+----------------------------------------------------------+----------------------------------------------------------+--------------------------------------+-----+
2022-03-09 07:09:16,825 - main.py[line:132] - INFO: using time 23.4447, training loss at epoch 120: 4.4255
2022-03-09 07:09:39,388 - main.py[line:132] - INFO: using time 22.5553, training loss at epoch 121: 4.3934
2022-03-09 07:10:01,970 - main.py[line:132] - INFO: using time 22.5177, training loss at epoch 122: 4.4342
2022-03-09 07:10:24,337 - main.py[line:132] - INFO: using time 22.3573, training loss at epoch 123: 4.3731
2022-03-09 07:10:46,489 - main.py[line:132] - INFO: using time 22.1233, training loss at epoch 124: 4.4351
2022-03-09 07:11:08,536 - main.py[line:132] - INFO: using time 22.0096, training loss at epoch 125: 4.3913
2022-03-09 07:11:31,518 - main.py[line:132] - INFO: using time 22.9459, training loss at epoch 126: 4.3954
2022-03-09 07:11:54,192 - main.py[line:132] - INFO: using time 22.6503, training loss at epoch 127: 4.3866
2022-03-09 07:12:17,135 - main.py[line:132] - INFO: using time 22.9133, training loss at epoch 128: 4.3993
2022-03-09 07:13:22,055 - main.py[line:114] - INFO: +-------+------------------+--------------------+-------------------+--------------------------------------+----------------------------------------------------------+----------------------------------------------------------+--------------------------------------+-----+
| Epoch |  training time   |    tesing time     |        Loss       |                recall                |                           ndcg                           |                        precision                         |              hit_ratio               | auc |
+-------+------------------+--------------------+-------------------+--------------------------------------+----------------------------------------------------------+----------------------------------------------------------+--------------------------------------+-----+
|  129  | 23.6441547870636 | 41.260605335235596 | 4.343146324157715 | [0.3112 0.586  0.7201 0.7987 0.8699] | [0.3112     0.46995464 0.5252893  0.55245915 0.57397717] | [0.3112     0.19533333 0.14402    0.1141     0.08699   ] | [0.3112 0.586  0.7201 0.7987 0.8699] | 0.0 |
+-------+------------------+--------------------+-------------------+--------------------------------------+----------------------------------------------------------+----------------------------------------------------------+--------------------------------------+-----+
2022-03-09 07:13:45,145 - main.py[line:132] - INFO: using time 23.0105, training loss at epoch 130: 4.3348
2022-03-09 07:14:09,131 - main.py[line:132] - INFO: using time 23.9724, training loss at epoch 131: 4.3266
2022-03-09 07:14:31,597 - main.py[line:132] - INFO: using time 22.4529, training loss at epoch 132: 4.3136
2022-03-09 07:14:54,373 - main.py[line:132] - INFO: using time 22.7342, training loss at epoch 133: 4.3179
2022-03-09 07:15:16,942 - main.py[line:132] - INFO: using time 22.5266, training loss at epoch 134: 4.2910
2022-03-09 07:15:39,131 - main.py[line:132] - INFO: using time 22.1746, training loss at epoch 135: 4.3742
2022-03-09 07:16:01,769 - main.py[line:132] - INFO: using time 22.5859, training loss at epoch 136: 4.3085
2022-03-09 07:16:24,553 - main.py[line:132] - INFO: using time 22.7654, training loss at epoch 137: 4.3270
2022-03-09 07:16:46,998 - main.py[line:132] - INFO: using time 22.4253, training loss at epoch 138: 4.2852
2022-03-09 07:17:51,166 - main.py[line:114] - INFO: +-------+--------------------+--------------------+-------------------+--------------------------------------+----------------------------------------------------------+----------------------------------------------------------+--------------------------------------+-----+
| Epoch |   training time    |    tesing time     |        Loss       |                recall                |                           ndcg                           |                        precision                         |              hit_ratio               | auc |
+-------+--------------------+--------------------+-------------------+--------------------------------------+----------------------------------------------------------+----------------------------------------------------------+--------------------------------------+-----+
|  139  | 23.380129098892212 | 40.764527559280396 | 4.282965660095215 | [0.3132 0.5856 0.718  0.7968 0.8658] | [0.3132     0.47087248 0.52542678 0.55272963 0.57363266] | [0.3132     0.1952     0.1436     0.11382857 0.08658   ] | [0.3132 0.5856 0.718  0.7968 0.8658] | 0.0 |
+-------+--------------------+--------------------+-------------------+--------------------------------------+----------------------------------------------------------+----------------------------------------------------------+--------------------------------------+-----+
2022-03-09 07:18:13,865 - main.py[line:132] - INFO: using time 22.6570, training loss at epoch 140: 4.2727
2022-03-09 07:18:37,413 - main.py[line:132] - INFO: using time 23.5312, training loss at epoch 141: 4.3108
2022-03-09 07:19:01,425 - main.py[line:132] - INFO: using time 23.9747, training loss at epoch 142: 4.3337
2022-03-09 07:19:24,578 - main.py[line:132] - INFO: using time 23.1174, training loss at epoch 143: 4.3080
2022-03-09 07:19:49,061 - main.py[line:132] - INFO: using time 24.4467, training loss at epoch 144: 4.2441
2022-03-09 07:20:11,371 - main.py[line:132] - INFO: using time 22.3012, training loss at epoch 145: 4.2945
2022-03-09 07:20:33,026 - main.py[line:132] - INFO: using time 21.6449, training loss at epoch 146: 4.2808
2022-03-09 07:20:56,023 - main.py[line:132] - INFO: using time 22.9854, training loss at epoch 147: 4.2421
2022-03-09 07:21:17,921 - main.py[line:132] - INFO: using time 21.8874, training loss at epoch 148: 4.2702
2022-03-09 07:22:21,161 - main.py[line:114] - INFO: +-------+--------------------+-------------------+-----------------+--------------------------------------+----------------------------------------------------------+----------------------------------------------------------+--------------------------------------+-----+
| Epoch |   training time    |    tesing time    |       Loss      |                recall                |                           ndcg                           |                        precision                         |              hit_ratio               | auc |
+-------+--------------------+-------------------+-----------------+--------------------------------------+----------------------------------------------------------+----------------------------------------------------------+--------------------------------------+-----+
|  149  | 22.700812339782715 | 40.46884751319885 | 4.2965087890625 | [0.3087 0.589  0.7209 0.799  0.8697] | [0.3087     0.4706629  0.52498871 0.55205365 0.57358083] | [0.3087     0.19633333 0.14418    0.11414286 0.08697   ] | [0.3087 0.589  0.7209 0.799  0.8697] | 0.0 |
+-------+--------------------+-------------------+-----------------+--------------------------------------+----------------------------------------------------------+----------------------------------------------------------+--------------------------------------+-----+
2022-03-09 07:22:44,689 - main.py[line:132] - INFO: using time 23.4967, training loss at epoch 150: 4.2550
2022-03-09 07:23:07,823 - main.py[line:132] - INFO: using time 23.1097, training loss at epoch 151: 4.2085
2022-03-09 07:23:31,582 - main.py[line:132] - INFO: using time 23.7342, training loss at epoch 152: 4.1837
2022-03-09 07:23:55,138 - main.py[line:132] - INFO: using time 23.5195, training loss at epoch 153: 4.2096
2022-03-09 07:24:18,111 - main.py[line:132] - INFO: using time 22.9508, training loss at epoch 154: 4.2475
2022-03-09 07:24:41,154 - main.py[line:132] - INFO: using time 23.0323, training loss at epoch 155: 4.2678
2022-03-09 07:25:03,985 - main.py[line:132] - INFO: using time 22.8212, training loss at epoch 156: 4.2371
2022-03-09 07:25:26,419 - main.py[line:132] - INFO: using time 22.4221, training loss at epoch 157: 4.2119
2022-03-09 07:25:49,566 - main.py[line:132] - INFO: using time 23.1343, training loss at epoch 158: 4.2689
2022-03-09 07:26:51,997 - main.py[line:114] - INFO: +-------+--------------------+--------------------+-------------------+--------------------------------------+----------------------------------------------------------+----------------------------------------------------------+--------------------------------------+-----+
| Epoch |   training time    |    tesing time     |        Loss       |                recall                |                           ndcg                           |                        precision                         |              hit_ratio               | auc |
+-------+--------------------+--------------------+-------------------+--------------------------------------+----------------------------------------------------------+----------------------------------------------------------+--------------------------------------+-----+
|  159  | 22.464320182800293 | 39.951239824295044 | 4.237478733062744 | [0.31   0.5938 0.7248 0.8026 0.8739] | [0.31       0.47453775 0.52856799 0.55548719 0.57710754] | [0.31       0.19793333 0.14496    0.11465714 0.08739   ] | [0.31   0.5938 0.7248 0.8026 0.8739] | 0.0 |
+-------+--------------------+--------------------+-------------------+--------------------------------------+----------------------------------------------------------+----------------------------------------------------------+--------------------------------------+-----+
2022-03-09 07:27:14,601 - main.py[line:132] - INFO: using time 22.4016, training loss at epoch 160: 4.2374
2022-03-09 07:27:38,137 - main.py[line:132] - INFO: using time 23.5047, training loss at epoch 161: 4.2186
2022-03-09 07:28:01,069 - main.py[line:132] - INFO: using time 22.9143, training loss at epoch 162: 4.2917
2022-03-09 07:28:23,272 - main.py[line:132] - INFO: using time 22.1697, training loss at epoch 163: 4.2050
2022-03-09 07:28:46,535 - main.py[line:132] - INFO: using time 23.2470, training loss at epoch 164: 4.2432
2022-03-09 07:29:08,734 - main.py[line:132] - INFO: using time 22.1761, training loss at epoch 165: 4.2193
2022-03-09 07:29:31,455 - main.py[line:132] - INFO: using time 22.6961, training loss at epoch 166: 4.2159
2022-03-09 07:29:53,686 - main.py[line:132] - INFO: using time 22.2076, training loss at epoch 167: 4.1992
2022-03-09 07:30:15,979 - main.py[line:132] - INFO: using time 22.2663, training loss at epoch 168: 4.1896
2022-03-09 07:31:23,248 - main.py[line:114] - INFO: +-------+--------------------+-------------------+-------------------+--------------------------------------+----------------------------------------------------------+----------------------------------------------------------+--------------------------------------+-----+
| Epoch |   training time    |    tesing time    |        Loss       |                recall                |                           ndcg                           |                        precision                         |              hit_ratio               | auc |
+-------+--------------------+-------------------+-------------------+--------------------------------------+----------------------------------------------------------+----------------------------------------------------------+--------------------------------------+-----+
|  169  | 23.433327198028564 | 43.82700538635254 | 4.181855201721191 | [0.3143 0.5938 0.7237 0.8023 0.8724] | [0.3143     0.47642589 0.52989036 0.55712425 0.57838432] | [0.3143     0.19793333 0.14474    0.11461429 0.08724   ] | [0.3143 0.5938 0.7237 0.8023 0.8724] | 0.0 |
+-------+--------------------+-------------------+-------------------+--------------------------------------+----------------------------------------------------------+----------------------------------------------------------+--------------------------------------+-----+
2022-03-09 07:31:45,289 - main.py[line:132] - INFO: using time 22.0245, training loss at epoch 170: 4.1496
2022-03-09 07:32:07,785 - main.py[line:132] - INFO: using time 22.4828, training loss at epoch 171: 4.1976
2022-03-09 07:32:30,983 - main.py[line:132] - INFO: using time 23.1597, training loss at epoch 172: 4.1547
2022-03-09 07:32:52,898 - main.py[line:132] - INFO: using time 21.8767, training loss at epoch 173: 4.1846
2022-03-09 07:33:16,196 - main.py[line:132] - INFO: using time 23.2825, training loss at epoch 174: 4.1586
2022-03-09 07:33:38,366 - main.py[line:132] - INFO: using time 22.1468, training loss at epoch 175: 4.1871
2022-03-09 07:34:00,841 - main.py[line:132] - INFO: using time 22.4577, training loss at epoch 176: 4.1026
2022-03-09 07:34:23,449 - main.py[line:132] - INFO: using time 22.5831, training loss at epoch 177: 4.1328
2022-03-09 07:34:46,647 - main.py[line:132] - INFO: using time 23.1588, training loss at epoch 178: 4.1618
2022-03-09 07:35:51,674 - main.py[line:114] - INFO: +-------+--------------------+-------------------+-------------------+--------------------------------------+----------------------------------------------------------+----------------------------------------------------------+--------------------------------------+-----+
| Epoch |   training time    |    tesing time    |        Loss       |                recall                |                           ndcg                           |                        precision                         |              hit_ratio               | auc |
+-------+--------------------+-------------------+-------------------+--------------------------------------+----------------------------------------------------------+----------------------------------------------------------+--------------------------------------+-----+
|  179  | 23.496071338653564 | 41.52024269104004 | 4.104720115661621 | [0.3122 0.593  0.7239 0.8032 0.8762] | [0.3122     0.47471404 0.52863547 0.5560661  0.57819462] | [0.3122     0.19766667 0.14478    0.11474286 0.08762   ] | [0.3122 0.593  0.7239 0.8032 0.8762] | 0.0 |
+-------+--------------------+-------------------+-------------------+--------------------------------------+----------------------------------------------------------+----------------------------------------------------------+--------------------------------------+-----+
2022-03-09 07:36:15,074 - main.py[line:132] - INFO: using time 23.3330, training loss at epoch 180: 4.1322
2022-03-09 07:36:39,727 - main.py[line:132] - INFO: using time 24.6368, training loss at epoch 181: 4.1280
2022-03-09 07:37:03,121 - main.py[line:132] - INFO: using time 23.3562, training loss at epoch 182: 4.1145
2022-03-09 07:37:24,929 - main.py[line:132] - INFO: using time 21.7963, training loss at epoch 183: 4.0901
2022-03-09 07:37:48,039 - main.py[line:132] - INFO: using time 23.0975, training loss at epoch 184: 4.0968
2022-03-09 07:38:12,263 - main.py[line:132] - INFO: using time 24.1851, training loss at epoch 185: 4.1508
2022-03-09 07:38:35,304 - main.py[line:132] - INFO: using time 22.9526, training loss at epoch 186: 4.1294
2022-03-09 07:38:58,302 - main.py[line:132] - INFO: using time 22.9867, training loss at epoch 187: 4.0856
2022-03-09 07:39:20,559 - main.py[line:132] - INFO: using time 22.2112, training loss at epoch 188: 4.1145
2022-03-09 07:40:22,084 - main.py[line:114] - INFO: +-------+-------------------+-------------------+-------------------+--------------------------------------+----------------------------------------------------------+----------------------------------------------------------+--------------------------------------+-----+
| Epoch |   training time   |    tesing time    |        Loss       |                recall                |                           ndcg                           |                        precision                         |              hit_ratio               | auc |
+-------+-------------------+-------------------+-------------------+--------------------------------------+----------------------------------------------------------+----------------------------------------------------------+--------------------------------------+-----+
|  189  | 22.57157611846924 | 38.91753029823303 | 4.096255779266357 | [0.3181 0.5987 0.7258 0.8033 0.8778] | [0.3181     0.48029145 0.5327297  0.55955118 0.58214406] | [0.3181     0.19956667 0.14516    0.11475714 0.08778   ] | [0.3181 0.5987 0.7258 0.8033 0.8778] | 0.0 |
+-------+-------------------+-------------------+-------------------+--------------------------------------+----------------------------------------------------------+----------------------------------------------------------+--------------------------------------+-----+
2022-03-09 07:40:44,834 - main.py[line:132] - INFO: using time 22.6050, training loss at epoch 190: 4.1004
2022-03-09 07:41:07,124 - main.py[line:132] - INFO: using time 22.2739, training loss at epoch 191: 4.1140
2022-03-09 07:41:30,950 - main.py[line:132] - INFO: using time 23.7893, training loss at epoch 192: 4.0663
2022-03-09 07:41:53,898 - main.py[line:132] - INFO: using time 22.9223, training loss at epoch 193: 4.1243
2022-03-09 07:42:17,379 - main.py[line:132] - INFO: using time 23.4653, training loss at epoch 194: 4.0778
2022-03-09 07:42:39,830 - main.py[line:132] - INFO: using time 22.4373, training loss at epoch 195: 4.1013
2022-03-09 07:43:03,172 - main.py[line:132] - INFO: using time 23.3077, training loss at epoch 196: 4.1203
2022-03-09 07:43:26,083 - main.py[line:132] - INFO: using time 22.8987, training loss at epoch 197: 4.0855
2022-03-09 07:43:48,663 - main.py[line:132] - INFO: using time 22.5701, training loss at epoch 198: 4.0454
2022-03-09 07:44:53,470 - main.py[line:114] - INFO: +-------+--------------------+-------------------+------------------+--------------------------------------+----------------------------------------------------------+----------------------------------------------------------+--------------------------------------+-----+
| Epoch |   training time    |    tesing time    |       Loss       |                recall                |                           ndcg                           |                        precision                         |              hit_ratio               | auc |
+-------+--------------------+-------------------+------------------+--------------------------------------+----------------------------------------------------------+----------------------------------------------------------+--------------------------------------+-----+
|  199  | 23.043687105178833 | 41.75020480155945 | 4.05962610244751 | [0.3261 0.594  0.73   0.804  0.8723] | [0.3261     0.48131299 0.53715917 0.56279111 0.58354191] | [0.3261     0.198      0.146      0.11485714 0.08723   ] | [0.3261 0.594  0.73   0.804  0.8723] | 0.0 |
+-------+--------------------+-------------------+------------------+--------------------------------------+----------------------------------------------------------+----------------------------------------------------------+--------------------------------------+-----+
2022-03-09 07:44:53,479 - main.py[line:134] - INFO: early stopping at 199, hit_ratio@10:0.8778
